ARM GAS  C:\Users\kirby\AppData\Local\Temp\ccmcAX5R.s 			page 1


   1              		.cpu cortex-m3
   2              		.arch armv7-m
   3              		.fpu softvfp
   4              		.eabi_attribute 20, 1
   5              		.eabi_attribute 21, 1
   6              		.eabi_attribute 23, 3
   7              		.eabi_attribute 24, 1
   8              		.eabi_attribute 25, 1
   9              		.eabi_attribute 26, 1
  10              		.eabi_attribute 30, 1
  11              		.eabi_attribute 34, 1
  12              		.eabi_attribute 18, 4
  13              		.file	"MS5837.c"
  14              		.text
  15              	.Ltext0:
  16              		.cfi_sections	.debug_frame
  17              		.section	.text.crc4,"ax",%progbits
  18              		.align	1
  19              		.syntax unified
  20              		.thumb
  21              		.thumb_func
  23              	crc4:
  24              	.LVL0:
  25              	.LFB69:
  26              		.file 1 "Drivers/STM32_MS5837/MS5837.c"
   1:Drivers/STM32_MS5837/MS5837.c **** #include "MS5837.h"
   2:Drivers/STM32_MS5837/MS5837.c **** 
   3:Drivers/STM32_MS5837/MS5837.c **** struct MS5837_values_t MS5837_values;
   4:Drivers/STM32_MS5837/MS5837.c **** struct MS5837_t MS5837;
   5:Drivers/STM32_MS5837/MS5837.c **** 
   6:Drivers/STM32_MS5837/MS5837.c **** static void I2C_send(uint8_t addr,I2C_HandleTypeDef *i2c_channel) {
   7:Drivers/STM32_MS5837/MS5837.c **** 	HAL_I2C_Master_Transmit(i2c_channel, MS5837_ADDR<<1, &addr, 1, 100 );
   8:Drivers/STM32_MS5837/MS5837.c **** }
   9:Drivers/STM32_MS5837/MS5837.c **** 
  10:Drivers/STM32_MS5837/MS5837.c **** static int8_t I2C_read8(uint8_t addr, I2C_HandleTypeDef *i2c_channel){
  11:Drivers/STM32_MS5837/MS5837.c **** 	uint8_t data=0;
  12:Drivers/STM32_MS5837/MS5837.c **** 	HAL_I2C_Master_Transmit(i2c_channel, MS5837_ADDR<<1, &addr, 1, 100 );
  13:Drivers/STM32_MS5837/MS5837.c **** 	HAL_Delay(20);
  14:Drivers/STM32_MS5837/MS5837.c **** 	HAL_I2C_Master_Receive(i2c_channel,MS5837_ADDR<<1,&data , 1, 100);
  15:Drivers/STM32_MS5837/MS5837.c **** 	return data;
  16:Drivers/STM32_MS5837/MS5837.c **** }
  17:Drivers/STM32_MS5837/MS5837.c **** 
  18:Drivers/STM32_MS5837/MS5837.c **** static int16_t I2C_read16(uint8_t addr, I2C_HandleTypeDef *i2c_channel){
  19:Drivers/STM32_MS5837/MS5837.c **** 	uint8_t dataArr[2] = {0,0};
  20:Drivers/STM32_MS5837/MS5837.c **** 	HAL_I2C_Master_Transmit(i2c_channel, MS5837_ADDR<<1, &addr, 1, 100);
  21:Drivers/STM32_MS5837/MS5837.c **** 	HAL_Delay(20);
  22:Drivers/STM32_MS5837/MS5837.c **** 	HAL_I2C_Master_Receive(i2c_channel, MS5837_ADDR<<1,dataArr, 2, 100);
  23:Drivers/STM32_MS5837/MS5837.c **** 	uint16_t data = (dataArr[0] << 8) | dataArr[1];
  24:Drivers/STM32_MS5837/MS5837.c **** 	return data;
  25:Drivers/STM32_MS5837/MS5837.c **** }
  26:Drivers/STM32_MS5837/MS5837.c **** 
  27:Drivers/STM32_MS5837/MS5837.c **** static int32_t I2C_read32(uint8_t addr, I2C_HandleTypeDef *i2c_channel){
  28:Drivers/STM32_MS5837/MS5837.c **** 	uint8_t dataArr[4] = {0,0,0,0};
  29:Drivers/STM32_MS5837/MS5837.c **** 	HAL_I2C_Master_Transmit(i2c_channel, MS5837_ADDR<<1, &addr, 1, 100 );
  30:Drivers/STM32_MS5837/MS5837.c **** 	HAL_Delay(20);
  31:Drivers/STM32_MS5837/MS5837.c **** 	HAL_I2C_Master_Receive(i2c_channel,MS5837_ADDR<<1,dataArr, 4, 100);
  32:Drivers/STM32_MS5837/MS5837.c **** 	uint32_t data = (dataArr[0] << 24) | (dataArr[1] << 16) | (dataArr[2] << 8) | dataArr[3];
ARM GAS  C:\Users\kirby\AppData\Local\Temp\ccmcAX5R.s 			page 2


  33:Drivers/STM32_MS5837/MS5837.c **** 	return data;
  34:Drivers/STM32_MS5837/MS5837.c **** }
  35:Drivers/STM32_MS5837/MS5837.c **** 
  36:Drivers/STM32_MS5837/MS5837.c **** static uint8_t crc4(uint16_t n_prom[]) {
  27              		.loc 1 36 40 view -0
  28              		.cfi_startproc
  29              		@ args = 0, pretend = 0, frame = 0
  30              		@ frame_needed = 0, uses_anonymous_args = 0
  31              		@ link register save eliminated.
  37:Drivers/STM32_MS5837/MS5837.c **** 	uint16_t n_rem = 0;
  32              		.loc 1 37 2 view .LVU1
  38:Drivers/STM32_MS5837/MS5837.c **** 
  39:Drivers/STM32_MS5837/MS5837.c **** 	n_prom[0] = ((n_prom[0]) & 0x0FFF);
  33              		.loc 1 39 2 view .LVU2
  34              		.loc 1 39 22 is_stmt 0 view .LVU3
  35 0000 0388     		ldrh	r3, [r0]
  36              		.loc 1 39 27 view .LVU4
  37 0002 C3F30B03 		ubfx	r3, r3, #0, #12
  38              		.loc 1 39 12 view .LVU5
  39 0006 0380     		strh	r3, [r0]	@ movhi
  40:Drivers/STM32_MS5837/MS5837.c **** 	n_prom[7] = 0;
  40              		.loc 1 40 2 is_stmt 1 view .LVU6
  41              		.loc 1 40 12 is_stmt 0 view .LVU7
  42 0008 0023     		movs	r3, #0
  43 000a C381     		strh	r3, [r0, #14]	@ movhi
  41:Drivers/STM32_MS5837/MS5837.c **** 
  42:Drivers/STM32_MS5837/MS5837.c **** 	for ( uint8_t i = 0 ; i < 16; i++ ) {
  44              		.loc 1 42 2 is_stmt 1 view .LVU8
  45              	.LBB2:
  46              		.loc 1 42 8 view .LVU9
  47              	.LVL1:
  48              		.loc 1 42 16 is_stmt 0 view .LVU10
  49 000c 1946     		mov	r1, r3
  50              		.loc 1 42 2 view .LVU11
  51 000e 15E0     		b	.L2
  52              	.LVL2:
  53              	.L3:
  43:Drivers/STM32_MS5837/MS5837.c **** 		if ( i%2 == 1 ) {
  44:Drivers/STM32_MS5837/MS5837.c **** 			n_rem ^= (uint16_t)((n_prom[i>>1]) & 0x00FF);
  45:Drivers/STM32_MS5837/MS5837.c **** 		} else {
  46:Drivers/STM32_MS5837/MS5837.c **** 			n_rem ^= (uint16_t)(n_prom[i>>1] >> 8);
  54              		.loc 1 46 4 is_stmt 1 view .LVU12
  55              		.loc 1 46 32 is_stmt 0 view .LVU13
  56 0010 4A08     		lsrs	r2, r1, #1
  57              		.loc 1 46 30 view .LVU14
  58 0012 30F81220 		ldrh	r2, [r0, r2, lsl #1]
  59              		.loc 1 46 10 view .LVU15
  60 0016 83EA1223 		eor	r3, r3, r2, lsr #8
  61              	.LVL3:
  62              		.loc 1 46 10 view .LVU16
  63 001a 19E0     		b	.L5
  64              	.LVL4:
  65              	.L6:
  66              	.LBB3:
  47:Drivers/STM32_MS5837/MS5837.c **** 		}
  48:Drivers/STM32_MS5837/MS5837.c **** 		for ( uint8_t n_bit = 8 ; n_bit > 0 ; n_bit-- ) {
  49:Drivers/STM32_MS5837/MS5837.c **** 			if ( n_rem & 0x8000 ) {
ARM GAS  C:\Users\kirby\AppData\Local\Temp\ccmcAX5R.s 			page 3


  50:Drivers/STM32_MS5837/MS5837.c **** 				n_rem = (n_rem << 1) ^ 0x3000;
  51:Drivers/STM32_MS5837/MS5837.c **** 			} else {
  52:Drivers/STM32_MS5837/MS5837.c **** 				n_rem = (n_rem << 1);
  67              		.loc 1 52 5 is_stmt 1 view .LVU17
  68              		.loc 1 52 11 is_stmt 0 view .LVU18
  69 001c 5B00     		lsls	r3, r3, #1
  70              	.LVL5:
  71              		.loc 1 52 11 view .LVU19
  72 001e 9BB2     		uxth	r3, r3
  73              	.LVL6:
  74              	.L7:
  48:Drivers/STM32_MS5837/MS5837.c **** 			if ( n_rem & 0x8000 ) {
  75              		.loc 1 48 41 is_stmt 1 discriminator 2 view .LVU20
  48:Drivers/STM32_MS5837/MS5837.c **** 			if ( n_rem & 0x8000 ) {
  76              		.loc 1 48 46 is_stmt 0 discriminator 2 view .LVU21
  77 0020 013A     		subs	r2, r2, #1
  78              	.LVL7:
  48:Drivers/STM32_MS5837/MS5837.c **** 			if ( n_rem & 0x8000 ) {
  79              		.loc 1 48 46 discriminator 2 view .LVU22
  80 0022 D2B2     		uxtb	r2, r2
  81              	.LVL8:
  82              	.L4:
  48:Drivers/STM32_MS5837/MS5837.c **** 			if ( n_rem & 0x8000 ) {
  83              		.loc 1 48 29 is_stmt 1 discriminator 1 view .LVU23
  48:Drivers/STM32_MS5837/MS5837.c **** 			if ( n_rem & 0x8000 ) {
  84              		.loc 1 48 3 is_stmt 0 discriminator 1 view .LVU24
  85 0024 42B1     		cbz	r2, .L10
  49:Drivers/STM32_MS5837/MS5837.c **** 				n_rem = (n_rem << 1) ^ 0x3000;
  86              		.loc 1 49 4 is_stmt 1 view .LVU25
  49:Drivers/STM32_MS5837/MS5837.c **** 				n_rem = (n_rem << 1) ^ 0x3000;
  87              		.loc 1 49 7 is_stmt 0 view .LVU26
  88 0026 13F4004F 		tst	r3, #32768
  89 002a F7D0     		beq	.L6
  50:Drivers/STM32_MS5837/MS5837.c **** 			} else {
  90              		.loc 1 50 5 is_stmt 1 view .LVU27
  50:Drivers/STM32_MS5837/MS5837.c **** 			} else {
  91              		.loc 1 50 20 is_stmt 0 view .LVU28
  92 002c 5B00     		lsls	r3, r3, #1
  93              	.LVL9:
  50:Drivers/STM32_MS5837/MS5837.c **** 			} else {
  94              		.loc 1 50 26 view .LVU29
  95 002e 83F44053 		eor	r3, r3, #12288
  96 0032 1BB2     		sxth	r3, r3
  50:Drivers/STM32_MS5837/MS5837.c **** 			} else {
  97              		.loc 1 50 11 view .LVU30
  98 0034 9BB2     		uxth	r3, r3
  99              	.LVL10:
  50:Drivers/STM32_MS5837/MS5837.c **** 			} else {
 100              		.loc 1 50 11 view .LVU31
 101 0036 F3E7     		b	.L7
 102              	.L10:
  50:Drivers/STM32_MS5837/MS5837.c **** 			} else {
 103              		.loc 1 50 11 view .LVU32
 104              	.LBE3:
  42:Drivers/STM32_MS5837/MS5837.c **** 		if ( i%2 == 1 ) {
 105              		.loc 1 42 32 is_stmt 1 discriminator 2 view .LVU33
  42:Drivers/STM32_MS5837/MS5837.c **** 		if ( i%2 == 1 ) {
ARM GAS  C:\Users\kirby\AppData\Local\Temp\ccmcAX5R.s 			page 4


 106              		.loc 1 42 33 is_stmt 0 discriminator 2 view .LVU34
 107 0038 0131     		adds	r1, r1, #1
 108              	.LVL11:
  42:Drivers/STM32_MS5837/MS5837.c **** 		if ( i%2 == 1 ) {
 109              		.loc 1 42 33 discriminator 2 view .LVU35
 110 003a C9B2     		uxtb	r1, r1
 111              	.LVL12:
 112              	.L2:
  42:Drivers/STM32_MS5837/MS5837.c **** 		if ( i%2 == 1 ) {
 113              		.loc 1 42 24 is_stmt 1 discriminator 1 view .LVU36
  42:Drivers/STM32_MS5837/MS5837.c **** 		if ( i%2 == 1 ) {
 114              		.loc 1 42 2 is_stmt 0 discriminator 1 view .LVU37
 115 003c 0F29     		cmp	r1, #15
 116 003e 09D8     		bhi	.L11
  43:Drivers/STM32_MS5837/MS5837.c **** 			n_rem ^= (uint16_t)((n_prom[i>>1]) & 0x00FF);
 117              		.loc 1 43 3 is_stmt 1 view .LVU38
  43:Drivers/STM32_MS5837/MS5837.c **** 			n_rem ^= (uint16_t)((n_prom[i>>1]) & 0x00FF);
 118              		.loc 1 43 6 is_stmt 0 view .LVU39
 119 0040 11F0010F 		tst	r1, #1
 120 0044 E4D0     		beq	.L3
  44:Drivers/STM32_MS5837/MS5837.c **** 		} else {
 121              		.loc 1 44 4 is_stmt 1 view .LVU40
  44:Drivers/STM32_MS5837/MS5837.c **** 		} else {
 122              		.loc 1 44 33 is_stmt 0 view .LVU41
 123 0046 4A08     		lsrs	r2, r1, #1
  44:Drivers/STM32_MS5837/MS5837.c **** 		} else {
 124              		.loc 1 44 31 view .LVU42
 125 0048 30F91220 		ldrsh	r2, [r0, r2, lsl #1]
  44:Drivers/STM32_MS5837/MS5837.c **** 		} else {
 126              		.loc 1 44 13 view .LVU43
 127 004c D2B2     		uxtb	r2, r2
  44:Drivers/STM32_MS5837/MS5837.c **** 		} else {
 128              		.loc 1 44 10 view .LVU44
 129 004e 5340     		eors	r3, r3, r2
 130              	.LVL13:
 131              	.L5:
  44:Drivers/STM32_MS5837/MS5837.c **** 		} else {
 132              		.loc 1 44 10 view .LVU45
 133              	.LBE2:
  36:Drivers/STM32_MS5837/MS5837.c **** 	uint16_t n_rem = 0;
 134              		.loc 1 36 40 discriminator 1 view .LVU46
 135 0050 0822     		movs	r2, #8
 136 0052 E7E7     		b	.L4
 137              	.L11:
  53:Drivers/STM32_MS5837/MS5837.c **** 			}
  54:Drivers/STM32_MS5837/MS5837.c **** 		}
  55:Drivers/STM32_MS5837/MS5837.c **** 	}
  56:Drivers/STM32_MS5837/MS5837.c **** 	
  57:Drivers/STM32_MS5837/MS5837.c **** 	n_rem = ((n_rem >> 12) & 0x000F);
 138              		.loc 1 57 2 is_stmt 1 view .LVU47
 139              	.LVL14:
  58:Drivers/STM32_MS5837/MS5837.c **** 
  59:Drivers/STM32_MS5837/MS5837.c **** 	return n_rem ^ 0x00;
 140              		.loc 1 59 2 view .LVU48
  60:Drivers/STM32_MS5837/MS5837.c **** }
 141              		.loc 1 60 1 is_stmt 0 view .LVU49
 142 0054 180B     		lsrs	r0, r3, #12
ARM GAS  C:\Users\kirby\AppData\Local\Temp\ccmcAX5R.s 			page 5


 143              	.LVL15:
 144              		.loc 1 60 1 view .LVU50
 145 0056 7047     		bx	lr
 146              		.cfi_endproc
 147              	.LFE69:
 149              		.global	__aeabi_ldivmod
 150              		.global	__aeabi_i2f
 151              		.global	__aeabi_fdiv
 152              		.section	.text.calculate,"ax",%progbits
 153              		.align	1
 154              		.syntax unified
 155              		.thumb
 156              		.thumb_func
 158              	calculate:
 159              	.LFB70:
  61:Drivers/STM32_MS5837/MS5837.c **** 
  62:Drivers/STM32_MS5837/MS5837.c **** static void calculate() {
 160              		.loc 1 62 25 is_stmt 1 view -0
 161              		.cfi_startproc
 162              		@ args = 0, pretend = 0, frame = 0
 163              		@ frame_needed = 0, uses_anonymous_args = 0
 164 0000 2DE9F041 		push	{r4, r5, r6, r7, r8, lr}
 165              	.LCFI0:
 166              		.cfi_def_cfa_offset 24
 167              		.cfi_offset 4, -24
 168              		.cfi_offset 5, -20
 169              		.cfi_offset 6, -16
 170              		.cfi_offset 7, -12
 171              		.cfi_offset 8, -8
 172              		.cfi_offset 14, -4
  63:Drivers/STM32_MS5837/MS5837.c **** 	
  64:Drivers/STM32_MS5837/MS5837.c **** 	int32_t dT = 0;
 173              		.loc 1 64 2 view .LVU52
 174              	.LVL16:
  65:Drivers/STM32_MS5837/MS5837.c **** 	int64_t SENS = 0;
 175              		.loc 1 65 2 view .LVU53
  66:Drivers/STM32_MS5837/MS5837.c **** 	int64_t OFF = 0;
 176              		.loc 1 66 2 view .LVU54
  67:Drivers/STM32_MS5837/MS5837.c **** 	int32_t SENSi = 0;
 177              		.loc 1 67 2 view .LVU55
  68:Drivers/STM32_MS5837/MS5837.c **** 	int32_t OFFi = 0;
 178              		.loc 1 68 2 view .LVU56
  69:Drivers/STM32_MS5837/MS5837.c **** 	int32_t Ti = 0;
 179              		.loc 1 69 2 view .LVU57
  70:Drivers/STM32_MS5837/MS5837.c **** 	int64_t OFF2 = 0;
 180              		.loc 1 70 2 view .LVU58
  71:Drivers/STM32_MS5837/MS5837.c **** 	int64_t SENS2 = 0;
 181              		.loc 1 71 2 view .LVU59
  72:Drivers/STM32_MS5837/MS5837.c **** 
  73:Drivers/STM32_MS5837/MS5837.c **** 	dT = MS5837_values.D2-(uint32_t)MS5837_values.C[5]*256l;
 182              		.loc 1 73 2 view .LVU60
 183              		.loc 1 73 20 is_stmt 0 view .LVU61
 184 0004 AE4B     		ldr	r3, .L58
 185 0006 DA69     		ldr	r2, [r3, #28]
 186              		.loc 1 73 49 view .LVU62
 187 0008 5B8A     		ldrh	r3, [r3, #18]
 188              		.loc 1 73 23 view .LVU63
ARM GAS  C:\Users\kirby\AppData\Local\Temp\ccmcAX5R.s 			page 6


 189 000a A2EB032C 		sub	ip, r2, r3, lsl #8
 190              	.LVL17:
  74:Drivers/STM32_MS5837/MS5837.c **** 	if (MS5837.model) {
 191              		.loc 1 74 2 is_stmt 1 view .LVU64
 192              		.loc 1 74 12 is_stmt 0 view .LVU65
 193 000e AD4B     		ldr	r3, .L58+4
 194 0010 1C78     		ldrb	r4, [r3]	@ zero_extendqisi2
 195              		.loc 1 74 5 view .LVU66
 196 0012 002C     		cmp	r4, #0
 197 0014 00F09B80 		beq	.L13
  75:Drivers/STM32_MS5837/MS5837.c **** 		SENS = (int64_t)MS5837_values.C[1]*65536l+((int64_t)MS5837_values.C[3]*dT)/128l;
 198              		.loc 1 75 3 is_stmt 1 view .LVU67
 199              		.loc 1 75 34 is_stmt 0 view .LVU68
 200 0018 A94A     		ldr	r2, .L58
 201 001a 5389     		ldrh	r3, [r2, #10]
 202              		.loc 1 75 37 view .LVU69
 203 001c 1D04     		lsls	r5, r3, #16
 204              		.loc 1 75 70 view .LVU70
 205 001e D189     		ldrh	r1, [r2, #14]
 206              		.loc 1 75 73 view .LVU71
 207 0020 4FEAEC76 		asr	r6, ip, #31
 208 0024 6046     		mov	r0, ip
 209 0026 A1FB0C32 		umull	r3, r2, r1, ip
 210 002a 01FB0622 		mla	r2, r1, r6, r2
 211              		.loc 1 75 77 view .LVU72
 212 002e 9646     		mov	lr, r2
 213 0030 002A     		cmp	r2, #0
 214 0032 79DB     		blt	.L40
 215              	.L14:
 216 0034 DB09     		lsrs	r3, r3, #7
 217 0036 43EA4E63 		orr	r3, r3, lr, lsl #25
 218 003a 4FEAEE1E 		asr	lr, lr, #7
 219              		.loc 1 75 8 view .LVU73
 220 003e EB18     		adds	r3, r5, r3
 221 0040 4EF1000E 		adc	lr, lr, #0
 222              	.LVL18:
  76:Drivers/STM32_MS5837/MS5837.c **** 		OFF = (int64_t)MS5837_values.C[2]*131072l+((int64_t)MS5837_values.C[4]*dT)/64l;
 223              		.loc 1 76 3 is_stmt 1 view .LVU74
 224              		.loc 1 76 33 is_stmt 0 view .LVU75
 225 0044 9E4D     		ldr	r5, .L58
 226 0046 AA89     		ldrh	r2, [r5, #12]
 227              		.loc 1 76 36 view .LVU76
 228 0048 D10B     		lsrs	r1, r2, #15
 229 004a 5204     		lsls	r2, r2, #17
 230              		.loc 1 76 70 view .LVU77
 231 004c 2F8A     		ldrh	r7, [r5, #16]
 232              		.loc 1 76 73 view .LVU78
 233 004e A0FB0705 		umull	r0, r5, r0, r7
 234 0052 07FB0655 		mla	r5, r7, r6, r5
 235              		.loc 1 76 77 view .LVU79
 236 0056 2E46     		mov	r6, r5
 237 0058 002D     		cmp	r5, #0
 238 005a 69DB     		blt	.L41
 239              	.L15:
 240 005c 8009     		lsrs	r0, r0, #6
 241 005e 40EA8660 		orr	r0, r0, r6, lsl #26
 242              		.loc 1 76 7 view .LVU80
ARM GAS  C:\Users\kirby\AppData\Local\Temp\ccmcAX5R.s 			page 7


 243 0062 1018     		adds	r0, r2, r0
 244 0064 41EBA611 		adc	r1, r1, r6, asr #6
 245              	.LVL19:
  77:Drivers/STM32_MS5837/MS5837.c **** 		MS5837_values.P = (MS5837_values.D1*SENS/(2097152l)-OFF)/(32768l);
 246              		.loc 1 77 3 is_stmt 1 view .LVU81
 247              		.loc 1 77 35 is_stmt 0 view .LVU82
 248 0068 954A     		ldr	r2, .L58
 249 006a 9569     		ldr	r5, [r2, #24]
 250              		.loc 1 77 38 view .LVU83
 251 006c A5FB0326 		umull	r2, r6, r5, r3
 252 0070 05FB0E66 		mla	r6, r5, lr, r6
 253              		.loc 1 77 43 view .LVU84
 254 0074 3546     		mov	r5, r6
 255 0076 002E     		cmp	r6, #0
 256 0078 5EDB     		blt	.L42
 257              	.L16:
 258 007a 520D     		lsrs	r2, r2, #21
 259 007c 42EAC522 		orr	r2, r2, r5, lsl #11
 260 0080 6D15     		asrs	r5, r5, #21
 261              		.loc 1 77 54 view .LVU85
 262 0082 121A     		subs	r2, r2, r0
 263 0084 65EB0105 		sbc	r5, r5, r1
 264              		.loc 1 77 59 view .LVU86
 265 0088 2E46     		mov	r6, r5
 266 008a 002D     		cmp	r5, #0
 267 008c 59DB     		blt	.L43
 268              	.L17:
 269 008e D20B     		lsrs	r2, r2, #15
 270 0090 42EA4642 		orr	r2, r2, r6, lsl #17
 271              		.loc 1 77 19 view .LVU87
 272 0094 8A4D     		ldr	r5, .L58
 273 0096 6A60     		str	r2, [r5, #4]
 274              	.LVL20:
 275              	.L18:
  78:Drivers/STM32_MS5837/MS5837.c **** 	} else {
  79:Drivers/STM32_MS5837/MS5837.c **** 		SENS = (int64_t)MS5837_values.C[1]*32768l+((int64_t)MS5837_values.C[3]*dT)/256l;
  80:Drivers/STM32_MS5837/MS5837.c **** 		OFF = (int64_t)MS5837_values.C[2]*65536l+((int64_t)MS5837_values.C[4]*dT)/128l;
  81:Drivers/STM32_MS5837/MS5837.c **** 		MS5837_values.P = (MS5837_values.D1*SENS/(2097152l)-OFF)/(8192l);
  82:Drivers/STM32_MS5837/MS5837.c **** 	}
  83:Drivers/STM32_MS5837/MS5837.c **** 
  84:Drivers/STM32_MS5837/MS5837.c **** 	MS5837_values.TEMP = 2000l+(int64_t)dT*MS5837_values.C[6]/8388608LL;
 276              		.loc 1 84 2 is_stmt 1 view .LVU88
 277              		.loc 1 84 29 is_stmt 0 view .LVU89
 278 0098 4FEAEC77 		asr	r7, ip, #31
 279 009c 6546     		mov	r5, ip
 280              		.loc 1 84 56 view .LVU90
 281 009e 884A     		ldr	r2, .L58
 282 00a0 B2F81480 		ldrh	r8, [r2, #20]
 283              		.loc 1 84 40 view .LVU91
 284 00a4 ACFB0826 		umull	r2, r6, ip, r8
 285 00a8 08FB0766 		mla	r6, r8, r7, r6
 286              		.loc 1 84 59 view .LVU92
 287 00ac B046     		mov	r8, r6
 288 00ae 002E     		cmp	r6, #0
 289 00b0 C0F2A180 		blt	.L44
 290              	.LVL21:
 291              	.L23:
ARM GAS  C:\Users\kirby\AppData\Local\Temp\ccmcAX5R.s 			page 8


 292              		.loc 1 84 59 view .LVU93
 293 00b4 D20D     		lsrs	r2, r2, #23
 294 00b6 42EA4822 		orr	r2, r2, r8, lsl #9
 295              		.loc 1 84 28 view .LVU94
 296 00ba 02F5FA62 		add	r2, r2, #2000
 297              		.loc 1 84 21 view .LVU95
 298 00be 804E     		ldr	r6, .L58
 299 00c0 3260     		str	r2, [r6]
  85:Drivers/STM32_MS5837/MS5837.c **** 
  86:Drivers/STM32_MS5837/MS5837.c **** 	if (MS5837.model) {
 300              		.loc 1 86 2 is_stmt 1 view .LVU96
 301              		.loc 1 86 5 is_stmt 0 view .LVU97
 302 00c2 002C     		cmp	r4, #0
 303 00c4 00F0A880 		beq	.L24
  87:Drivers/STM32_MS5837/MS5837.c **** 		if((MS5837_values.TEMP/100)<20){
 304              		.loc 1 87 3 is_stmt 1 view .LVU98
 305              		.loc 1 87 5 is_stmt 0 view .LVU99
 306 00c8 B2F5FA6F 		cmp	r2, #2000
 307 00cc 80F20081 		bge	.L38
  88:Drivers/STM32_MS5837/MS5837.c **** 			Ti = (11*(int64_t)dT*(int64_t)dT)/(34359738368LL);
 308              		.loc 1 88 4 is_stmt 1 view .LVU100
 309              		.loc 1 88 24 is_stmt 0 view .LVU101
 310 00d0 0CFB07F7 		mul	r7, ip, r7
 311 00d4 A5FB0558 		umull	r5, r8, r5, r5
 312              	.LVL22:
 313              		.loc 1 88 24 view .LVU102
 314 00d8 08EB4707 		add	r7, r8, r7, lsl #1
 315 00dc 6E19     		adds	r6, r5, r5
 316 00de 47EB0708 		adc	r8, r7, r7
 317 00e2 7619     		adds	r6, r6, r5
 318 00e4 47EB0808 		adc	r8, r7, r8
 319 00e8 4FEA8808 		lsl	r8, r8, #2
 320 00ec 48EA9678 		orr	r8, r8, r6, lsr #30
 321 00f0 B600     		lsls	r6, r6, #2
 322 00f2 761B     		subs	r6, r6, r5
 323 00f4 68EB0708 		sbc	r8, r8, r7
 324              		.loc 1 88 37 view .LVU103
 325 00f8 4546     		mov	r5, r8
 326 00fa B8F1000F 		cmp	r8, #0
 327 00fe C0F28180 		blt	.L45
 328              	.L26:
 329              		.loc 1 88 7 view .LVU104
 330 0102 EE10     		asrs	r6, r5, #3
 331              	.LVL23:
  89:Drivers/STM32_MS5837/MS5837.c **** 			OFFi = (31*(MS5837_values.TEMP-2000)*(MS5837_values.TEMP-2000))/8;
 332              		.loc 1 89 4 is_stmt 1 view .LVU105
 333              		.loc 1 89 34 is_stmt 0 view .LVU106
 334 0104 A2F5FA65 		sub	r5, r2, #2000
 335              		.loc 1 89 40 view .LVU107
 336 0108 05FB05F5 		mul	r5, r5, r5
 337 010c C5EB4517 		rsb	r7, r5, r5, lsl #5
 338              		.loc 1 89 9 view .LVU108
 339 0110 BC46     		mov	ip, r7
 340              	.LVL24:
 341              		.loc 1 89 9 view .LVU109
 342 0112 002F     		cmp	r7, #0
 343 0114 7ADB     		blt	.L46
ARM GAS  C:\Users\kirby\AppData\Local\Temp\ccmcAX5R.s 			page 9


 344              	.L27:
 345 0116 4FEAEC0C 		asr	ip, ip, #3
 346              	.LVL25:
  90:Drivers/STM32_MS5837/MS5837.c **** 			SENSi = (63*(MS5837_values.TEMP-2000)*(MS5837_values.TEMP-2000))/32;
 347              		.loc 1 90 4 is_stmt 1 view .LVU110
 348              		.loc 1 90 41 is_stmt 0 view .LVU111
 349 011a C5EB8515 		rsb	r5, r5, r5, lsl #6
 350              		.loc 1 90 10 view .LVU112
 351 011e 2F46     		mov	r7, r5
 352 0120 002D     		cmp	r5, #0
 353 0122 76DB     		blt	.L47
 354              	.L28:
 355 0124 7D11     		asrs	r5, r7, #5
 356              	.LVL26:
 357              		.loc 1 90 10 view .LVU113
 358 0126 D6E0     		b	.L25
 359              	.LVL27:
 360              	.L40:
  75:Drivers/STM32_MS5837/MS5837.c **** 		OFF = (int64_t)MS5837_values.C[2]*131072l+((int64_t)MS5837_values.C[4]*dT)/64l;
 361              		.loc 1 75 77 view .LVU114
 362 0128 7F33     		adds	r3, r3, #127
 363 012a 42F1000E 		adc	lr, r2, #0
 364 012e 81E7     		b	.L14
 365              	.LVL28:
 366              	.L41:
  76:Drivers/STM32_MS5837/MS5837.c **** 		MS5837_values.P = (MS5837_values.D1*SENS/(2097152l)-OFF)/(32768l);
 367              		.loc 1 76 77 view .LVU115
 368 0130 3F30     		adds	r0, r0, #63
 369 0132 45F10006 		adc	r6, r5, #0
 370 0136 91E7     		b	.L15
 371              	.LVL29:
 372              	.L42:
  77:Drivers/STM32_MS5837/MS5837.c **** 	} else {
 373              		.loc 1 77 43 view .LVU116
 374 0138 634D     		ldr	r5, .L58+8
 375 013a 5219     		adds	r2, r2, r5
 376 013c 46F10005 		adc	r5, r6, #0
 377 0140 9BE7     		b	.L16
 378              	.L43:
  77:Drivers/STM32_MS5837/MS5837.c **** 	} else {
 379              		.loc 1 77 59 view .LVU117
 380 0142 47F6FF76 		movw	r6, #32767
 381 0146 9219     		adds	r2, r2, r6
 382 0148 45F10006 		adc	r6, r5, #0
 383 014c 9FE7     		b	.L17
 384              	.LVL30:
 385              	.L13:
  79:Drivers/STM32_MS5837/MS5837.c **** 		OFF = (int64_t)MS5837_values.C[2]*65536l+((int64_t)MS5837_values.C[4]*dT)/128l;
 386              		.loc 1 79 3 is_stmt 1 view .LVU118
  79:Drivers/STM32_MS5837/MS5837.c **** 		OFF = (int64_t)MS5837_values.C[2]*65536l+((int64_t)MS5837_values.C[4]*dT)/128l;
 387              		.loc 1 79 34 is_stmt 0 view .LVU119
 388 014e 5C4A     		ldr	r2, .L58
 389 0150 5389     		ldrh	r3, [r2, #10]
  79:Drivers/STM32_MS5837/MS5837.c **** 		OFF = (int64_t)MS5837_values.C[2]*65536l+((int64_t)MS5837_values.C[4]*dT)/128l;
 390              		.loc 1 79 37 view .LVU120
 391 0152 DE03     		lsls	r6, r3, #15
  79:Drivers/STM32_MS5837/MS5837.c **** 		OFF = (int64_t)MS5837_values.C[2]*65536l+((int64_t)MS5837_values.C[4]*dT)/128l;
ARM GAS  C:\Users\kirby\AppData\Local\Temp\ccmcAX5R.s 			page 10


 392              		.loc 1 79 70 view .LVU121
 393 0154 D589     		ldrh	r5, [r2, #14]
  79:Drivers/STM32_MS5837/MS5837.c **** 		OFF = (int64_t)MS5837_values.C[2]*65536l+((int64_t)MS5837_values.C[4]*dT)/128l;
 394              		.loc 1 79 73 view .LVU122
 395 0156 4FEAEC71 		asr	r1, ip, #31
 396 015a 6046     		mov	r0, ip
 397 015c A5FB0C32 		umull	r3, r2, r5, ip
 398 0160 05FB0122 		mla	r2, r5, r1, r2
  79:Drivers/STM32_MS5837/MS5837.c **** 		OFF = (int64_t)MS5837_values.C[2]*65536l+((int64_t)MS5837_values.C[4]*dT)/128l;
 399              		.loc 1 79 77 view .LVU123
 400 0164 9646     		mov	lr, r2
 401 0166 002A     		cmp	r2, #0
 402 0168 32DB     		blt	.L48
 403              	.LVL31:
 404              	.L19:
  79:Drivers/STM32_MS5837/MS5837.c **** 		OFF = (int64_t)MS5837_values.C[2]*65536l+((int64_t)MS5837_values.C[4]*dT)/128l;
 405              		.loc 1 79 77 view .LVU124
 406 016a 1B0A     		lsrs	r3, r3, #8
 407 016c 43EA0E63 		orr	r3, r3, lr, lsl #24
 408 0170 4FEA2E2E 		asr	lr, lr, #8
  79:Drivers/STM32_MS5837/MS5837.c **** 		OFF = (int64_t)MS5837_values.C[2]*65536l+((int64_t)MS5837_values.C[4]*dT)/128l;
 409              		.loc 1 79 8 view .LVU125
 410 0174 F318     		adds	r3, r6, r3
 411 0176 4EF1000E 		adc	lr, lr, #0
 412              	.LVL32:
  80:Drivers/STM32_MS5837/MS5837.c **** 		MS5837_values.P = (MS5837_values.D1*SENS/(2097152l)-OFF)/(8192l);
 413              		.loc 1 80 3 is_stmt 1 view .LVU126
  80:Drivers/STM32_MS5837/MS5837.c **** 		MS5837_values.P = (MS5837_values.D1*SENS/(2097152l)-OFF)/(8192l);
 414              		.loc 1 80 33 is_stmt 0 view .LVU127
 415 017a 514D     		ldr	r5, .L58
 416 017c AA89     		ldrh	r2, [r5, #12]
  80:Drivers/STM32_MS5837/MS5837.c **** 		MS5837_values.P = (MS5837_values.D1*SENS/(2097152l)-OFF)/(8192l);
 417              		.loc 1 80 36 view .LVU128
 418 017e 1204     		lsls	r2, r2, #16
  80:Drivers/STM32_MS5837/MS5837.c **** 		MS5837_values.P = (MS5837_values.D1*SENS/(2097152l)-OFF)/(8192l);
 419              		.loc 1 80 69 view .LVU129
 420 0180 2E8A     		ldrh	r6, [r5, #16]
  80:Drivers/STM32_MS5837/MS5837.c **** 		MS5837_values.P = (MS5837_values.D1*SENS/(2097152l)-OFF)/(8192l);
 421              		.loc 1 80 72 view .LVU130
 422 0182 A0FB0605 		umull	r0, r5, r0, r6
 423              	.LVL33:
  80:Drivers/STM32_MS5837/MS5837.c **** 		MS5837_values.P = (MS5837_values.D1*SENS/(2097152l)-OFF)/(8192l);
 424              		.loc 1 80 72 view .LVU131
 425 0186 06FB0155 		mla	r5, r6, r1, r5
  80:Drivers/STM32_MS5837/MS5837.c **** 		MS5837_values.P = (MS5837_values.D1*SENS/(2097152l)-OFF)/(8192l);
 426              		.loc 1 80 76 view .LVU132
 427 018a 2946     		mov	r1, r5
 428 018c 002D     		cmp	r5, #0
 429 018e 23DB     		blt	.L49
 430              	.L20:
 431 0190 C009     		lsrs	r0, r0, #7
 432 0192 40EA4160 		orr	r0, r0, r1, lsl #25
 433 0196 C911     		asrs	r1, r1, #7
  80:Drivers/STM32_MS5837/MS5837.c **** 		MS5837_values.P = (MS5837_values.D1*SENS/(2097152l)-OFF)/(8192l);
 434              		.loc 1 80 7 view .LVU133
 435 0198 1018     		adds	r0, r2, r0
 436 019a 41F10001 		adc	r1, r1, #0
ARM GAS  C:\Users\kirby\AppData\Local\Temp\ccmcAX5R.s 			page 11


 437              	.LVL34:
  81:Drivers/STM32_MS5837/MS5837.c **** 	}
 438              		.loc 1 81 3 is_stmt 1 view .LVU134
  81:Drivers/STM32_MS5837/MS5837.c **** 	}
 439              		.loc 1 81 35 is_stmt 0 view .LVU135
 440 019e 484A     		ldr	r2, .L58
 441 01a0 9569     		ldr	r5, [r2, #24]
  81:Drivers/STM32_MS5837/MS5837.c **** 	}
 442              		.loc 1 81 38 view .LVU136
 443 01a2 A5FB0326 		umull	r2, r6, r5, r3
 444 01a6 05FB0E66 		mla	r6, r5, lr, r6
  81:Drivers/STM32_MS5837/MS5837.c **** 	}
 445              		.loc 1 81 43 view .LVU137
 446 01aa 3546     		mov	r5, r6
 447 01ac 002E     		cmp	r6, #0
 448 01ae 17DB     		blt	.L50
 449              	.L21:
 450 01b0 520D     		lsrs	r2, r2, #21
 451 01b2 42EAC522 		orr	r2, r2, r5, lsl #11
 452 01b6 6D15     		asrs	r5, r5, #21
  81:Drivers/STM32_MS5837/MS5837.c **** 	}
 453              		.loc 1 81 54 view .LVU138
 454 01b8 121A     		subs	r2, r2, r0
 455 01ba 65EB0105 		sbc	r5, r5, r1
  81:Drivers/STM32_MS5837/MS5837.c **** 	}
 456              		.loc 1 81 59 view .LVU139
 457 01be 2E46     		mov	r6, r5
 458 01c0 002D     		cmp	r5, #0
 459 01c2 12DB     		blt	.L51
 460              	.L22:
 461 01c4 520B     		lsrs	r2, r2, #13
 462 01c6 42EAC642 		orr	r2, r2, r6, lsl #19
  81:Drivers/STM32_MS5837/MS5837.c **** 	}
 463              		.loc 1 81 19 view .LVU140
 464 01ca 3D4D     		ldr	r5, .L58
 465 01cc 6A60     		str	r2, [r5, #4]
 466 01ce 63E7     		b	.L18
 467              	.LVL35:
 468              	.L48:
  79:Drivers/STM32_MS5837/MS5837.c **** 		OFF = (int64_t)MS5837_values.C[2]*65536l+((int64_t)MS5837_values.C[4]*dT)/128l;
 469              		.loc 1 79 77 view .LVU141
 470 01d0 FF33     		adds	r3, r3, #255
 471 01d2 42F1000E 		adc	lr, r2, #0
 472 01d6 C8E7     		b	.L19
 473              	.LVL36:
 474              	.L49:
  80:Drivers/STM32_MS5837/MS5837.c **** 		MS5837_values.P = (MS5837_values.D1*SENS/(2097152l)-OFF)/(8192l);
 475              		.loc 1 80 76 view .LVU142
 476 01d8 7F30     		adds	r0, r0, #127
 477 01da 45F10001 		adc	r1, r5, #0
 478 01de D7E7     		b	.L20
 479              	.LVL37:
 480              	.L50:
  81:Drivers/STM32_MS5837/MS5837.c **** 	}
 481              		.loc 1 81 43 view .LVU143
 482 01e0 394D     		ldr	r5, .L58+8
 483 01e2 5219     		adds	r2, r2, r5
ARM GAS  C:\Users\kirby\AppData\Local\Temp\ccmcAX5R.s 			page 12


 484 01e4 46F10005 		adc	r5, r6, #0
 485 01e8 E2E7     		b	.L21
 486              	.L51:
  81:Drivers/STM32_MS5837/MS5837.c **** 	}
 487              		.loc 1 81 59 view .LVU144
 488 01ea 41F6FF76 		movw	r6, #8191
 489 01ee 9219     		adds	r2, r2, r6
 490 01f0 45F10006 		adc	r6, r5, #0
 491 01f4 E6E7     		b	.L22
 492              	.LVL38:
 493              	.L44:
  84:Drivers/STM32_MS5837/MS5837.c **** 
 494              		.loc 1 84 59 view .LVU145
 495 01f6 DFF8D480 		ldr	r8, .L58+12
 496 01fa 12EB0802 		adds	r2, r2, r8
 497 01fe 46F10008 		adc	r8, r6, #0
 498 0202 57E7     		b	.L23
 499              	.LVL39:
 500              	.L45:
  88:Drivers/STM32_MS5837/MS5837.c **** 			OFFi = (31*(MS5837_values.TEMP-2000)*(MS5837_values.TEMP-2000))/8;
 501              		.loc 1 88 37 view .LVU146
 502 0204 013E     		subs	r6, r6, #1
 503 0206 48F10705 		adc	r5, r8, #7
 504 020a 7AE7     		b	.L26
 505              	.LVL40:
 506              	.L46:
  89:Drivers/STM32_MS5837/MS5837.c **** 			SENSi = (63*(MS5837_values.TEMP-2000)*(MS5837_values.TEMP-2000))/32;
 507              		.loc 1 89 9 view .LVU147
 508 020c 07F1070C 		add	ip, r7, #7
 509 0210 81E7     		b	.L27
 510              	.LVL41:
 511              	.L47:
 512              		.loc 1 90 10 view .LVU148
 513 0212 05F11F07 		add	r7, r5, #31
 514 0216 85E7     		b	.L28
 515              	.LVL42:
 516              	.L24:
  91:Drivers/STM32_MS5837/MS5837.c **** 		}
  92:Drivers/STM32_MS5837/MS5837.c **** 	} else {
  93:Drivers/STM32_MS5837/MS5837.c **** 		if((MS5837_values.TEMP/100)<20){
 517              		.loc 1 93 3 is_stmt 1 view .LVU149
 518              		.loc 1 93 5 is_stmt 0 view .LVU150
 519 0218 B2F5FA6F 		cmp	r2, #2000
 520 021c 32DA     		bge	.L29
  94:Drivers/STM32_MS5837/MS5837.c **** 			Ti = (3*(int64_t)dT*(int64_t)dT)/(8589934592LL);
 521              		.loc 1 94 4 is_stmt 1 view .LVU151
 522              		.loc 1 94 23 is_stmt 0 view .LVU152
 523 021e 0CFB07F7 		mul	r7, ip, r7
 524 0222 A5FB055C 		umull	r5, ip, r5, r5
 525              	.LVL43:
 526              		.loc 1 94 23 view .LVU153
 527 0226 0CEB4707 		add	r7, ip, r7, lsl #1
 528 022a 6E19     		adds	r6, r5, r5
 529 022c 47EB070C 		adc	ip, r7, r7
 530 0230 7519     		adds	r5, r6, r5
 531 0232 47EB0C07 		adc	r7, r7, ip
 532              		.loc 1 94 36 view .LVU154
ARM GAS  C:\Users\kirby\AppData\Local\Temp\ccmcAX5R.s 			page 13


 533 0236 3E46     		mov	r6, r7
 534 0238 002F     		cmp	r7, #0
 535 023a 1DDB     		blt	.L52
 536              	.L30:
 537              		.loc 1 94 7 view .LVU155
 538 023c 7610     		asrs	r6, r6, #1
 539              	.LVL44:
  95:Drivers/STM32_MS5837/MS5837.c **** 			OFFi = (3*(MS5837_values.TEMP-2000)*(MS5837_values.TEMP-2000))/2;
 540              		.loc 1 95 4 is_stmt 1 view .LVU156
 541              		.loc 1 95 33 is_stmt 0 view .LVU157
 542 023e A2F5FA65 		sub	r5, r2, #2000
 543              		.loc 1 95 39 view .LVU158
 544 0242 05FB05F5 		mul	r5, r5, r5
 545 0246 05EB450C 		add	ip, r5, r5, lsl #1
 546              		.loc 1 95 9 view .LVU159
 547 024a 0CEBDC7C 		add	ip, ip, ip, lsr #31
 548 024e 4FEA6C0C 		asr	ip, ip, #1
 549              	.LVL45:
  96:Drivers/STM32_MS5837/MS5837.c **** 			SENSi = (5*(MS5837_values.TEMP-2000)*(MS5837_values.TEMP-2000))/8;
 550              		.loc 1 96 4 is_stmt 1 view .LVU160
 551              		.loc 1 96 40 is_stmt 0 view .LVU161
 552 0252 05EB8505 		add	r5, r5, r5, lsl #2
 553              		.loc 1 96 10 view .LVU162
 554 0256 2F46     		mov	r7, r5
 555 0258 002D     		cmp	r5, #0
 556 025a 11DB     		blt	.L53
 557              	.L31:
 558 025c FD10     		asrs	r5, r7, #3
 559              	.LVL46:
  97:Drivers/STM32_MS5837/MS5837.c **** 			if((MS5837_values.TEMP/100)<-15){
 560              		.loc 1 97 4 is_stmt 1 view .LVU163
 561              		.loc 1 97 6 is_stmt 0 view .LVU164
 562 025e 12F5C86F 		cmn	r2, #1600
 563 0262 38DC     		bgt	.L25
  98:Drivers/STM32_MS5837/MS5837.c **** 				OFFi = OFFi+7*(MS5837_values.TEMP+1500l)*(MS5837_values.TEMP+1500l);
 564              		.loc 1 98 5 is_stmt 1 view .LVU165
 565              		.loc 1 98 38 is_stmt 0 view .LVU166
 566 0264 02F2DC57 		addw	r7, r2, #1500
 567              		.loc 1 98 45 view .LVU167
 568 0268 07FB07F7 		mul	r7, r7, r7
 569 026c C7EBC708 		rsb	r8, r7, r7, lsl #3
 570              		.loc 1 98 10 view .LVU168
 571 0270 C444     		add	ip, ip, r8
 572              	.LVL47:
  99:Drivers/STM32_MS5837/MS5837.c **** 				SENSi = SENSi+4*(MS5837_values.TEMP+1500l)*(MS5837_values.TEMP+1500l);
 573              		.loc 1 99 5 is_stmt 1 view .LVU169
 574              		.loc 1 99 11 is_stmt 0 view .LVU170
 575 0272 05EB8705 		add	r5, r5, r7, lsl #2
 576              	.LVL48:
 577              		.loc 1 99 11 view .LVU171
 578 0276 2EE0     		b	.L25
 579              	.LVL49:
 580              	.L52:
  94:Drivers/STM32_MS5837/MS5837.c **** 			OFFi = (3*(MS5837_values.TEMP-2000)*(MS5837_values.TEMP-2000))/2;
 581              		.loc 1 94 36 view .LVU172
 582 0278 013D     		subs	r5, r5, #1
 583 027a 47F10106 		adc	r6, r7, #1
ARM GAS  C:\Users\kirby\AppData\Local\Temp\ccmcAX5R.s 			page 14


 584 027e DDE7     		b	.L30
 585              	.LVL50:
 586              	.L53:
  96:Drivers/STM32_MS5837/MS5837.c **** 			if((MS5837_values.TEMP/100)<-15){
 587              		.loc 1 96 10 view .LVU173
 588 0280 EF1D     		adds	r7, r5, #7
 589 0282 EBE7     		b	.L31
 590              	.LVL51:
 591              	.L29:
 100:Drivers/STM32_MS5837/MS5837.c **** 			}
 101:Drivers/STM32_MS5837/MS5837.c **** 		}
 102:Drivers/STM32_MS5837/MS5837.c **** 		else if((MS5837_values.TEMP/100)>=20){
 592              		.loc 1 102 8 is_stmt 1 view .LVU174
 103:Drivers/STM32_MS5837/MS5837.c **** 			Ti = 2*(dT*dT)/(137438953472LL);
 593              		.loc 1 103 4 view .LVU175
 594              		.loc 1 103 14 is_stmt 0 view .LVU176
 595 0284 0CFB0CFC 		mul	ip, ip, ip
 596              		.loc 1 103 10 view .LVU177
 597 0288 4CF38075 		sbfx	r5, ip, #30, #1
 598              	.LVL52:
 599              		.loc 1 103 18 view .LVU178
 600 028c 4FEA4C0C 		lsl	ip, ip, #1
 601 0290 2E46     		mov	r6, r5
 602 0292 002D     		cmp	r5, #0
 603 0294 0BDB     		blt	.L54
 604              	.L32:
 605              		.loc 1 103 7 view .LVU179
 606 0296 7611     		asrs	r6, r6, #5
 607              	.LVL53:
 104:Drivers/STM32_MS5837/MS5837.c **** 			OFFi = (1*(MS5837_values.TEMP-2000)*(MS5837_values.TEMP-2000))/16;
 608              		.loc 1 104 4 is_stmt 1 view .LVU180
 609              		.loc 1 104 13 is_stmt 0 view .LVU181
 610 0298 A2F5FA6C 		sub	ip, r2, #2000
 611              		.loc 1 104 39 view .LVU182
 612 029c 0CFB0CFC 		mul	ip, ip, ip
 613              		.loc 1 104 9 view .LVU183
 614 02a0 BCF1000F 		cmp	ip, #0
 615 02a4 08DB     		blt	.L55
 616              	.L33:
 617 02a6 4FEA2C1C 		asr	ip, ip, #4
 618              	.LVL54:
 105:Drivers/STM32_MS5837/MS5837.c **** 			SENSi = 0;
 619              		.loc 1 105 4 is_stmt 1 view .LVU184
 620              		.loc 1 105 10 is_stmt 0 view .LVU185
 621 02aa 0025     		movs	r5, #0
 622 02ac 13E0     		b	.L25
 623              	.LVL55:
 624              	.L54:
 103:Drivers/STM32_MS5837/MS5837.c **** 			Ti = 2*(dT*dT)/(137438953472LL);
 625              		.loc 1 103 18 view .LVU186
 626 02ae 1CF1FF3C 		adds	ip, ip, #-1
 627 02b2 45F11F06 		adc	r6, r5, #31
 628 02b6 EEE7     		b	.L32
 629              	.LVL56:
 630              	.L55:
 104:Drivers/STM32_MS5837/MS5837.c **** 			OFFi = (1*(MS5837_values.TEMP-2000)*(MS5837_values.TEMP-2000))/16;
 631              		.loc 1 104 9 view .LVU187
ARM GAS  C:\Users\kirby\AppData\Local\Temp\ccmcAX5R.s 			page 15


 632 02b8 0CF10F0C 		add	ip, ip, #15
 633 02bc F3E7     		b	.L33
 634              	.L59:
 635 02be 00BF     		.align	2
 636              	.L58:
 637 02c0 00000000 		.word	.LANCHOR0
 638 02c4 00000000 		.word	.LANCHOR1
 639 02c8 FFFF1F00 		.word	2097151
 640 02cc FFFF7F00 		.word	8388607
 641              	.LVL57:
 642              	.L38:
  69:Drivers/STM32_MS5837/MS5837.c **** 	int64_t OFF2 = 0;
 643              		.loc 1 69 10 view .LVU188
 644 02d0 0026     		movs	r6, #0
  68:Drivers/STM32_MS5837/MS5837.c **** 	int32_t Ti = 0;
 645              		.loc 1 68 10 view .LVU189
 646 02d2 B446     		mov	ip, r6
  67:Drivers/STM32_MS5837/MS5837.c **** 	int32_t OFFi = 0;
 647              		.loc 1 67 10 view .LVU190
 648 02d4 3546     		mov	r5, r6
 649              	.LVL58:
 650              	.L25:
 106:Drivers/STM32_MS5837/MS5837.c **** 		}
 107:Drivers/STM32_MS5837/MS5837.c **** 	}
 108:Drivers/STM32_MS5837/MS5837.c **** 
 109:Drivers/STM32_MS5837/MS5837.c **** 	OFF2 = OFF-OFFi;
 651              		.loc 1 109 2 is_stmt 1 view .LVU191
 652              		.loc 1 109 7 is_stmt 0 view .LVU192
 653 02d6 B0EB0C00 		subs	r0, r0, ip
 654              	.LVL59:
 655              		.loc 1 109 7 view .LVU193
 656 02da 61EBEC71 		sbc	r1, r1, ip, asr #31
 657              	.LVL60:
 110:Drivers/STM32_MS5837/MS5837.c **** 	SENS2 = SENS-SENSi;
 658              		.loc 1 110 2 is_stmt 1 view .LVU194
 659              		.loc 1 110 8 is_stmt 0 view .LVU195
 660 02de 5B1B     		subs	r3, r3, r5
 661              	.LVL61:
 662              		.loc 1 110 8 view .LVU196
 663 02e0 6EEBE575 		sbc	r5, lr, r5, asr #31
 664              	.LVL62:
 111:Drivers/STM32_MS5837/MS5837.c **** 
 112:Drivers/STM32_MS5837/MS5837.c **** 	if (MS5837.model) {
 665              		.loc 1 112 2 is_stmt 1 view .LVU197
 666              		.loc 1 112 5 is_stmt 0 view .LVU198
 667 02e4 6CB3     		cbz	r4, .L34
 113:Drivers/STM32_MS5837/MS5837.c **** 		MS5837_values.TEMP = (MS5837_values.TEMP-Ti);
 668              		.loc 1 113 3 is_stmt 1 view .LVU199
 669              		.loc 1 113 43 is_stmt 0 view .LVU200
 670 02e6 921B     		subs	r2, r2, r6
 671              		.loc 1 113 22 view .LVU201
 672 02e8 264C     		ldr	r4, .L60
 673 02ea 2260     		str	r2, [r4]
 114:Drivers/STM32_MS5837/MS5837.c **** 		MS5837_values.P = (((MS5837_values.D1*SENS2)/2097152l-OFF2)/32768l)/100;
 674              		.loc 1 114 3 is_stmt 1 view .LVU202
 675              		.loc 1 114 37 is_stmt 0 view .LVU203
 676 02ec A469     		ldr	r4, [r4, #24]
ARM GAS  C:\Users\kirby\AppData\Local\Temp\ccmcAX5R.s 			page 16


 677              		.loc 1 114 40 view .LVU204
 678 02ee A4FB0332 		umull	r3, r2, r4, r3
 679              	.LVL63:
 680              		.loc 1 114 40 view .LVU205
 681 02f2 04FB0525 		mla	r5, r4, r5, r2
 682              		.loc 1 114 47 view .LVU206
 683 02f6 2A46     		mov	r2, r5
 684 02f8 002D     		cmp	r5, #0
 685 02fa 1DDB     		blt	.L56
 686              	.L35:
 687 02fc 5B0D     		lsrs	r3, r3, #21
 688 02fe 43EAC223 		orr	r3, r3, r2, lsl #11
 689 0302 5415     		asrs	r4, r2, #21
 690              		.loc 1 114 56 view .LVU207
 691 0304 181A     		subs	r0, r3, r0
 692              	.LVL64:
 693              		.loc 1 114 70 view .LVU208
 694 0306 4FF44812 		mov	r2, #3276800
 695 030a 4FF00003 		mov	r3, #0
 696 030e 64EB0101 		sbc	r1, r4, r1
 697 0312 FFF7FEFF 		bl	__aeabi_ldivmod
 698              	.LVL65:
 699              		.loc 1 114 19 view .LVU209
 700 0316 1B4B     		ldr	r3, .L60
 701 0318 5860     		str	r0, [r3, #4]
 702              	.L36:
 115:Drivers/STM32_MS5837/MS5837.c **** 	} else {
 116:Drivers/STM32_MS5837/MS5837.c **** 		MS5837_values.TEMP = (MS5837_values.TEMP-Ti);
 117:Drivers/STM32_MS5837/MS5837.c **** 		MS5837_values.P = (((MS5837_values.D1*SENS2)/2097152l-OFF2)/8192l)/10;
 118:Drivers/STM32_MS5837/MS5837.c **** 	}
 119:Drivers/STM32_MS5837/MS5837.c **** 	
 120:Drivers/STM32_MS5837/MS5837.c **** 	MS5837.temperture = MS5837_values.TEMP/100.0f;
 703              		.loc 1 120 2 is_stmt 1 view .LVU210
 704              		.loc 1 120 35 is_stmt 0 view .LVU211
 705 031a 1A4D     		ldr	r5, .L60
 706              		.loc 1 120 40 view .LVU212
 707 031c 2868     		ldr	r0, [r5]
 708 031e FFF7FEFF 		bl	__aeabi_i2f
 709              	.LVL66:
 710 0322 1949     		ldr	r1, .L60+4
 711 0324 FFF7FEFF 		bl	__aeabi_fdiv
 712              	.LVL67:
 713              		.loc 1 120 20 view .LVU213
 714 0328 184C     		ldr	r4, .L60+8
 715 032a A060     		str	r0, [r4, #8]	@ float
 121:Drivers/STM32_MS5837/MS5837.c **** 	MS5837.pressure = MS5837_values.P*1.0f;
 716              		.loc 1 121 2 is_stmt 1 view .LVU214
 717              		.loc 1 121 35 is_stmt 0 view .LVU215
 718 032c 6868     		ldr	r0, [r5, #4]
 719 032e FFF7FEFF 		bl	__aeabi_i2f
 720              	.LVL68:
 721              		.loc 1 121 18 view .LVU216
 722 0332 E060     		str	r0, [r4, #12]	@ float
 122:Drivers/STM32_MS5837/MS5837.c **** 	#ifdef Pa
 123:Drivers/STM32_MS5837/MS5837.c **** 		MS5837.pressure = MS5837_values.P*100.0f;
 124:Drivers/STM32_MS5837/MS5837.c **** 	#endif
 125:Drivers/STM32_MS5837/MS5837.c **** 	#ifdef bar
ARM GAS  C:\Users\kirby\AppData\Local\Temp\ccmcAX5R.s 			page 17


 126:Drivers/STM32_MS5837/MS5837.c **** 		MS5837.pressure = MS5837_values.P*0.001f;
 127:Drivers/STM32_MS5837/MS5837.c **** 	#endif
 128:Drivers/STM32_MS5837/MS5837.c **** 	
 129:Drivers/STM32_MS5837/MS5837.c **** }
 723              		.loc 1 129 1 view .LVU217
 724 0334 BDE8F081 		pop	{r4, r5, r6, r7, r8, pc}
 725              	.LVL69:
 726              	.L56:
 114:Drivers/STM32_MS5837/MS5837.c **** 	} else {
 727              		.loc 1 114 47 view .LVU218
 728 0338 154A     		ldr	r2, .L60+12
 729 033a 9B18     		adds	r3, r3, r2
 730 033c 45F10002 		adc	r2, r5, #0
 731 0340 DCE7     		b	.L35
 732              	.LVL70:
 733              	.L34:
 116:Drivers/STM32_MS5837/MS5837.c **** 		MS5837_values.P = (((MS5837_values.D1*SENS2)/2097152l-OFF2)/8192l)/10;
 734              		.loc 1 116 3 is_stmt 1 view .LVU219
 116:Drivers/STM32_MS5837/MS5837.c **** 		MS5837_values.P = (((MS5837_values.D1*SENS2)/2097152l-OFF2)/8192l)/10;
 735              		.loc 1 116 43 is_stmt 0 view .LVU220
 736 0342 921B     		subs	r2, r2, r6
 116:Drivers/STM32_MS5837/MS5837.c **** 		MS5837_values.P = (((MS5837_values.D1*SENS2)/2097152l-OFF2)/8192l)/10;
 737              		.loc 1 116 22 view .LVU221
 738 0344 0F4C     		ldr	r4, .L60
 739 0346 2260     		str	r2, [r4]
 117:Drivers/STM32_MS5837/MS5837.c **** 	}
 740              		.loc 1 117 3 is_stmt 1 view .LVU222
 117:Drivers/STM32_MS5837/MS5837.c **** 	}
 741              		.loc 1 117 37 is_stmt 0 view .LVU223
 742 0348 A469     		ldr	r4, [r4, #24]
 117:Drivers/STM32_MS5837/MS5837.c **** 	}
 743              		.loc 1 117 40 view .LVU224
 744 034a A4FB0332 		umull	r3, r2, r4, r3
 745              	.LVL71:
 117:Drivers/STM32_MS5837/MS5837.c **** 	}
 746              		.loc 1 117 40 view .LVU225
 747 034e 04FB0525 		mla	r5, r4, r5, r2
 117:Drivers/STM32_MS5837/MS5837.c **** 	}
 748              		.loc 1 117 47 view .LVU226
 749 0352 2A46     		mov	r2, r5
 750 0354 002D     		cmp	r5, #0
 751 0356 0FDB     		blt	.L57
 752              	.L37:
 753 0358 5B0D     		lsrs	r3, r3, #21
 754 035a 43EAC223 		orr	r3, r3, r2, lsl #11
 755 035e 5415     		asrs	r4, r2, #21
 117:Drivers/STM32_MS5837/MS5837.c **** 	}
 756              		.loc 1 117 56 view .LVU227
 757 0360 181A     		subs	r0, r3, r0
 758              	.LVL72:
 117:Drivers/STM32_MS5837/MS5837.c **** 	}
 759              		.loc 1 117 69 view .LVU228
 760 0362 4FF4A032 		mov	r2, #81920
 761 0366 4FF00003 		mov	r3, #0
 762 036a 64EB0101 		sbc	r1, r4, r1
 763 036e FFF7FEFF 		bl	__aeabi_ldivmod
 764              	.LVL73:
ARM GAS  C:\Users\kirby\AppData\Local\Temp\ccmcAX5R.s 			page 18


 117:Drivers/STM32_MS5837/MS5837.c **** 	}
 765              		.loc 1 117 19 view .LVU229
 766 0372 044B     		ldr	r3, .L60
 767 0374 5860     		str	r0, [r3, #4]
 768 0376 D0E7     		b	.L36
 769              	.LVL74:
 770              	.L57:
 117:Drivers/STM32_MS5837/MS5837.c **** 	}
 771              		.loc 1 117 47 view .LVU230
 772 0378 054A     		ldr	r2, .L60+12
 773 037a 9B18     		adds	r3, r3, r2
 774 037c 45F10002 		adc	r2, r5, #0
 775 0380 EAE7     		b	.L37
 776              	.L61:
 777 0382 00BF     		.align	2
 778              	.L60:
 779 0384 00000000 		.word	.LANCHOR0
 780 0388 0000C842 		.word	1120403456
 781 038c 00000000 		.word	.LANCHOR1
 782 0390 FFFF1F00 		.word	2097151
 783              		.cfi_endproc
 784              	.LFE70:
 786              		.section	.text.I2C_send,"ax",%progbits
 787              		.align	1
 788              		.syntax unified
 789              		.thumb
 790              		.thumb_func
 792              	I2C_send:
 793              	.LVL75:
 794              	.LFB65:
   6:Drivers/STM32_MS5837/MS5837.c **** 	HAL_I2C_Master_Transmit(i2c_channel, MS5837_ADDR<<1, &addr, 1, 100 );
 795              		.loc 1 6 67 is_stmt 1 view -0
 796              		.cfi_startproc
 797              		@ args = 0, pretend = 0, frame = 8
 798              		@ frame_needed = 0, uses_anonymous_args = 0
   6:Drivers/STM32_MS5837/MS5837.c **** 	HAL_I2C_Master_Transmit(i2c_channel, MS5837_ADDR<<1, &addr, 1, 100 );
 799              		.loc 1 6 67 is_stmt 0 view .LVU232
 800 0000 00B5     		push	{lr}
 801              	.LCFI1:
 802              		.cfi_def_cfa_offset 4
 803              		.cfi_offset 14, -4
 804 0002 85B0     		sub	sp, sp, #20
 805              	.LCFI2:
 806              		.cfi_def_cfa_offset 24
 807 0004 0346     		mov	r3, r0
 808 0006 0846     		mov	r0, r1
 809              	.LVL76:
   6:Drivers/STM32_MS5837/MS5837.c **** 	HAL_I2C_Master_Transmit(i2c_channel, MS5837_ADDR<<1, &addr, 1, 100 );
 810              		.loc 1 6 67 view .LVU233
 811 0008 8DF80F30 		strb	r3, [sp, #15]
   7:Drivers/STM32_MS5837/MS5837.c **** }
 812              		.loc 1 7 2 is_stmt 1 view .LVU234
 813 000c 6423     		movs	r3, #100
 814 000e 0093     		str	r3, [sp]
 815 0010 0123     		movs	r3, #1
 816 0012 0DF10F02 		add	r2, sp, #15
 817 0016 EC21     		movs	r1, #236
ARM GAS  C:\Users\kirby\AppData\Local\Temp\ccmcAX5R.s 			page 19


 818              	.LVL77:
   7:Drivers/STM32_MS5837/MS5837.c **** }
 819              		.loc 1 7 2 is_stmt 0 view .LVU235
 820 0018 FFF7FEFF 		bl	HAL_I2C_Master_Transmit
 821              	.LVL78:
   8:Drivers/STM32_MS5837/MS5837.c **** 
 822              		.loc 1 8 1 view .LVU236
 823 001c 05B0     		add	sp, sp, #20
 824              	.LCFI3:
 825              		.cfi_def_cfa_offset 4
 826              		@ sp needed
 827 001e 5DF804FB 		ldr	pc, [sp], #4
 828              		.cfi_endproc
 829              	.LFE65:
 831              		.section	.text.I2C_read16,"ax",%progbits
 832              		.align	1
 833              		.syntax unified
 834              		.thumb
 835              		.thumb_func
 837              	I2C_read16:
 838              	.LVL79:
 839              	.LFB67:
  18:Drivers/STM32_MS5837/MS5837.c **** 	uint8_t dataArr[2] = {0,0};
 840              		.loc 1 18 72 is_stmt 1 view -0
 841              		.cfi_startproc
 842              		@ args = 0, pretend = 0, frame = 16
 843              		@ frame_needed = 0, uses_anonymous_args = 0
  18:Drivers/STM32_MS5837/MS5837.c **** 	uint8_t dataArr[2] = {0,0};
 844              		.loc 1 18 72 is_stmt 0 view .LVU238
 845 0000 30B5     		push	{r4, r5, lr}
 846              	.LCFI4:
 847              		.cfi_def_cfa_offset 12
 848              		.cfi_offset 4, -12
 849              		.cfi_offset 5, -8
 850              		.cfi_offset 14, -4
 851 0002 87B0     		sub	sp, sp, #28
 852              	.LCFI5:
 853              		.cfi_def_cfa_offset 40
 854 0004 0C46     		mov	r4, r1
 855 0006 8DF80F00 		strb	r0, [sp, #15]
  19:Drivers/STM32_MS5837/MS5837.c **** 	HAL_I2C_Master_Transmit(i2c_channel, MS5837_ADDR<<1, &addr, 1, 100);
 856              		.loc 1 19 2 is_stmt 1 view .LVU239
  19:Drivers/STM32_MS5837/MS5837.c **** 	HAL_I2C_Master_Transmit(i2c_channel, MS5837_ADDR<<1, &addr, 1, 100);
 857              		.loc 1 19 10 is_stmt 0 view .LVU240
 858 000a 0023     		movs	r3, #0
 859 000c ADF81430 		strh	r3, [sp, #20]	@ movhi
  20:Drivers/STM32_MS5837/MS5837.c **** 	HAL_Delay(20);
 860              		.loc 1 20 2 is_stmt 1 view .LVU241
 861 0010 6425     		movs	r5, #100
 862 0012 0095     		str	r5, [sp]
 863 0014 0123     		movs	r3, #1
 864 0016 0DF10F02 		add	r2, sp, #15
 865 001a EC21     		movs	r1, #236
 866              	.LVL80:
  20:Drivers/STM32_MS5837/MS5837.c **** 	HAL_Delay(20);
 867              		.loc 1 20 2 is_stmt 0 view .LVU242
 868 001c 2046     		mov	r0, r4
ARM GAS  C:\Users\kirby\AppData\Local\Temp\ccmcAX5R.s 			page 20


 869              	.LVL81:
  20:Drivers/STM32_MS5837/MS5837.c **** 	HAL_Delay(20);
 870              		.loc 1 20 2 view .LVU243
 871 001e FFF7FEFF 		bl	HAL_I2C_Master_Transmit
 872              	.LVL82:
  21:Drivers/STM32_MS5837/MS5837.c **** 	HAL_I2C_Master_Receive(i2c_channel, MS5837_ADDR<<1,dataArr, 2, 100);
 873              		.loc 1 21 2 is_stmt 1 view .LVU244
 874 0022 1420     		movs	r0, #20
 875 0024 FFF7FEFF 		bl	HAL_Delay
 876              	.LVL83:
  22:Drivers/STM32_MS5837/MS5837.c **** 	uint16_t data = (dataArr[0] << 8) | dataArr[1];
 877              		.loc 1 22 2 view .LVU245
 878 0028 0095     		str	r5, [sp]
 879 002a 0223     		movs	r3, #2
 880 002c 05AA     		add	r2, sp, #20
 881 002e EC21     		movs	r1, #236
 882 0030 2046     		mov	r0, r4
 883 0032 FFF7FEFF 		bl	HAL_I2C_Master_Receive
 884              	.LVL84:
  23:Drivers/STM32_MS5837/MS5837.c **** 	return data;
 885              		.loc 1 23 2 view .LVU246
  23:Drivers/STM32_MS5837/MS5837.c **** 	return data;
 886              		.loc 1 23 26 is_stmt 0 view .LVU247
 887 0036 9DF81430 		ldrb	r3, [sp, #20]	@ zero_extendqisi2
  23:Drivers/STM32_MS5837/MS5837.c **** 	return data;
 888              		.loc 1 23 45 view .LVU248
 889 003a 9DF81500 		ldrb	r0, [sp, #21]	@ zero_extendqisi2
  23:Drivers/STM32_MS5837/MS5837.c **** 	return data;
 890              		.loc 1 23 36 view .LVU249
 891 003e 40EA0320 		orr	r0, r0, r3, lsl #8
 892              	.LVL85:
  24:Drivers/STM32_MS5837/MS5837.c **** }
 893              		.loc 1 24 2 is_stmt 1 view .LVU250
  25:Drivers/STM32_MS5837/MS5837.c **** 
 894              		.loc 1 25 1 is_stmt 0 view .LVU251
 895 0042 00B2     		sxth	r0, r0
  25:Drivers/STM32_MS5837/MS5837.c **** 
 896              		.loc 1 25 1 view .LVU252
 897 0044 07B0     		add	sp, sp, #28
 898              	.LCFI6:
 899              		.cfi_def_cfa_offset 12
 900              		@ sp needed
 901 0046 30BD     		pop	{r4, r5, pc}
  25:Drivers/STM32_MS5837/MS5837.c **** 
 902              		.loc 1 25 1 view .LVU253
 903              		.cfi_endproc
 904              	.LFE67:
 906              		.section	.text.I2C_read32,"ax",%progbits
 907              		.align	1
 908              		.syntax unified
 909              		.thumb
 910              		.thumb_func
 912              	I2C_read32:
 913              	.LVL86:
 914              	.LFB68:
  27:Drivers/STM32_MS5837/MS5837.c **** 	uint8_t dataArr[4] = {0,0,0,0};
 915              		.loc 1 27 72 is_stmt 1 view -0
ARM GAS  C:\Users\kirby\AppData\Local\Temp\ccmcAX5R.s 			page 21


 916              		.cfi_startproc
 917              		@ args = 0, pretend = 0, frame = 16
 918              		@ frame_needed = 0, uses_anonymous_args = 0
  27:Drivers/STM32_MS5837/MS5837.c **** 	uint8_t dataArr[4] = {0,0,0,0};
 919              		.loc 1 27 72 is_stmt 0 view .LVU255
 920 0000 30B5     		push	{r4, r5, lr}
 921              	.LCFI7:
 922              		.cfi_def_cfa_offset 12
 923              		.cfi_offset 4, -12
 924              		.cfi_offset 5, -8
 925              		.cfi_offset 14, -4
 926 0002 87B0     		sub	sp, sp, #28
 927              	.LCFI8:
 928              		.cfi_def_cfa_offset 40
 929 0004 0C46     		mov	r4, r1
 930 0006 8DF80F00 		strb	r0, [sp, #15]
  28:Drivers/STM32_MS5837/MS5837.c **** 	HAL_I2C_Master_Transmit(i2c_channel, MS5837_ADDR<<1, &addr, 1, 100 );
 931              		.loc 1 28 2 is_stmt 1 view .LVU256
  28:Drivers/STM32_MS5837/MS5837.c **** 	HAL_I2C_Master_Transmit(i2c_channel, MS5837_ADDR<<1, &addr, 1, 100 );
 932              		.loc 1 28 10 is_stmt 0 view .LVU257
 933 000a 0023     		movs	r3, #0
 934 000c 0593     		str	r3, [sp, #20]
  29:Drivers/STM32_MS5837/MS5837.c **** 	HAL_Delay(20);
 935              		.loc 1 29 2 is_stmt 1 view .LVU258
 936 000e 6425     		movs	r5, #100
 937 0010 0095     		str	r5, [sp]
 938 0012 0123     		movs	r3, #1
 939 0014 0DF10F02 		add	r2, sp, #15
 940 0018 EC21     		movs	r1, #236
 941              	.LVL87:
  29:Drivers/STM32_MS5837/MS5837.c **** 	HAL_Delay(20);
 942              		.loc 1 29 2 is_stmt 0 view .LVU259
 943 001a 2046     		mov	r0, r4
 944              	.LVL88:
  29:Drivers/STM32_MS5837/MS5837.c **** 	HAL_Delay(20);
 945              		.loc 1 29 2 view .LVU260
 946 001c FFF7FEFF 		bl	HAL_I2C_Master_Transmit
 947              	.LVL89:
  30:Drivers/STM32_MS5837/MS5837.c **** 	HAL_I2C_Master_Receive(i2c_channel,MS5837_ADDR<<1,dataArr, 4, 100);
 948              		.loc 1 30 2 is_stmt 1 view .LVU261
 949 0020 1420     		movs	r0, #20
 950 0022 FFF7FEFF 		bl	HAL_Delay
 951              	.LVL90:
  31:Drivers/STM32_MS5837/MS5837.c **** 	uint32_t data = (dataArr[0] << 24) | (dataArr[1] << 16) | (dataArr[2] << 8) | dataArr[3];
 952              		.loc 1 31 2 view .LVU262
 953 0026 0095     		str	r5, [sp]
 954 0028 0423     		movs	r3, #4
 955 002a 05AA     		add	r2, sp, #20
 956 002c EC21     		movs	r1, #236
 957 002e 2046     		mov	r0, r4
 958 0030 FFF7FEFF 		bl	HAL_I2C_Master_Receive
 959              	.LVL91:
  32:Drivers/STM32_MS5837/MS5837.c **** 	return data;
 960              		.loc 1 32 2 view .LVU263
  32:Drivers/STM32_MS5837/MS5837.c **** 	return data;
 961              		.loc 1 32 26 is_stmt 0 view .LVU264
 962 0034 9DF81400 		ldrb	r0, [sp, #20]	@ zero_extendqisi2
ARM GAS  C:\Users\kirby\AppData\Local\Temp\ccmcAX5R.s 			page 22


  32:Drivers/STM32_MS5837/MS5837.c **** 	return data;
 963              		.loc 1 32 47 view .LVU265
 964 0038 9DF81530 		ldrb	r3, [sp, #21]	@ zero_extendqisi2
  32:Drivers/STM32_MS5837/MS5837.c **** 	return data;
 965              		.loc 1 32 51 view .LVU266
 966 003c 1B04     		lsls	r3, r3, #16
  32:Drivers/STM32_MS5837/MS5837.c **** 	return data;
 967              		.loc 1 32 37 view .LVU267
 968 003e 43EA0063 		orr	r3, r3, r0, lsl #24
  32:Drivers/STM32_MS5837/MS5837.c **** 	return data;
 969              		.loc 1 32 68 view .LVU268
 970 0042 9DF81600 		ldrb	r0, [sp, #22]	@ zero_extendqisi2
  32:Drivers/STM32_MS5837/MS5837.c **** 	return data;
 971              		.loc 1 32 58 view .LVU269
 972 0046 43EA0023 		orr	r3, r3, r0, lsl #8
  32:Drivers/STM32_MS5837/MS5837.c **** 	return data;
 973              		.loc 1 32 87 view .LVU270
 974 004a 9DF81700 		ldrb	r0, [sp, #23]	@ zero_extendqisi2
 975              	.LVL92:
  33:Drivers/STM32_MS5837/MS5837.c **** }
 976              		.loc 1 33 2 is_stmt 1 view .LVU271
  34:Drivers/STM32_MS5837/MS5837.c **** 
 977              		.loc 1 34 1 is_stmt 0 view .LVU272
 978 004e 1843     		orrs	r0, r0, r3
 979              	.LVL93:
  34:Drivers/STM32_MS5837/MS5837.c **** 
 980              		.loc 1 34 1 view .LVU273
 981 0050 07B0     		add	sp, sp, #28
 982              	.LCFI9:
 983              		.cfi_def_cfa_offset 12
 984              		@ sp needed
 985 0052 30BD     		pop	{r4, r5, pc}
  34:Drivers/STM32_MS5837/MS5837.c **** 
 986              		.loc 1 34 1 view .LVU274
 987              		.cfi_endproc
 988              	.LFE68:
 990              		.section	.text.MS5837_init,"ax",%progbits
 991              		.align	1
 992              		.global	MS5837_init
 993              		.syntax unified
 994              		.thumb
 995              		.thumb_func
 997              	MS5837_init:
 998              	.LVL94:
 999              	.LFB71:
 130:Drivers/STM32_MS5837/MS5837.c **** 
 131:Drivers/STM32_MS5837/MS5837.c **** uint8_t MS5837_init(I2C_HandleTypeDef *i2c_channel) {
 1000              		.loc 1 131 53 is_stmt 1 view -0
 1001              		.cfi_startproc
 1002              		@ args = 0, pretend = 0, frame = 0
 1003              		@ frame_needed = 0, uses_anonymous_args = 0
 1004              		.loc 1 131 53 is_stmt 0 view .LVU276
 1005 0000 38B5     		push	{r3, r4, r5, lr}
 1006              	.LCFI10:
 1007              		.cfi_def_cfa_offset 16
 1008              		.cfi_offset 3, -16
 1009              		.cfi_offset 4, -12
ARM GAS  C:\Users\kirby\AppData\Local\Temp\ccmcAX5R.s 			page 23


 1010              		.cfi_offset 5, -8
 1011              		.cfi_offset 14, -4
 1012 0002 0546     		mov	r5, r0
 132:Drivers/STM32_MS5837/MS5837.c **** 	MS5837.fluidDensity = 1029;
 1013              		.loc 1 132 2 is_stmt 1 view .LVU277
 1014              		.loc 1 132 22 is_stmt 0 view .LVU278
 1015 0004 154B     		ldr	r3, .L74
 1016 0006 164A     		ldr	r2, .L74+4
 1017 0008 5A60     		str	r2, [r3, #4]	@ float
 133:Drivers/STM32_MS5837/MS5837.c **** 	MS5837.model = MS5837_30BA;
 1018              		.loc 1 133 2 is_stmt 1 view .LVU279
 1019              		.loc 1 133 15 is_stmt 0 view .LVU280
 1020 000a 0024     		movs	r4, #0
 1021 000c 1C70     		strb	r4, [r3]
 134:Drivers/STM32_MS5837/MS5837.c **** 	
 135:Drivers/STM32_MS5837/MS5837.c **** 	I2C_send(MS5837_RESET, i2c_channel);
 1022              		.loc 1 135 2 is_stmt 1 view .LVU281
 1023 000e 0146     		mov	r1, r0
 1024 0010 1E20     		movs	r0, #30
 1025              	.LVL95:
 1026              		.loc 1 135 2 is_stmt 0 view .LVU282
 1027 0012 FFF7FEFF 		bl	I2C_send
 1028              	.LVL96:
 136:Drivers/STM32_MS5837/MS5837.c **** 	HAL_Delay(10);
 1029              		.loc 1 136 2 is_stmt 1 view .LVU283
 1030 0016 0A20     		movs	r0, #10
 1031 0018 FFF7FEFF 		bl	HAL_Delay
 1032              	.LVL97:
 137:Drivers/STM32_MS5837/MS5837.c **** 
 138:Drivers/STM32_MS5837/MS5837.c **** 	for ( uint8_t i = 0 ; i < 7 ; i++ ) {
 1033              		.loc 1 138 2 view .LVU284
 1034              	.LBB4:
 1035              		.loc 1 138 8 view .LVU285
 1036              		.loc 1 138 2 is_stmt 0 view .LVU286
 1037 001c 10E0     		b	.L69
 1038              	.LVL98:
 1039              	.L70:
 139:Drivers/STM32_MS5837/MS5837.c **** 		MS5837_values.C[i] = I2C_read16(MS5837_PROM_READ+(i*2),i2c_channel);
 1040              		.loc 1 139 3 is_stmt 1 discriminator 3 view .LVU287
 1041              		.loc 1 139 24 is_stmt 0 discriminator 3 view .LVU288
 1042 001e 04F15000 		add	r0, r4, #80
 1043 0022 4000     		lsls	r0, r0, #1
 1044 0024 2946     		mov	r1, r5
 1045 0026 00F0FE00 		and	r0, r0, #254
 1046 002a FFF7FEFF 		bl	I2C_read16
 1047              	.LVL99:
 1048              		.loc 1 139 22 discriminator 3 view .LVU289
 1049 002e 221D     		adds	r2, r4, #4
 1050 0030 0C4B     		ldr	r3, .L74+8
 1051 0032 23F81200 		strh	r0, [r3, r2, lsl #1]	@ movhi
 140:Drivers/STM32_MS5837/MS5837.c **** 		HAL_Delay(20);
 1052              		.loc 1 140 3 is_stmt 1 discriminator 3 view .LVU290
 1053 0036 1420     		movs	r0, #20
 1054 0038 FFF7FEFF 		bl	HAL_Delay
 1055              	.LVL100:
 138:Drivers/STM32_MS5837/MS5837.c **** 		MS5837_values.C[i] = I2C_read16(MS5837_PROM_READ+(i*2),i2c_channel);
 1056              		.loc 1 138 32 discriminator 3 view .LVU291
ARM GAS  C:\Users\kirby\AppData\Local\Temp\ccmcAX5R.s 			page 24


 138:Drivers/STM32_MS5837/MS5837.c **** 		MS5837_values.C[i] = I2C_read16(MS5837_PROM_READ+(i*2),i2c_channel);
 1057              		.loc 1 138 33 is_stmt 0 discriminator 3 view .LVU292
 1058 003c 0134     		adds	r4, r4, #1
 1059              	.LVL101:
 138:Drivers/STM32_MS5837/MS5837.c **** 		MS5837_values.C[i] = I2C_read16(MS5837_PROM_READ+(i*2),i2c_channel);
 1060              		.loc 1 138 33 discriminator 3 view .LVU293
 1061 003e E4B2     		uxtb	r4, r4
 1062              	.LVL102:
 1063              	.L69:
 138:Drivers/STM32_MS5837/MS5837.c **** 		MS5837_values.C[i] = I2C_read16(MS5837_PROM_READ+(i*2),i2c_channel);
 1064              		.loc 1 138 24 is_stmt 1 discriminator 1 view .LVU294
 138:Drivers/STM32_MS5837/MS5837.c **** 		MS5837_values.C[i] = I2C_read16(MS5837_PROM_READ+(i*2),i2c_channel);
 1065              		.loc 1 138 2 is_stmt 0 discriminator 1 view .LVU295
 1066 0040 062C     		cmp	r4, #6
 1067 0042 ECD9     		bls	.L70
 1068              	.LBE4:
 141:Drivers/STM32_MS5837/MS5837.c **** 	}
 142:Drivers/STM32_MS5837/MS5837.c **** 	uint8_t crcRead = MS5837_values.C[0] >> 12;
 1069              		.loc 1 142 2 is_stmt 1 view .LVU296
 1070              		.loc 1 142 35 is_stmt 0 view .LVU297
 1071 0044 0748     		ldr	r0, .L74+8
 1072 0046 30F8084F 		ldrh	r4, [r0, #8]!
 1073              	.LVL103:
 1074              		.loc 1 142 10 view .LVU298
 1075 004a 240B     		lsrs	r4, r4, #12
 1076              	.LVL104:
 143:Drivers/STM32_MS5837/MS5837.c **** 	uint8_t crcCalculated = crc4(MS5837_values.C);
 1077              		.loc 1 143 2 is_stmt 1 view .LVU299
 1078              		.loc 1 143 26 is_stmt 0 view .LVU300
 1079 004c FFF7FEFF 		bl	crc4
 1080              	.LVL105:
 144:Drivers/STM32_MS5837/MS5837.c **** 
 145:Drivers/STM32_MS5837/MS5837.c **** 	if ( crcCalculated == crcRead ) {
 1081              		.loc 1 145 2 is_stmt 1 view .LVU301
 1082              		.loc 1 145 5 is_stmt 0 view .LVU302
 1083 0050 8442     		cmp	r4, r0
 1084 0052 01D0     		beq	.L72
 146:Drivers/STM32_MS5837/MS5837.c **** 		return 1;
 147:Drivers/STM32_MS5837/MS5837.c **** 	}
 148:Drivers/STM32_MS5837/MS5837.c **** 
 149:Drivers/STM32_MS5837/MS5837.c **** 	return 0;
 1085              		.loc 1 149 9 view .LVU303
 1086 0054 0020     		movs	r0, #0
 1087              	.LVL106:
 1088              	.L71:
 150:Drivers/STM32_MS5837/MS5837.c **** }
 1089              		.loc 1 150 1 view .LVU304
 1090 0056 38BD     		pop	{r3, r4, r5, pc}
 1091              	.LVL107:
 1092              	.L72:
 146:Drivers/STM32_MS5837/MS5837.c **** 		return 1;
 1093              		.loc 1 146 10 view .LVU305
 1094 0058 0120     		movs	r0, #1
 1095              	.LVL108:
 146:Drivers/STM32_MS5837/MS5837.c **** 		return 1;
 1096              		.loc 1 146 10 view .LVU306
 1097 005a FCE7     		b	.L71
ARM GAS  C:\Users\kirby\AppData\Local\Temp\ccmcAX5R.s 			page 25


 1098              	.L75:
 1099              		.align	2
 1100              	.L74:
 1101 005c 00000000 		.word	.LANCHOR1
 1102 0060 00A08044 		.word	1149280256
 1103 0064 00000000 		.word	.LANCHOR0
 1104              		.cfi_endproc
 1105              	.LFE71:
 1107              		.section	.text.MS5837_read,"ax",%progbits
 1108              		.align	1
 1109              		.global	MS5837_read
 1110              		.syntax unified
 1111              		.thumb
 1112              		.thumb_func
 1114              	MS5837_read:
 1115              	.LVL109:
 1116              	.LFB72:
 151:Drivers/STM32_MS5837/MS5837.c **** 
 152:Drivers/STM32_MS5837/MS5837.c **** void MS5837_read(I2C_HandleTypeDef *i2c_channel) {
 1117              		.loc 1 152 50 is_stmt 1 view -0
 1118              		.cfi_startproc
 1119              		@ args = 0, pretend = 0, frame = 0
 1120              		@ frame_needed = 0, uses_anonymous_args = 0
 1121              		.loc 1 152 50 is_stmt 0 view .LVU308
 1122 0000 38B5     		push	{r3, r4, r5, lr}
 1123              	.LCFI11:
 1124              		.cfi_def_cfa_offset 16
 1125              		.cfi_offset 3, -16
 1126              		.cfi_offset 4, -12
 1127              		.cfi_offset 5, -8
 1128              		.cfi_offset 14, -4
 1129 0002 0446     		mov	r4, r0
 153:Drivers/STM32_MS5837/MS5837.c **** 	I2C_send(MS5837_CONVERT_D1_8192, i2c_channel);
 1130              		.loc 1 153 2 is_stmt 1 view .LVU309
 1131 0004 0146     		mov	r1, r0
 1132 0006 4A20     		movs	r0, #74
 1133              	.LVL110:
 1134              		.loc 1 153 2 is_stmt 0 view .LVU310
 1135 0008 FFF7FEFF 		bl	I2C_send
 1136              	.LVL111:
 154:Drivers/STM32_MS5837/MS5837.c **** 	HAL_Delay(20);
 1137              		.loc 1 154 2 is_stmt 1 view .LVU311
 1138 000c 1420     		movs	r0, #20
 1139 000e FFF7FEFF 		bl	HAL_Delay
 1140              	.LVL112:
 155:Drivers/STM32_MS5837/MS5837.c **** 
 156:Drivers/STM32_MS5837/MS5837.c **** 	MS5837_values.D1 = I2C_read32(MS5837_ADC_READ, i2c_channel);
 1141              		.loc 1 156 2 view .LVU312
 1142              		.loc 1 156 21 is_stmt 0 view .LVU313
 1143 0012 2146     		mov	r1, r4
 1144 0014 0020     		movs	r0, #0
 1145 0016 FFF7FEFF 		bl	I2C_read32
 1146              	.LVL113:
 1147              		.loc 1 156 19 view .LVU314
 1148 001a 0C4D     		ldr	r5, .L78
 1149 001c A861     		str	r0, [r5, #24]
 157:Drivers/STM32_MS5837/MS5837.c **** 	MS5837_values.D1 = MS5837_values.D1>>8;
ARM GAS  C:\Users\kirby\AppData\Local\Temp\ccmcAX5R.s 			page 26


 1150              		.loc 1 157 2 is_stmt 1 view .LVU315
 1151              		.loc 1 157 37 is_stmt 0 view .LVU316
 1152 001e 000A     		lsrs	r0, r0, #8
 1153              		.loc 1 157 19 view .LVU317
 1154 0020 A861     		str	r0, [r5, #24]
 158:Drivers/STM32_MS5837/MS5837.c **** 	HAL_Delay(20);
 1155              		.loc 1 158 2 is_stmt 1 view .LVU318
 1156 0022 1420     		movs	r0, #20
 1157 0024 FFF7FEFF 		bl	HAL_Delay
 1158              	.LVL114:
 159:Drivers/STM32_MS5837/MS5837.c **** 	I2C_send(MS5837_CONVERT_D2_8192, i2c_channel);
 1159              		.loc 1 159 2 view .LVU319
 1160 0028 2146     		mov	r1, r4
 1161 002a 5A20     		movs	r0, #90
 1162 002c FFF7FEFF 		bl	I2C_send
 1163              	.LVL115:
 160:Drivers/STM32_MS5837/MS5837.c **** 	HAL_Delay(20);
 1164              		.loc 1 160 2 view .LVU320
 1165 0030 1420     		movs	r0, #20
 1166 0032 FFF7FEFF 		bl	HAL_Delay
 1167              	.LVL116:
 161:Drivers/STM32_MS5837/MS5837.c **** 
 162:Drivers/STM32_MS5837/MS5837.c **** 	MS5837_values.D2 = I2C_read32(MS5837_ADC_READ, i2c_channel);
 1168              		.loc 1 162 2 view .LVU321
 1169              		.loc 1 162 21 is_stmt 0 view .LVU322
 1170 0036 2146     		mov	r1, r4
 1171 0038 0020     		movs	r0, #0
 1172 003a FFF7FEFF 		bl	I2C_read32
 1173              	.LVL117:
 1174              		.loc 1 162 19 view .LVU323
 1175 003e E861     		str	r0, [r5, #28]
 163:Drivers/STM32_MS5837/MS5837.c **** 	MS5837_values.D2 = MS5837_values.D2>>8;
 1176              		.loc 1 163 2 is_stmt 1 view .LVU324
 1177              		.loc 1 163 37 is_stmt 0 view .LVU325
 1178 0040 000A     		lsrs	r0, r0, #8
 1179              		.loc 1 163 19 view .LVU326
 1180 0042 E861     		str	r0, [r5, #28]
 164:Drivers/STM32_MS5837/MS5837.c **** 
 165:Drivers/STM32_MS5837/MS5837.c **** 	calculate();
 1181              		.loc 1 165 2 is_stmt 1 view .LVU327
 1182 0044 FFF7FEFF 		bl	calculate
 1183              	.LVL118:
 166:Drivers/STM32_MS5837/MS5837.c **** }
 1184              		.loc 1 166 1 is_stmt 0 view .LVU328
 1185 0048 38BD     		pop	{r3, r4, r5, pc}
 1186              	.LVL119:
 1187              	.L79:
 1188              		.loc 1 166 1 view .LVU329
 1189 004a 00BF     		.align	2
 1190              	.L78:
 1191 004c 00000000 		.word	.LANCHOR0
 1192              		.cfi_endproc
 1193              	.LFE72:
 1195              		.global	__aeabi_fmul
 1196              		.global	__aeabi_fsub
 1197              		.global	__aeabi_f2d
 1198              		.global	__aeabi_dmul
ARM GAS  C:\Users\kirby\AppData\Local\Temp\ccmcAX5R.s 			page 27


 1199              		.global	__aeabi_ddiv
 1200              		.global	__aeabi_d2f
 1201              		.section	.text.depth,"ax",%progbits
 1202              		.align	1
 1203              		.global	depth
 1204              		.syntax unified
 1205              		.thumb
 1206              		.thumb_func
 1208              	depth:
 1209              	.LFB73:
 167:Drivers/STM32_MS5837/MS5837.c **** 
 168:Drivers/STM32_MS5837/MS5837.c **** float depth() {
 1210              		.loc 1 168 15 is_stmt 1 view -0
 1211              		.cfi_startproc
 1212              		@ args = 0, pretend = 0, frame = 0
 1213              		@ frame_needed = 0, uses_anonymous_args = 0
 1214 0000 70B5     		push	{r4, r5, r6, lr}
 1215              	.LCFI12:
 1216              		.cfi_def_cfa_offset 16
 1217              		.cfi_offset 4, -16
 1218              		.cfi_offset 5, -12
 1219              		.cfi_offset 6, -8
 1220              		.cfi_offset 14, -4
 169:Drivers/STM32_MS5837/MS5837.c **** 	return (MS5837.pressure*100.0f-101300)/(MS5837.fluidDensity*9.80665);
 1221              		.loc 1 169 2 view .LVU331
 1222              		.loc 1 169 16 is_stmt 0 view .LVU332
 1223 0002 114E     		ldr	r6, .L82+8
 1224              		.loc 1 169 25 view .LVU333
 1225 0004 1149     		ldr	r1, .L82+12
 1226 0006 F068     		ldr	r0, [r6, #12]	@ float
 1227 0008 FFF7FEFF 		bl	__aeabi_fmul
 1228              	.LVL120:
 1229              		.loc 1 169 32 view .LVU334
 1230 000c 1049     		ldr	r1, .L82+16
 1231 000e FFF7FEFF 		bl	__aeabi_fsub
 1232              	.LVL121:
 1233 0012 FFF7FEFF 		bl	__aeabi_f2d
 1234              	.LVL122:
 1235 0016 0446     		mov	r4, r0
 1236 0018 0D46     		mov	r5, r1
 1237              		.loc 1 169 48 view .LVU335
 1238 001a 7068     		ldr	r0, [r6, #4]	@ float
 1239 001c FFF7FEFF 		bl	__aeabi_f2d
 1240              	.LVL123:
 1241              		.loc 1 169 61 view .LVU336
 1242 0020 07A3     		adr	r3, .L82
 1243 0022 D3E90023 		ldrd	r2, [r3]
 1244 0026 FFF7FEFF 		bl	__aeabi_dmul
 1245              	.LVL124:
 1246 002a 0246     		mov	r2, r0
 1247 002c 0B46     		mov	r3, r1
 1248              		.loc 1 169 40 view .LVU337
 1249 002e 2046     		mov	r0, r4
 1250 0030 2946     		mov	r1, r5
 1251 0032 FFF7FEFF 		bl	__aeabi_ddiv
 1252              	.LVL125:
 1253 0036 FFF7FEFF 		bl	__aeabi_d2f
ARM GAS  C:\Users\kirby\AppData\Local\Temp\ccmcAX5R.s 			page 28


 1254              	.LVL126:
 170:Drivers/STM32_MS5837/MS5837.c **** }
 1255              		.loc 1 170 1 view .LVU338
 1256 003a 70BD     		pop	{r4, r5, r6, pc}
 1257              	.L83:
 1258 003c AFF30080 		.align	3
 1259              	.L82:
 1260 0040 05A3923A 		.word	982688517
 1261 0044 019D2340 		.word	1076075777
 1262 0048 00000000 		.word	.LANCHOR1
 1263 004c 0000C842 		.word	1120403456
 1264 0050 00DAC547 		.word	1204148736
 1265              		.cfi_endproc
 1266              	.LFE73:
 1268              		.global	__aeabi_dsub
 1269              		.section	.text.altitude,"ax",%progbits
 1270              		.align	1
 1271              		.global	altitude
 1272              		.syntax unified
 1273              		.thumb
 1274              		.thumb_func
 1276              	altitude:
 1277              	.LFB74:
 171:Drivers/STM32_MS5837/MS5837.c **** 
 172:Drivers/STM32_MS5837/MS5837.c **** float altitude() {
 1278              		.loc 1 172 18 is_stmt 1 view -0
 1279              		.cfi_startproc
 1280              		@ args = 0, pretend = 0, frame = 0
 1281              		@ frame_needed = 0, uses_anonymous_args = 0
 1282 0000 08B5     		push	{r3, lr}
 1283              	.LCFI13:
 1284              		.cfi_def_cfa_offset 8
 1285              		.cfi_offset 3, -8
 1286              		.cfi_offset 14, -4
 173:Drivers/STM32_MS5837/MS5837.c **** 	return (1-pow((MS5837.pressure/1013.25),.190284))*145366.45*.3048;
 1287              		.loc 1 173 2 view .LVU340
 1288              		.loc 1 173 23 is_stmt 0 view .LVU341
 1289 0002 194B     		ldr	r3, .L86+32
 1290 0004 D868     		ldr	r0, [r3, #12]	@ float
 1291 0006 FFF7FEFF 		bl	__aeabi_f2d
 1292              	.LVL127:
 1293              		.loc 1 173 12 view .LVU342
 1294 000a 0FA3     		adr	r3, .L86
 1295 000c D3E90023 		ldrd	r2, [r3]
 1296 0010 FFF7FEFF 		bl	__aeabi_ddiv
 1297              	.LVL128:
 1298 0014 0EA3     		adr	r3, .L86+8
 1299 0016 D3E90023 		ldrd	r2, [r3]
 1300 001a FFF7FEFF 		bl	pow
 1301              	.LVL129:
 1302 001e 0246     		mov	r2, r0
 1303 0020 0B46     		mov	r3, r1
 1304              		.loc 1 173 11 view .LVU343
 1305 0022 0020     		movs	r0, #0
 1306 0024 1149     		ldr	r1, .L86+36
 1307 0026 FFF7FEFF 		bl	__aeabi_dsub
 1308              	.LVL130:
ARM GAS  C:\Users\kirby\AppData\Local\Temp\ccmcAX5R.s 			page 29


 1309              		.loc 1 173 51 view .LVU344
 1310 002a 0BA3     		adr	r3, .L86+16
 1311 002c D3E90023 		ldrd	r2, [r3]
 1312 0030 FFF7FEFF 		bl	__aeabi_dmul
 1313              	.LVL131:
 1314              		.loc 1 173 61 view .LVU345
 1315 0034 0AA3     		adr	r3, .L86+24
 1316 0036 D3E90023 		ldrd	r2, [r3]
 1317 003a FFF7FEFF 		bl	__aeabi_dmul
 1318              	.LVL132:
 1319 003e FFF7FEFF 		bl	__aeabi_d2f
 1320              	.LVL133:
 174:Drivers/STM32_MS5837/MS5837.c **** }...
 1321              		.loc 1 174 1 view .LVU346
 1322 0042 08BD     		pop	{r3, pc}
 1323              	.L87:
 1324 0044 AFF30080 		.align	3
 1325              	.L86:
 1326 0048 00000000 		.word	0
 1327 004c 00AA8F40 		.word	1083156992
 1328 0050 3CDD79E2 		.word	-495329988
 1329 0054 395BC83F 		.word	1070095161
 1330 0058 9A999999 		.word	-1717986918
 1331 005c B3BE0141 		.word	1090633395
 1332 0060 FD87F4DB 		.word	-604731395
 1333 0064 D781D33F 		.word	1070825943
 1334 0068 00000000 		.word	.LANCHOR1
 1335 006c 0000F03F 		.word	1072693248
 1336              		.cfi_endproc
 1337              	.LFE74:
 1339              		.global	MS5837
 1340              		.global	MS5837_values
 1341              		.section	.bss.MS5837,"aw",%nobits
 1342              		.align	2
 1343              		.set	.LANCHOR1,. + 0
 1346              	MS5837:
 1347 0000 00000000 		.space	16
 1347      00000000 
 1347      00000000 
 1347      00000000 
 1348              		.section	.bss.MS5837_values,"aw",%nobits
 1349              		.align	2
 1350              		.set	.LANCHOR0,. + 0
 1353              	MS5837_values:
 1354 0000 00000000 		.space	32
 1354      00000000 
 1354      00000000 
 1354      00000000 
 1354      00000000 
 1355              		.text
 1356              	.Letext0:
 1357              		.file 2 "c:\\users\\kirby\\appdata\\roaming\\code\\user\\globalstorage\\bmd.stm32-for-vscode\\@xpa
 1358              		.file 3 "c:\\users\\kirby\\appdata\\roaming\\code\\user\\globalstorage\\bmd.stm32-for-vscode\\@xpa
 1359              		.file 4 "Drivers/CMSIS/Device/ST/STM32F1xx/Include/stm32f103xb.h"
 1360              		.file 5 "Drivers/STM32F1xx_HAL_Driver/Inc/stm32f1xx_hal_def.h"
 1361              		.file 6 "Drivers/STM32F1xx_HAL_Driver/Inc/stm32f1xx_hal_dma.h"
 1362              		.file 7 "Drivers/STM32F1xx_HAL_Driver/Inc/stm32f1xx_hal_i2c.h"
ARM GAS  C:\Users\kirby\AppData\Local\Temp\ccmcAX5R.s 			page 30


 1363              		.file 8 "Drivers/STM32_MS5837/MS5837.h"
 1364              		.file 9 "Drivers/STM32F1xx_HAL_Driver/Inc/stm32f1xx_hal.h"
 1365              		.file 10 "<built-in>"
ARM GAS  C:\Users\kirby\AppData\Local\Temp\ccmcAX5R.s 			page 31


DEFINED SYMBOLS
                            *ABS*:0000000000000000 MS5837.c
C:\Users\kirby\AppData\Local\Temp\ccmcAX5R.s:18     .text.crc4:0000000000000000 $t
C:\Users\kirby\AppData\Local\Temp\ccmcAX5R.s:23     .text.crc4:0000000000000000 crc4
C:\Users\kirby\AppData\Local\Temp\ccmcAX5R.s:153    .text.calculate:0000000000000000 $t
C:\Users\kirby\AppData\Local\Temp\ccmcAX5R.s:158    .text.calculate:0000000000000000 calculate
C:\Users\kirby\AppData\Local\Temp\ccmcAX5R.s:637    .text.calculate:00000000000002c0 $d
C:\Users\kirby\AppData\Local\Temp\ccmcAX5R.s:644    .text.calculate:00000000000002d0 $t
C:\Users\kirby\AppData\Local\Temp\ccmcAX5R.s:779    .text.calculate:0000000000000384 $d
C:\Users\kirby\AppData\Local\Temp\ccmcAX5R.s:787    .text.I2C_send:0000000000000000 $t
C:\Users\kirby\AppData\Local\Temp\ccmcAX5R.s:792    .text.I2C_send:0000000000000000 I2C_send
C:\Users\kirby\AppData\Local\Temp\ccmcAX5R.s:832    .text.I2C_read16:0000000000000000 $t
C:\Users\kirby\AppData\Local\Temp\ccmcAX5R.s:837    .text.I2C_read16:0000000000000000 I2C_read16
C:\Users\kirby\AppData\Local\Temp\ccmcAX5R.s:907    .text.I2C_read32:0000000000000000 $t
C:\Users\kirby\AppData\Local\Temp\ccmcAX5R.s:912    .text.I2C_read32:0000000000000000 I2C_read32
C:\Users\kirby\AppData\Local\Temp\ccmcAX5R.s:991    .text.MS5837_init:0000000000000000 $t
C:\Users\kirby\AppData\Local\Temp\ccmcAX5R.s:997    .text.MS5837_init:0000000000000000 MS5837_init
C:\Users\kirby\AppData\Local\Temp\ccmcAX5R.s:1101   .text.MS5837_init:000000000000005c $d
C:\Users\kirby\AppData\Local\Temp\ccmcAX5R.s:1108   .text.MS5837_read:0000000000000000 $t
C:\Users\kirby\AppData\Local\Temp\ccmcAX5R.s:1114   .text.MS5837_read:0000000000000000 MS5837_read
C:\Users\kirby\AppData\Local\Temp\ccmcAX5R.s:1191   .text.MS5837_read:000000000000004c $d
C:\Users\kirby\AppData\Local\Temp\ccmcAX5R.s:1202   .text.depth:0000000000000000 $t
C:\Users\kirby\AppData\Local\Temp\ccmcAX5R.s:1208   .text.depth:0000000000000000 depth
C:\Users\kirby\AppData\Local\Temp\ccmcAX5R.s:1260   .text.depth:0000000000000040 $d
C:\Users\kirby\AppData\Local\Temp\ccmcAX5R.s:1270   .text.altitude:0000000000000000 $t
C:\Users\kirby\AppData\Local\Temp\ccmcAX5R.s:1276   .text.altitude:0000000000000000 altitude
C:\Users\kirby\AppData\Local\Temp\ccmcAX5R.s:1326   .text.altitude:0000000000000048 $d
C:\Users\kirby\AppData\Local\Temp\ccmcAX5R.s:1346   .bss.MS5837:0000000000000000 MS5837
C:\Users\kirby\AppData\Local\Temp\ccmcAX5R.s:1353   .bss.MS5837_values:0000000000000000 MS5837_values
C:\Users\kirby\AppData\Local\Temp\ccmcAX5R.s:1342   .bss.MS5837:0000000000000000 $d
C:\Users\kirby\AppData\Local\Temp\ccmcAX5R.s:1349   .bss.MS5837_values:0000000000000000 $d

UNDEFINED SYMBOLS
__aeabi_ldivmod
__aeabi_i2f
__aeabi_fdiv
HAL_I2C_Master_Transmit
HAL_Delay
HAL_I2C_Master_Receive
__aeabi_fmul
__aeabi_fsub
__aeabi_f2d
__aeabi_dmul
__aeabi_ddiv
__aeabi_d2f
__aeabi_dsub
pow
