2022-04-02 10:37:01,513 [INFO] Activator:177 - 


2022-04-02 10:37:01,513 [INFO] Activator:178 - !SESSION log4j initialized
2022-04-02 10:37:19,970 [INFO] McuFinderGlobals:39 - Set McuFinder mode to 2 (CubeIDE integrated)
2022-04-02 10:37:20,444 [INFO] ApplicationProperties:181 - Using Application install path: C:\ST\STM32CubeIDE_1.7.0\STM32CubeIDE\plugins\com.st.stm32cube.common.mx_6.3.0.202107141111
2022-04-02 10:37:20,460 [INFO] DbMcusXml:74 - Set database path to: C:\ST\STM32CubeIDE_1.7.0\STM32CubeIDE\plugins\com.st.stm32cube.common.mx_6.3.0.202107141111\\db\/mcu/
2022-04-02 10:37:20,460 [INFO] DbBoardsPdsc:56 - Set plugin database path to: C:\ST\STM32CubeIDE_1.7.0\STM32CubeIDE\plugins\com.st.stm32cube.common.mx_6.3.0.202107141111\\db\/plugins/boardmanager/
2022-04-02 10:37:20,460 [INFO] DbMcus:258 - Set plugin images path to: C:\ST\STM32CubeIDE_1.7.0\STM32CubeIDE\plugins\com.st.stm32cube.common.mx_6.3.0.202107141111\\db\/plugins/mcufinder/images/
2022-04-02 10:37:20,460 [INFO] DbBoards:264 - Set plugin images path to: C:\ST\STM32CubeIDE_1.7.0\STM32CubeIDE\plugins\com.st.stm32cube.common.mx_6.3.0.202107141111\\db\/plugins/mcufinder/images/
2022-04-02 10:37:20,468 [INFO] DbExamples:333 - Set plugin images path to: C:\ST\STM32CubeIDE_1.7.0\STM32CubeIDE\plugins\com.st.stm32cube.common.mx_6.3.0.202107141111\\db\/plugins/mcufinder/images/
2022-04-02 10:37:20,476 [INFO] DbMcusAds:119 - Set database path to: C:\Users\cxson\.stmcufinder\plugins\mcufinder//mcu/
2022-04-02 10:37:20,476 [INFO] DbMcusDocs:110 - Set database path to: C:\Users\cxson\.stmcufinder\plugins\mcufinder//mcu/
2022-04-02 10:37:20,476 [INFO] DbMcusJson:64 - Set database path to: C:\Users\cxson\.stmcufinder\plugins\mcufinder//mcu/
2022-04-02 10:37:20,476 [INFO] DbBoardsDocs:110 - Set database path to: C:\Users\cxson\.stmcufinder\plugins\mcufinder//mcu/
2022-04-02 10:37:20,484 [INFO] DbBoardsJson:57 - Set database path to: C:\Users\cxson\.stmcufinder\plugins\mcufinder//mcu/
2022-04-02 10:37:20,492 [INFO] CrossReferenceDbSqlite:196 - Set database path to: C:\Users\cxson\.stmcufinder\plugins\mcufinder//mcu/cs/
2022-04-02 10:37:20,500 [INFO] DbExamplesSqlite:767 - Set database path to: C:\Users\cxson\.stmcufinder\plugins\mcufinder//mcu/
2022-04-02 10:37:20,604 [INFO] RulesReader:57 - Compatibility file has been processed (242 Rules)
2022-04-02 10:37:20,804 [INFO] DbMcusXml:74 - Set database path to: C:\ST\STM32CubeIDE_1.7.0\STM32CubeIDE\plugins\com.st.stm32cube.common.mx_6.3.0.202107141111\\db\/mcu/
2022-04-02 10:37:20,804 [INFO] DbBoardsPdsc:56 - Set plugin database path to: C:\ST\STM32CubeIDE_1.7.0\STM32CubeIDE\plugins\com.st.stm32cube.common.mx_6.3.0.202107141111\\db\/plugins/boardmanager/
2022-04-02 10:37:20,804 [INFO] DbMcus:258 - Set plugin images path to: C:\ST\STM32CubeIDE_1.7.0\STM32CubeIDE\plugins\com.st.stm32cube.common.mx_6.3.0.202107141111\\db\/plugins/mcufinder/images/
2022-04-02 10:37:20,804 [INFO] DbBoards:264 - Set plugin images path to: C:\ST\STM32CubeIDE_1.7.0\STM32CubeIDE\plugins\com.st.stm32cube.common.mx_6.3.0.202107141111\\db\/plugins/mcufinder/images/
2022-04-02 10:37:20,804 [INFO] DbExamples:333 - Set plugin images path to: C:\ST\STM32CubeIDE_1.7.0\STM32CubeIDE\plugins\com.st.stm32cube.common.mx_6.3.0.202107141111\\db\/plugins/mcufinder/images/
2022-04-02 10:37:20,804 [WARN] DbFile:35 - Overriding database path with different value: C:\Users\cxson\.stmcufinder\plugins\mcufinder/ => C:\Users\cxson\.stmcufinder\plugins\mcufinder
2022-04-02 10:37:20,804 [INFO] DbMcusAds:119 - Set database path to: C:\Users\cxson\.stmcufinder\plugins\mcufinder//mcu/
2022-04-02 10:37:20,804 [WARN] DbFile:35 - Overriding database path with different value: C:\Users\cxson\.stmcufinder\plugins\mcufinder/ => C:\Users\cxson\.stmcufinder\plugins\mcufinder
2022-04-02 10:37:20,804 [INFO] DbMcusDocs:110 - Set database path to: C:\Users\cxson\.stmcufinder\plugins\mcufinder//mcu/
2022-04-02 10:37:20,804 [WARN] DbFile:35 - Overriding database path with different value: C:\Users\cxson\.stmcufinder\plugins\mcufinder/ => C:\Users\cxson\.stmcufinder\plugins\mcufinder
2022-04-02 10:37:20,804 [INFO] DbMcusJson:64 - Set database path to: C:\Users\cxson\.stmcufinder\plugins\mcufinder//mcu/
2022-04-02 10:37:20,804 [WARN] DbFile:35 - Overriding database path with different value: C:\Users\cxson\.stmcufinder\plugins\mcufinder/ => C:\Users\cxson\.stmcufinder\plugins\mcufinder
2022-04-02 10:37:20,804 [INFO] DbBoardsDocs:110 - Set database path to: C:\Users\cxson\.stmcufinder\plugins\mcufinder//mcu/
2022-04-02 10:37:20,804 [WARN] DbFile:35 - Overriding database path with different value: C:\Users\cxson\.stmcufinder\plugins\mcufinder/ => C:\Users\cxson\.stmcufinder\plugins\mcufinder
2022-04-02 10:37:20,804 [INFO] DbBoardsJson:57 - Set database path to: C:\Users\cxson\.stmcufinder\plugins\mcufinder//mcu/
2022-04-02 10:37:20,804 [WARN] DbFile:35 - Overriding database path with different value: C:\Users\cxson\.stmcufinder\plugins\mcufinder/ => C:\Users\cxson\.stmcufinder\plugins\mcufinder
2022-04-02 10:37:20,804 [WARN] DbFile:35 - Overriding database path with different value: C:\Users\cxson\.stmcufinder\plugins\mcufinder/ => C:\Users\cxson\.stmcufinder\plugins\mcufinder
2022-04-02 10:37:20,804 [INFO] CrossReferenceDbSqlite:196 - Set database path to: C:\Users\cxson\.stmcufinder\plugins\mcufinder//mcu/cs/
2022-04-02 10:37:20,804 [WARN] DbFile:35 - Overriding database path with different value: C:\Users\cxson\.stmcufinder\plugins\mcufinder/ => C:\Users\cxson\.stmcufinder\plugins\mcufinder
2022-04-02 10:37:20,804 [INFO] DbExamplesSqlite:767 - Set database path to: C:\Users\cxson\.stmcufinder\plugins\mcufinder//mcu/
2022-04-02 10:37:20,892 [INFO] MainPanel:214 - HeapMemory: 268435456
2022-04-02 10:37:20,980 [INFO] DbMcusXml:74 - Set database path to: C:\ST\STM32CubeIDE_1.7.0\STM32CubeIDE\plugins\com.st.stm32cube.common.mx_6.3.0.202107141111\\db\/mcu/
2022-04-02 10:37:20,980 [INFO] DbBoardsPdsc:56 - Set plugin database path to: C:\ST\STM32CubeIDE_1.7.0\STM32CubeIDE\plugins\com.st.stm32cube.common.mx_6.3.0.202107141111\\db\/plugins/boardmanager/
2022-04-02 10:37:20,980 [INFO] DbMcus:258 - Set plugin images path to: C:\ST\STM32CubeIDE_1.7.0\STM32CubeIDE\plugins\com.st.stm32cube.common.mx_6.3.0.202107141111\\db\/plugins/mcufinder/images/
2022-04-02 10:37:20,980 [INFO] DbBoards:264 - Set plugin images path to: C:\ST\STM32CubeIDE_1.7.0\STM32CubeIDE\plugins\com.st.stm32cube.common.mx_6.3.0.202107141111\\db\/plugins/mcufinder/images/
2022-04-02 10:37:20,980 [INFO] DbExamples:333 - Set plugin images path to: C:\ST\STM32CubeIDE_1.7.0\STM32CubeIDE\plugins\com.st.stm32cube.common.mx_6.3.0.202107141111\\db\/plugins/mcufinder/images/
2022-04-02 10:37:20,980 [WARN] DbFile:35 - Overriding database path with different value: C:\Users\cxson\.stmcufinder\plugins\mcufinder/ => C:\Users\cxson\.stmcufinder\plugins\mcufinder
2022-04-02 10:37:20,980 [INFO] DbMcusAds:119 - Set database path to: C:\Users\cxson\.stmcufinder\plugins\mcufinder//mcu/
2022-04-02 10:37:20,980 [WARN] DbFile:35 - Overriding database path with different value: C:\Users\cxson\.stmcufinder\plugins\mcufinder/ => C:\Users\cxson\.stmcufinder\plugins\mcufinder
2022-04-02 10:37:20,980 [INFO] DbMcusDocs:110 - Set database path to: C:\Users\cxson\.stmcufinder\plugins\mcufinder//mcu/
2022-04-02 10:37:20,980 [WARN] DbFile:35 - Overriding database path with different value: C:\Users\cxson\.stmcufinder\plugins\mcufinder/ => C:\Users\cxson\.stmcufinder\plugins\mcufinder
2022-04-02 10:37:20,980 [INFO] DbMcusJson:64 - Set database path to: C:\Users\cxson\.stmcufinder\plugins\mcufinder//mcu/
2022-04-02 10:37:20,980 [WARN] DbFile:35 - Overriding database path with different value: C:\Users\cxson\.stmcufinder\plugins\mcufinder/ => C:\Users\cxson\.stmcufinder\plugins\mcufinder
2022-04-02 10:37:20,980 [INFO] DbBoardsDocs:110 - Set database path to: C:\Users\cxson\.stmcufinder\plugins\mcufinder//mcu/
2022-04-02 10:37:20,980 [WARN] DbFile:35 - Overriding database path with different value: C:\Users\cxson\.stmcufinder\plugins\mcufinder/ => C:\Users\cxson\.stmcufinder\plugins\mcufinder
2022-04-02 10:37:20,980 [INFO] DbBoardsJson:57 - Set database path to: C:\Users\cxson\.stmcufinder\plugins\mcufinder//mcu/
2022-04-02 10:37:20,980 [WARN] DbFile:35 - Overriding database path with different value: C:\Users\cxson\.stmcufinder\plugins\mcufinder/ => C:\Users\cxson\.stmcufinder\plugins\mcufinder
2022-04-02 10:37:20,988 [WARN] DbFile:35 - Overriding database path with different value: C:\Users\cxson\.stmcufinder\plugins\mcufinder/ => C:\Users\cxson\.stmcufinder\plugins\mcufinder
2022-04-02 10:37:20,988 [INFO] CrossReferenceDbSqlite:196 - Set database path to: C:\Users\cxson\.stmcufinder\plugins\mcufinder//mcu/cs/
2022-04-02 10:37:20,988 [WARN] DbFile:35 - Overriding database path with different value: C:\Users\cxson\.stmcufinder\plugins\mcufinder/ => C:\Users\cxson\.stmcufinder\plugins\mcufinder
2022-04-02 10:37:20,988 [INFO] DbExamplesSqlite:767 - Set database path to: C:\Users\cxson\.stmcufinder\plugins\mcufinder//mcu/
2022-04-02 10:37:21,004 [INFO] ApplicationProperties:181 - Using Application install path: C:\ST\STM32CubeIDE_1.7.0\STM32CubeIDE\plugins\com.st.stm32cube.common.mx_6.3.0.202107141111
2022-04-02 10:37:21,012 [INFO] PluginManage:188 - Search for loadable plugins [exclusion list=, ]
2022-04-02 10:37:21,012 [INFO] PluginManage:302 - Check plugin analytics
2022-04-02 10:37:21,188 [INFO] AnalyticsPlugin:257 - Accepted Software Licenses: 
2022-04-02 10:37:21,188 [INFO] AnalyticsPlugin:259 - Accepted CMSIS Pack Licenses: 
2022-04-02 10:37:21,188 [INFO] AnalyticsPlugin:261 - Accepted Firmware Licenses: 
2022-04-02 10:37:21,188 [INFO] PluginManage:352 - Loaded plugin analytics (category:tool,tabindex:-1)
2022-04-02 10:37:21,188 [INFO] PluginManage:302 - Check plugin clock
2022-04-02 10:37:21,204 [INFO] PluginManage:352 - Loaded plugin clock (category:base,tabindex:2)
2022-04-02 10:37:21,204 [INFO] PluginManage:302 - Check plugin ddr
2022-04-02 10:37:21,212 [INFO] PluginManage:352 - Loaded plugin ddr (category:tool,tabindex:6)
2022-04-02 10:37:21,212 [INFO] PluginManage:302 - Check plugin filemanager
2022-04-02 10:37:21,388 [INFO] PluginManage:352 - Loaded plugin filemanager (category:base,tabindex:10)
2022-04-02 10:37:21,388 [INFO] PluginManage:302 - Check plugin ipmanager
2022-04-02 10:37:21,396 [INFO] PluginManage:352 - Loaded plugin ipmanager (category:base,tabindex:5)
2022-04-02 10:37:21,396 [INFO] PluginManage:302 - Check plugin pinoutandconfiguration
2022-04-02 10:37:21,412 [INFO] PluginManage:352 - Loaded plugin pinoutandconfiguration (category:base,tabindex:1)
2022-04-02 10:37:21,412 [INFO] PluginManage:302 - Check plugin pinoutconfig
2022-04-02 10:37:21,452 [INFO] PluginManage:352 - Loaded plugin pinoutconfig (category:base,tabindex:0)
2022-04-02 10:37:21,452 [INFO] PluginManage:302 - Check plugin power
2022-04-02 10:37:21,468 [INFO] PluginManage:352 - Loaded plugin power (category:power,tabindex:4)
2022-04-02 10:37:21,468 [INFO] PluginManage:302 - Check plugin projectmanager
2022-04-02 10:37:21,484 [INFO] PluginManage:352 - Loaded plugin projectmanager (category:projectmanager,tabindex:3)
2022-04-02 10:37:21,484 [INFO] PluginManage:302 - Check plugin thirdparty
2022-04-02 10:37:21,724 [WARN] IntegrityCheckThread:78 - waiting for thirdparty lock release [integrity check]
2022-04-02 10:37:21,724 [INFO] PluginManage:352 - Loaded plugin thirdparty (category:base,tabindex:-1)
2022-04-02 10:37:21,732 [INFO] PluginManage:302 - Check plugin tools
2022-04-02 10:37:21,732 [INFO] IntegrityCheckThread:80 - entering critical section [integrity check]
2022-04-02 10:37:21,732 [INFO] ThirdPartyUpdaterWithRetryManager:66 - Updater plugin not ready yet. [1/15]
2022-04-02 10:37:21,780 [INFO] PluginManage:352 - Loaded plugin tools (category:base,tabindex:7)
2022-04-02 10:37:21,780 [INFO] PluginManage:302 - Check plugin tutovideos
2022-04-02 10:37:22,028 [INFO] PluginManage:352 - Loaded plugin tutovideos (category:base,tabindex:-1)
2022-04-02 10:37:22,028 [INFO] PluginManage:302 - Check plugin updater
2022-04-02 10:37:22,036 [INFO] PluginManage:352 - Loaded plugin updater (category:base,tabindex:12)
2022-04-02 10:37:22,036 [INFO] PluginManage:275 - PluginManage : Loaded plugins [13]
2022-04-02 10:37:22,228 [INFO] PinOutPanel:1463 - setPackage(No Configuration,No Configuration)
2022-04-02 10:37:22,332 [INFO] IPUIPlugin:74 - create IPUIPlugin
2022-04-02 10:37:22,332 [INFO] PluginManager:213 - loadIPPluginJar : add adc
2022-04-02 10:37:22,372 [INFO] IPUIPlugin:74 - create IPUIPlugin
2022-04-02 10:37:22,372 [INFO] PluginManager:213 - loadIPPluginJar : add aes
2022-04-02 10:37:22,412 [INFO] IPUIPlugin:74 - create IPUIPlugin
2022-04-02 10:37:22,412 [INFO] PluginManager:213 - loadIPPluginJar : add can
2022-04-02 10:37:22,436 [INFO] IPUIPlugin:74 - create IPUIPlugin
2022-04-02 10:37:22,436 [INFO] PluginManager:213 - loadIPPluginJar : add comp
2022-04-02 10:37:22,468 [INFO] IPUIPlugin:74 - create IPUIPlugin
2022-04-02 10:37:22,468 [INFO] PluginManager:213 - loadIPPluginJar : add cryp
2022-04-02 10:37:22,500 [INFO] IPUIPlugin:74 - create IPUIPlugin
2022-04-02 10:37:22,500 [INFO] PluginManager:213 - loadIPPluginJar : add dfsdm
2022-04-02 10:37:22,508 [INFO] IPUIPlugin:74 - create IPUIPlugin
2022-04-02 10:37:22,508 [INFO] PluginManager:213 - loadIPPluginJar : add dma
2022-04-02 10:37:22,540 [INFO] IPUIPlugin:74 - create IPUIPlugin
2022-04-02 10:37:22,540 [INFO] PluginManager:213 - loadIPPluginJar : add dma3
2022-04-02 10:37:22,564 [INFO] IPUIPlugin:74 - create IPUIPlugin
2022-04-02 10:37:22,564 [INFO] PluginManager:213 - loadIPPluginJar : add fatfs
2022-04-02 10:37:22,604 [INFO] IPUIPlugin:74 - create IPUIPlugin
2022-04-02 10:37:22,604 [INFO] PluginManager:213 - loadIPPluginJar : add fmc
2022-04-02 10:37:22,644 [INFO] IPUIPlugin:74 - create IPUIPlugin
2022-04-02 10:37:22,644 [INFO] PluginManager:213 - loadIPPluginJar : add freertos
2022-04-02 10:37:22,660 [INFO] IPUIPlugin:74 - create IPUIPlugin
2022-04-02 10:37:22,668 [INFO] PluginManager:213 - loadIPPluginJar : add genericplugin
2022-04-02 10:37:22,732 [INFO] IPUIPlugin:74 - create IPUIPlugin
2022-04-02 10:37:22,732 [INFO] PluginManager:213 - loadIPPluginJar : add gfxmmu
2022-04-02 10:37:22,836 [INFO] IPUIPlugin:74 - create IPUIPlugin
2022-04-02 10:37:22,836 [INFO] PluginManager:213 - loadIPPluginJar : add gic
2022-04-02 10:37:22,852 [INFO] IPUIPlugin:74 - create IPUIPlugin
2022-04-02 10:37:22,852 [INFO] PluginManager:213 - loadIPPluginJar : add gpio
2022-04-02 10:37:22,924 [INFO] IPUIPlugin:74 - create IPUIPlugin
2022-04-02 10:37:22,924 [INFO] PluginManager:213 - loadIPPluginJar : add gtzc
2022-04-02 10:37:22,948 [INFO] IPUIPlugin:74 - create IPUIPlugin
2022-04-02 10:37:22,948 [INFO] PluginManager:213 - loadIPPluginJar : add hash
2022-04-02 10:37:22,988 [INFO] IPUIPlugin:74 - create IPUIPlugin
2022-04-02 10:37:22,988 [INFO] PluginManager:213 - loadIPPluginJar : add i2c
2022-04-02 10:37:23,020 [INFO] IPUIPlugin:74 - create IPUIPlugin
2022-04-02 10:37:23,020 [INFO] PluginManager:213 - loadIPPluginJar : add i2s
2022-04-02 10:37:23,028 [INFO] IPUIPlugin:74 - create IPUIPlugin
2022-04-02 10:37:23,028 [INFO] PluginManager:213 - loadIPPluginJar : add ipddr
2022-04-02 10:37:23,100 [INFO] IPUIPlugin:74 - create IPUIPlugin
2022-04-02 10:37:23,100 [INFO] PluginManager:213 - loadIPPluginJar : add linkedlist
2022-04-02 10:37:23,124 [INFO] IPUIPlugin:74 - create IPUIPlugin
2022-04-02 10:37:23,124 [INFO] PluginManager:213 - loadIPPluginJar : add lorawan
2022-04-02 10:37:23,156 [INFO] IPUIPlugin:74 - create IPUIPlugin
2022-04-02 10:37:23,156 [INFO] PluginManager:213 - loadIPPluginJar : add ltdc
2022-04-02 10:37:23,164 [INFO] IPUIPlugin:74 - create IPUIPlugin
2022-04-02 10:37:23,164 [INFO] PluginManager:213 - loadIPPluginJar : add mdma
2022-04-02 10:37:23,172 [INFO] IPUIPlugin:74 - create IPUIPlugin
2022-04-02 10:37:23,172 [INFO] PluginManager:213 - loadIPPluginJar : add nvic
2022-04-02 10:37:23,204 [INFO] IPUIPlugin:74 - create IPUIPlugin
2022-04-02 10:37:23,204 [INFO] PluginManager:213 - loadIPPluginJar : add opamp
2022-04-02 10:37:23,260 [INFO] IPUIPlugin:74 - create IPUIPlugin
2022-04-02 10:37:23,260 [INFO] PluginManager:213 - loadIPPluginJar : add openamp
2022-04-02 10:37:23,300 [INFO] IPUIPlugin:74 - create IPUIPlugin
2022-04-02 10:37:23,300 [INFO] PluginManager:213 - loadIPPluginJar : add pdm2pcm
2022-04-02 10:37:23,308 [INFO] IPUIPlugin:74 - create IPUIPlugin
2022-04-02 10:37:23,316 [INFO] PluginManager:213 - loadIPPluginJar : add plateformsettings
2022-04-02 10:37:23,340 [INFO] IPUIPlugin:74 - create IPUIPlugin
2022-04-02 10:37:23,340 [INFO] PluginManager:213 - loadIPPluginJar : add quadspi
2022-04-02 10:37:23,348 [INFO] IPUIPlugin:74 - create IPUIPlugin
2022-04-02 10:37:23,348 [INFO] PluginManager:213 - loadIPPluginJar : add resmgrutility
2022-04-02 10:37:23,404 [INFO] IPUIPlugin:74 - create IPUIPlugin
2022-04-02 10:37:23,404 [INFO] PluginManager:213 - loadIPPluginJar : add sai
2022-04-02 10:37:23,428 [INFO] IPUIPlugin:74 - create IPUIPlugin
2022-04-02 10:37:23,428 [INFO] PluginManager:213 - loadIPPluginJar : add spi
2022-04-02 10:37:23,476 [INFO] IPUIPlugin:74 - create IPUIPlugin
2022-04-02 10:37:23,476 [INFO] PluginManager:213 - loadIPPluginJar : add stm32_wpan
2022-04-02 10:37:23,492 [INFO] IPUIPlugin:74 - create IPUIPlugin
2022-04-02 10:37:23,492 [INFO] PluginManager:213 - loadIPPluginJar : add tim
2022-04-02 10:37:23,548 [INFO] IPUIPlugin:74 - create IPUIPlugin
2022-04-02 10:37:23,548 [INFO] PluginManager:213 - loadIPPluginJar : add touchsensing
2022-04-02 10:37:23,564 [INFO] IPUIPlugin:74 - create IPUIPlugin
2022-04-02 10:37:23,564 [INFO] PluginManager:213 - loadIPPluginJar : add tracer_emb
2022-04-02 10:37:23,588 [INFO] IPUIPlugin:74 - create IPUIPlugin
2022-04-02 10:37:23,588 [INFO] PluginManager:213 - loadIPPluginJar : add ts
2022-04-02 10:37:23,612 [INFO] IPUIPlugin:74 - create IPUIPlugin
2022-04-02 10:37:23,612 [INFO] PluginManager:213 - loadIPPluginJar : add tsc
2022-04-02 10:37:23,628 [INFO] IPUIPlugin:74 - create IPUIPlugin
2022-04-02 10:37:23,628 [INFO] PluginManager:213 - loadIPPluginJar : add ucpd
2022-04-02 10:37:23,692 [INFO] IPUIPlugin:74 - create IPUIPlugin
2022-04-02 10:37:23,692 [INFO] PluginManager:213 - loadIPPluginJar : add usart
2022-04-02 10:37:23,756 [INFO] IPUIPlugin:74 - create IPUIPlugin
2022-04-02 10:37:23,764 [INFO] PluginManager:213 - loadIPPluginJar : add usbx
2022-04-02 10:37:24,140 [FATAL] Updater:294 - Updater called before beeing initialized
2022-04-02 10:37:24,268 [FATAL] Updater:294 - Updater called before beeing initialized
2022-04-02 10:37:24,276 [INFO] DbMcusAds:47 - JSON generation date=Wed Sep 29 23:55:10 PDT 2021 (1632984910476)
2022-04-02 10:37:24,276 [FATAL] Updater:294 - Updater called before beeing initialized
2022-04-02 10:37:24,380 [WARN] DetailPanel:314 - Failed to get advertising image, set to default
2022-04-02 10:37:24,524 [FATAL] Updater:294 - Updater called before beeing initialized
2022-04-02 10:37:24,524 [FATAL] Updater:294 - Updater called before beeing initialized
2022-04-02 10:37:24,524 [FATAL] Updater:294 - Updater called before beeing initialized
2022-04-02 10:37:24,524 [WARN] DetailPanel:314 - Failed to get advertising image, set to default
2022-04-02 10:37:24,532 [FATAL] Updater:294 - Updater called before beeing initialized
2022-04-02 10:37:24,588 [ERROR] Updater:1075 - MainUpdater not yet initialized. External WinMGr cannot be set.
2022-04-02 10:37:24,596 [INFO] Updater:1012 - Updater Version found : 6.3.0
2022-04-02 10:37:24,620 [INFO] ApplicationProperties:181 - Using Application install path: C:\ST\STM32CubeIDE_1.7.0\STM32CubeIDE\plugins\com.st.stm32cube.common.mx_6.3.0.202107141111
2022-04-02 10:37:24,740 [INFO] ThirdPartyUpdaterWithRetryManager:66 - Updater plugin not ready yet. [2/15]
2022-04-02 10:37:24,925 [INFO] MainUpdater:2671 - connection check result : 10
2022-04-02 10:37:24,925 [INFO] MainUpdater:3359 - Updater definition file requires update
2022-04-02 10:37:24,933 [INFO] MainUpdater:265 - Updater Check For Update Now.
2022-04-02 10:37:24,933 [INFO] MicroXplorer:478 - Change Database Version : DB.6.0.30
2022-04-02 10:37:25,231 [INFO] ServerAccessManage:362 - Download File updaters.zip
2022-04-02 10:37:25,286 [INFO] FileExtend:235 - Unzip File : updaters.zip
2022-04-02 10:37:25,286 [INFO] FileExtend:250 - Standard Zip Deflate
2022-04-02 10:37:26,270 [INFO] ServerAccessManage:362 - Download File PacksControlFlags.xml
2022-04-02 10:37:26,446 [INFO] ServerAccessManage:362 - Download File cubemx.pidx
2022-04-02 10:37:27,231 [INFO] ServerAccessManage:362 - Download File STMicroelectronics.X-CUBE-TOUCHGFX.pdsc
2022-04-02 10:37:27,743 [WARN] MainUpdater:1122 - Updater busy. Cannot search thirdparties
2022-04-02 10:37:27,743 [INFO] ThirdPartyUpdaterWithRetryManager:92 - Updater plugin is busy. [1/15]
2022-04-02 10:37:29,196 [INFO] ServerAccessManage:362 - Download File emotas.I-CUBE-CANOPEN.pdsc
2022-04-02 10:37:30,172 [WARN] PackLoader:238 - Cannot read IP mode file for STMicroelectronics.X-CUBE-TOUCHGFX.4.19.0
2022-04-02 10:37:30,196 [WARN] PackLoader:238 - Cannot read IP mode file for emotas.I-CUBE-CANOPEN.1.1.2
2022-04-02 10:37:30,196 [INFO] PopulateThirdPartyThread:60 - Ending populate Thread
2022-04-02 10:37:30,204 [INFO] ThirdParty:967 - CMSIS Pack Vendor :emotas I-CUBE-CANOPEN 1.1.2
2022-04-02 10:37:30,204 [INFO] ThirdParty:967 - CMSIS Pack Vendor :STMicroelectronics X-CUBE-TOUCHGFX 4.19.0
2022-04-02 10:37:30,204 [INFO] LoadServerUpdatesThread:339 - End of LoadServerUpdate Thread
2022-04-02 10:37:30,284 [INFO] CheckServerUpdateThread:112 - End of CheckServer Thread
2022-04-02 10:37:30,316 [INFO] MainUpdater:2671 - connection check result : 10
2022-04-02 10:37:30,340 [INFO] McuFinderGlobals:52 - Set McuFinderConnectedMode to true
2022-04-02 10:37:30,492 [INFO] ServerAccessManage:362 - Download File mcusAds.json._tmp_
2022-04-02 10:37:30,644 [INFO] LoadUrlFilesThread:145 - End of LoadUrlFiles Thread
2022-04-02 10:37:30,748 [WARN] MainUpdater:1122 - Updater busy. Cannot search thirdparties
2022-04-02 10:37:30,748 [INFO] ThirdPartyUpdaterWithRetryManager:92 - Updater plugin is busy. [2/15]
2022-04-02 10:37:31,165 [INFO] ServerAccessManage:362 - Download File mcusDocs.json._tmp_
2022-04-02 10:37:31,746 [INFO] LoadUrlFilesThread:145 - End of LoadUrlFiles Thread
2022-04-02 10:37:31,866 [INFO] ServerAccessManage:362 - Download File mcusFeaturesAndDescription.json._tmp_
2022-04-02 10:37:33,034 [INFO] LoadUrlFilesThread:145 - End of LoadUrlFiles Thread
2022-04-02 10:37:33,418 [INFO] ServerAccessManage:362 - Download File boardsDocs.json._tmp_
2022-04-02 10:37:33,562 [INFO] LoadUrlFilesThread:145 - End of LoadUrlFiles Thread
2022-04-02 10:37:33,674 [INFO] ServerAccessManage:362 - Download File boards.json._tmp_
2022-04-02 10:37:33,754 [WARN] MainUpdater:1122 - Updater busy. Cannot search thirdparties
2022-04-02 10:37:33,754 [INFO] ThirdPartyUpdaterWithRetryManager:92 - Updater plugin is busy. [3/15]
2022-04-02 10:37:33,852 [INFO] LoadUrlFilesThread:145 - End of LoadUrlFiles Thread
2022-04-02 10:37:35,077 [INFO] ServerAccessManage:362 - Download File cube-finder-db.zip
2022-04-02 10:37:36,764 [WARN] MainUpdater:1122 - Updater busy. Cannot search thirdparties
2022-04-02 10:37:36,764 [INFO] ThirdPartyUpdaterWithRetryManager:92 - Updater plugin is busy. [4/15]
2022-04-02 10:37:38,124 [INFO] FileExtend:235 - Unzip File : cube-finder-db.zip
2022-04-02 10:37:38,124 [INFO] FileExtend:250 - Standard Zip Deflate
2022-04-02 10:37:39,412 [INFO] LoadUrlFilesThread:145 - End of LoadUrlFiles Thread
2022-04-02 10:37:39,780 [WARN] MainUpdater:1122 - Updater busy. Cannot search thirdparties
2022-04-02 10:37:39,780 [INFO] ThirdPartyUpdaterWithRetryManager:92 - Updater plugin is busy. [5/15]
2022-04-02 10:37:40,204 [INFO] ServerAccessManage:362 - Download File crdb.zip
2022-04-02 10:37:41,204 [INFO] FileExtend:235 - Unzip File : crdb.zip
2022-04-02 10:37:41,204 [INFO] FileExtend:250 - Standard Zip Deflate
2022-04-02 10:37:41,356 [INFO] LoadUrlFilesThread:145 - End of LoadUrlFiles Thread
2022-04-02 10:37:42,652 [INFO] ServerAccessManage:362 - Download File tutoVideoDB.zip
2022-04-02 10:37:42,684 [INFO] FileExtend:235 - Unzip File : tutoVideoDB.zip
2022-04-02 10:37:42,684 [INFO] FileExtend:250 - Standard Zip Deflate
2022-04-02 10:37:42,780 [WARN] MainUpdater:1122 - Updater busy. Cannot search thirdparties
2022-04-02 10:37:42,796 [INFO] ThirdPartyUpdaterWithRetryManager:92 - Updater plugin is busy. [6/15]
2022-04-02 10:37:42,908 [INFO] LoadUrlFilesThread:145 - End of LoadUrlFiles Thread
2022-04-02 10:37:42,940 [INFO] DbMcusAds:47 - JSON generation date=Wed Sep 29 23:55:09 PDT 2021 (1632984909434)
2022-04-02 10:37:43,092 [INFO] DbMcusDocs:143 - JSON generation date=Tue Nov 16 08:17:54 PST 2021 (1637079474)
2022-04-02 10:37:43,092 [INFO] DbMcusXml:100 - Load MCU database from C:\ST\STM32CubeIDE_1.7.0\STM32CubeIDE\plugins\com.st.stm32cube.common.mx_6.3.0.202107141111\\db\/mcu/families.xml
2022-04-02 10:37:46,319 [WARN] PackLoader:238 - Cannot read IP mode file for STMicroelectronics.X-CUBE-AI.7.1.0
2022-04-02 10:37:46,359 [WARN] PackLoader:238 - Cannot read IP mode file for STMicroelectronics.X-CUBE-BLE1.6.2.3
2022-04-02 10:37:46,391 [WARN] PackLoader:238 - Cannot read IP mode file for STMicroelectronics.X-CUBE-BLE1.6.2.1
2022-04-02 10:37:46,415 [WARN] PackLoader:238 - Cannot read IP mode file for STMicroelectronics.X-CUBE-BLE1.6.2.2
2022-04-02 10:37:46,439 [WARN] PackLoader:238 - Cannot read IP mode file for STMicroelectronics.X-CUBE-BLE2.3.2.2
2022-04-02 10:37:46,463 [INFO] DbMcusJson:93 - JSON generation date=Tue Nov 16 08:17:54 PST 2021 (1637079474)
2022-04-02 10:37:46,479 [WARN] PackLoader:238 - Cannot read IP mode file for STMicroelectronics.X-CUBE-NFC4.2.0.3
2022-04-02 10:37:46,511 [WARN] PackLoader:238 - Cannot read IP mode file for wolfSSL.I-CUBE-wolfSSL.4.8.0
2022-04-02 10:37:46,519 [WARN] PackLoader:238 - Cannot read IP mode file for STMicroelectronics.X-CUBE-TOUCHGFX.4.19.0
2022-04-02 10:37:46,551 [WARN] PackLoader:238 - Cannot read IP mode file for STMicroelectronics.X-CUBE-SFXS2LP1.3.1.0
2022-04-02 10:37:46,671 [WARN] PackLoader:238 - Cannot read IP mode file for STMicroelectronics.X-CUBE-AZRTOS-F4.1.0.0
2022-04-02 10:37:46,719 [WARN] PackLoader:238 - Cannot read IP mode file for STMicroelectronics.X-CUBE-TOF1.2.0.0
2022-04-02 10:37:46,759 [WARN] PackLoader:238 - Cannot read IP mode file for STMicroelectronics.X-CUBE-NFC7.1.0.0
2022-04-02 10:37:46,831 [WARN] PackLoader:238 - Cannot read IP mode file for STMicroelectronics.X-CUBE-SUBG2.4.2.0
2022-04-02 10:37:46,871 [WARN] PackLoader:238 - Cannot read IP mode file for STMicroelectronics.X-CUBE-ALGOBUILD.1.2.1
2022-04-02 10:37:46,951 [WARN] PackLoader:238 - Cannot read IP mode file for STMicroelectronics.X-CUBE-AZRTOS-G0.1.0.0
2022-04-02 10:37:46,975 [WARN] PackLoader:238 - Cannot read IP mode file for STMicroelectronics.X-CUBE-TOUCHGFX.4.18.1
2022-04-02 10:37:46,999 [WARN] PackLoader:238 - Cannot read IP mode file for STMicroelectronics.X-CUBE-TOUCHGFX.4.18.0
2022-04-02 10:37:47,031 [WARN] PackLoader:238 - Cannot read IP mode file for RoweBots.I-CUBE-UNISONRTOS.5.5.0-4
2022-04-02 10:37:47,183 [WARN] PackLoader:238 - Cannot read IP mode file for STMicroelectronics.X-CUBE-MEMS1.9.0.0
2022-04-02 10:37:47,599 [WARN] PackLoader:238 - Cannot read IP mode file for STMicroelectronics.X-CUBE-ALGOBUILD.1.3.0
2022-04-02 10:37:47,703 [WARN] PackLoader:238 - Cannot read IP mode file for SEGGER.I-CUBE-embOS.1.2.0
2022-04-02 10:37:47,823 [WARN] PackLoader:238 - Cannot read IP mode file for STMicroelectronics.X-CUBE-AZRTOS-H7.2.0.0
2022-04-02 10:37:47,879 [WARN] PackLoader:238 - Cannot read IP mode file for STMicroelectronics.X-CUBE-AZRTOS-G4.1.0.0
2022-04-02 10:37:47,935 [WARN] PackLoader:238 - Cannot read IP mode file for STMicroelectronics.X-CUBE-AZRTOS-L4.1.0.0
2022-04-02 10:37:47,951 [WARN] PackLoader:238 - Cannot read IP mode file for emotas.I-CUBE-CANOPEN.1.1.2
2022-04-02 10:37:48,047 [WARN] PackLoader:238 - Cannot read IP mode file for STMicroelectronics.X-CUBE-AZRTOS-F7.1.0.0
2022-04-02 10:37:48,135 [WARN] PackLoader:238 - Cannot read IP mode file for STMicroelectronics.X-CUBE-AZRTOS-WL.1.0.0
2022-04-02 10:37:48,231 [WARN] PackLoader:238 - Cannot read IP mode file for STMicroelectronics.X-CUBE-MEMS1.9.1.0
2022-04-02 10:37:48,296 [INFO] DbMcus:175 - Found 1951 MCUs (1903 are supported by CubeMX, 1914 are visible in CubeMX)
2022-04-02 10:37:48,298 [INFO] ApiDb:251 - Load user favorites file C:\Users\cxson/.stm32cubeide/favorites.mcus.txt: 0 item(s)
2022-04-02 10:37:48,298 [INFO] ApiDb:255 - User favorites MCUs=[]
2022-04-02 10:37:48,298 [INFO] DbMcus:187 - Set 0 / 0 favorites MCUs
2022-04-02 10:37:48,530 [WARN] PackLoader:238 - Cannot read IP mode file for portGmbH.I-Cube-SoM-uGOAL.1.1.0
2022-04-02 10:37:48,538 [WARN] PackLoader:238 - Cannot read IP mode file for STMicroelectronics.X-CUBE-ALS.1.0.1
2022-04-02 10:37:48,554 [WARN] PackLoader:238 - Cannot read IP mode file for STMicroelectronics.X-CUBE-AI.7.0.0
2022-04-02 10:37:48,618 [WARN] PackLoader:238 - Cannot read IP mode file for STMicroelectronics.X-CUBE-AZRTOS-L5.1.0.0
2022-04-02 10:37:48,650 [WARN] PackLoader:238 - Cannot read IP mode file for STMicroelectronics.X-CUBE-EEPRMA1.3.1.0
2022-04-02 10:37:48,674 [WARN] PackLoader:238 - Cannot read IP mode file for STMicroelectronics.X-CUBE-EEPRMA1.3.1.1
2022-04-02 10:37:48,690 [WARN] PackLoader:238 - Cannot read IP mode file for STMicroelectronics.X-CUBE-GNSS1.5.2.0
2022-04-02 10:37:48,714 [WARN] PackLoader:238 - Cannot read IP mode file for STMicroelectronics.X-CUBE-DISPLAY.2.0.0
2022-04-02 10:37:48,730 [WARN] PackLoader:238 - Cannot read IP mode file for STMicroelectronics.X-CUBE-DISPLAY.2.0.1
2022-04-02 10:37:48,754 [WARN] PackLoader:238 - Cannot read IP mode file for STMicroelectronics.X-CUBE-TOF1.3.0.0
2022-04-02 10:37:48,762 [INFO] ThirdParty:915 - Integrity check success = true
2022-04-02 10:37:48,762 [INFO] IntegrityCheckThread:94 - exiting critical section [integrity check]
2022-04-02 10:37:48,762 [INFO] IntegrityCheckThread:97 - End integrity checks thread
2022-04-02 10:37:49,770 [INFO] DbMcusDocs:79 - Found 682 MCUs documents
2022-04-02 10:37:49,778 [INFO] ApiDb:276 - Save user favorites file C:\Users\cxson/.stm32cubeide/favorites.mcus.txt: 0 item(s)
2022-04-02 10:37:49,778 [INFO] ApiDb:280 - User favorites MCUs=[]
2022-04-02 10:37:49,778 [INFO] DbMcusXml:100 - Load MCU database from C:\ST\STM32CubeIDE_1.7.0\STM32CubeIDE\plugins\com.st.stm32cube.common.mx_6.3.0.202107141111\\db\/mcu/families.xml
2022-04-02 10:37:51,363 [INFO] DbMcusJson:93 - JSON generation date=Tue Nov 16 08:17:54 PST 2021 (1637079474)
2022-04-02 10:37:52,797 [INFO] DbMcus:175 - Found 1951 MCUs (1903 are supported by CubeMX, 1914 are visible in CubeMX)
2022-04-02 10:37:52,797 [INFO] ApiDb:251 - Load user favorites file C:\Users\cxson/.stm32cubeide/favorites.mcus.txt: 0 item(s)
2022-04-02 10:37:52,797 [INFO] ApiDb:255 - User favorites MCUs=[]
2022-04-02 10:37:52,797 [INFO] DbMcus:187 - Set 0 / 0 favorites MCUs
2022-04-02 10:37:52,813 [INFO] DbBoardsDocs:143 - JSON generation date=Tue Nov 16 08:17:54 PST 2021 (1637079474)
2022-04-02 10:37:52,837 [INFO] DbBoardsPdsc:90 - Found 25 items
2022-04-02 10:37:52,853 [INFO] DbBoardsPdsc:90 - Found 9 items
2022-04-02 10:37:52,869 [INFO] DbBoardsPdsc:90 - Found 33 items
2022-04-02 10:37:52,885 [INFO] DbBoardsPdsc:90 - Found 1 items
2022-04-02 10:37:52,909 [INFO] DbBoardsPdsc:90 - Found 48 items
2022-04-02 10:37:52,941 [INFO] DbBoardsPdsc:90 - Found 43 items
2022-04-02 10:37:52,949 [INFO] DbBoardsPdsc:90 - Found 2 items
2022-04-02 10:37:52,965 [INFO] DbBoardsPdsc:90 - Found 5 items
2022-04-02 10:37:52,973 [WARN] DbBoardsPdsc:254 - Board STM32H7B3I-DK: unknown feature type=Audio, name=, username=Audio stereo codec with Headphone Amp (CS42L51-CNZ), n=1
2022-04-02 10:37:52,973 [WARN] DbBoardsPdsc:254 - Board STM32H735G-DK: unknown feature type=Audio, name=, username=Audio stereo codec with Headphone Amp (WM8994ECS/R), n=1
2022-04-02 10:37:52,981 [WARN] DbBoardsPdsc:254 - Board STM32H7B3I-EVAL: unknown feature type=Audio, name=, username=Multi-Channel Audio Codec (CS42L51-CNZ), n=1
2022-04-02 10:37:52,981 [WARN] DbBoardsPdsc:254 - Board STM32H7B3I-EVAL: unknown feature type=Meter, name=, username=Power-metering and Temperature-monitoring with sigma-delta modulators, n=1
2022-04-02 10:37:52,981 [WARN] DbBoardsPdsc:254 - Board STM32H7B3I-EVAL: unknown feature type=Motor, name=, username=Motor Control, n=1
2022-04-02 10:37:52,981 [WARN] DbBoardsPdsc:254 - Board STM32U575I-EV: unknown feature type=joystick, name=, username=4-direction joystick with selection button, n=1
2022-04-02 10:37:53,077 [INFO] DbBoardsJson:86 - JSON generation date=Tue Nov 16 08:17:54 PST 2021 (1637079474)
2022-04-02 10:37:53,101 [INFO] DbBoards:117 - Found 167 boards (163 are supported by CubeMX)
2022-04-02 10:37:53,109 [INFO] DbBoardsDocs:143 - JSON generation date=Tue Nov 16 08:17:54 PST 2021 (1637079474)
2022-04-02 10:37:53,125 [INFO] DbBoardsDocs:79 - Found 209 boards documents
2022-04-02 10:37:53,133 [WARN] DbBoards:127 - board B-L475E-IOT01A2 has no document id list !
2022-04-02 10:37:53,133 [WARN] DbBoards:127 - board NUCLEO-H743ZI has no document id list !
2022-04-02 10:37:53,141 [WARN] DbBoards:127 - board NUCLEO-WL55JC2 has no document id list !
2022-04-02 10:37:53,141 [WARN] DbBoards:127 - board P-NUCLEO-WB55-Nucleo has no document id list !
2022-04-02 10:37:53,141 [WARN] DbBoards:127 - board P-NUCLEO-WB55-USBDongle has no document id list !
2022-04-02 10:37:53,141 [WARN] DbBoards:127 - board STEVAL-BFA001V1B has no document id list !
2022-04-02 10:37:53,141 [WARN] DbBoards:127 - board STEVAL-BFA001V2B has no document id list !
2022-04-02 10:37:53,141 [WARN] DbBoards:127 - board STEVAL-IDP005V1 has no document id list !
2022-04-02 10:37:53,141 [WARN] DbBoards:127 - board STEVAL-IDP005V2 has no document id list !
2022-04-02 10:37:53,141 [WARN] DbBoards:127 - board STEVAL-MKSBOX1V1 has no document id list !
2022-04-02 10:37:53,141 [WARN] DbBoards:127 - board STEVAL-STWINKT1 has no document id list !
2022-04-02 10:37:53,141 [WARN] DbBoards:127 - board STEVAL-STWINKT1B has no document id list !
2022-04-02 10:37:53,141 [WARN] DbBoards:127 - board STM32439I-EVAL2 has no document id list !
2022-04-02 10:37:53,141 [WARN] DbBoards:127 - board STM32F401C-DISCO has no document id list !
2022-04-02 10:37:53,149 [WARN] DbBoards:127 - board STM32F769I-DISC1 has no document id list !
2022-04-02 10:37:53,149 [WARN] DbBoards:127 - board STM32G474E-EVAL1 has no document id list !
2022-04-02 10:37:53,149 [WARN] DbBoards:127 - board STM32H743I-EVAL2 has no document id list !
2022-04-02 10:37:53,149 [WARN] DbBoards:127 - board STM32H747I-DISC1 has no document id list !
2022-04-02 10:37:53,149 [WARN] DbBoards:127 - board STM32H753I-EVAL2 has no document id list !
2022-04-02 10:37:53,149 [WARN] DbBoards:127 - board STM32L-DISCOVERY has no document id list !
2022-04-02 10:37:53,437 [ERROR] DbBoards:189 - Image file not found for board B-U585I-IOT02A: C:\ST\STM32CubeIDE_1.7.0\STM32CubeIDE\plugins\com.st.stm32cube.common.mx_6.3.0.202107141111\\db\/plugins/mcufinder/images/boards/B-U585I-IOT02A_small.jpg
2022-04-02 10:37:53,656 [ERROR] DbBoards:189 - Image file not found for board NUCLEO-F413ZH: C:\ST\STM32CubeIDE_1.7.0\STM32CubeIDE\plugins\com.st.stm32cube.common.mx_6.3.0.202107141111\\db\/plugins/mcufinder/images/boards/nucleo-f413zh_small.jpg
2022-04-02 10:37:54,074 [ERROR] DbBoards:189 - Image file not found for board NUCLEO-L552ZE-Q: C:\ST\STM32CubeIDE_1.7.0\STM32CubeIDE\plugins\com.st.stm32cube.common.mx_6.3.0.202107141111\\db\/plugins/mcufinder/images/boards/nucleo_l552ze_q_small.jpg
2022-04-02 10:37:54,074 [ERROR] DbBoards:189 - Image file not found for board NUCLEO-U575ZI-Q: C:\ST\STM32CubeIDE_1.7.0\STM32CubeIDE\plugins\com.st.stm32cube.common.mx_6.3.0.202107141111\\db\/plugins/mcufinder/images/boards/nucleo-u575zi-q_small.jpg
2022-04-02 10:37:54,074 [ERROR] DbBoards:189 - Image file not found for board NUCLEO-WB15CC: C:\ST\STM32CubeIDE_1.7.0\STM32CubeIDE\plugins\com.st.stm32cube.common.mx_6.3.0.202107141111\\db\/plugins/mcufinder/images/boards/nucleo-wb15cc_small.jpg
2022-04-02 10:37:54,074 [ERROR] DbBoards:189 - Image file not found for board NUCLEO-WB55RG: C:\ST\STM32CubeIDE_1.7.0\STM32CubeIDE\plugins\com.st.stm32cube.common.mx_6.3.0.202107141111\\db\/plugins/mcufinder/images/boards/nucleo-wb55rg_small.jpg
2022-04-02 10:37:56,615 [INFO] ApiDb:251 - Load user favorites file C:\Users\cxson/.stm32cubeide/favorites.boards.txt: 0 item(s)
2022-04-02 10:37:56,615 [INFO] ApiDb:255 - User favorites Boards=[]
2022-04-02 10:37:56,615 [INFO] DbBoards:206 - Set 0 / 0 favorites Boards
2022-04-02 10:37:56,623 [INFO] DbBoardsDocs:79 - Found 418 boards documents
2022-04-02 10:37:56,623 [INFO] ApiDb:276 - Save user favorites file C:\Users\cxson/.stm32cubeide/favorites.boards.txt: 0 item(s)
2022-04-02 10:37:56,623 [INFO] ApiDb:280 - User favorites Boards=[]
2022-04-02 10:37:56,631 [INFO] DbBoardsPdsc:90 - Found 25 items
2022-04-02 10:37:56,631 [INFO] DbBoardsPdsc:90 - Found 9 items
2022-04-02 10:37:56,639 [INFO] DbBoardsPdsc:90 - Found 33 items
2022-04-02 10:37:56,639 [INFO] DbBoardsPdsc:90 - Found 1 items
2022-04-02 10:37:56,655 [INFO] DbBoardsPdsc:90 - Found 48 items
2022-04-02 10:37:56,663 [INFO] DbBoardsPdsc:90 - Found 43 items
2022-04-02 10:37:56,671 [INFO] DbBoardsPdsc:90 - Found 2 items
2022-04-02 10:37:56,671 [INFO] DbBoardsPdsc:90 - Found 5 items
2022-04-02 10:37:56,679 [WARN] DbBoardsPdsc:254 - Board STM32H7B3I-DK: unknown feature type=Audio, name=, username=Audio stereo codec with Headphone Amp (CS42L51-CNZ), n=1
2022-04-02 10:37:56,679 [WARN] DbBoardsPdsc:254 - Board STM32H735G-DK: unknown feature type=Audio, name=, username=Audio stereo codec with Headphone Amp (WM8994ECS/R), n=1
2022-04-02 10:37:56,679 [WARN] DbBoardsPdsc:254 - Board STM32H7B3I-EVAL: unknown feature type=Audio, name=, username=Multi-Channel Audio Codec (CS42L51-CNZ), n=1
2022-04-02 10:37:56,679 [WARN] DbBoardsPdsc:254 - Board STM32H7B3I-EVAL: unknown feature type=Meter, name=, username=Power-metering and Temperature-monitoring with sigma-delta modulators, n=1
2022-04-02 10:37:56,679 [WARN] DbBoardsPdsc:254 - Board STM32H7B3I-EVAL: unknown feature type=Motor, name=, username=Motor Control, n=1
2022-04-02 10:37:56,687 [WARN] DbBoardsPdsc:254 - Board STM32U575I-EV: unknown feature type=joystick, name=, username=4-direction joystick with selection button, n=1
2022-04-02 10:37:56,729 [INFO] DbBoardsJson:86 - JSON generation date=Tue Nov 16 08:17:54 PST 2021 (1637079474)
2022-04-02 10:37:56,738 [INFO] DbBoards:117 - Found 167 boards (163 are supported by CubeMX)
2022-04-02 10:37:56,738 [WARN] DbBoards:127 - board B-L475E-IOT01A2 has no document id list !
2022-04-02 10:37:56,738 [WARN] DbBoards:127 - board NUCLEO-H743ZI has no document id list !
2022-04-02 10:37:56,746 [WARN] DbBoards:127 - board NUCLEO-WL55JC2 has no document id list !
2022-04-02 10:37:56,746 [WARN] DbBoards:127 - board P-NUCLEO-WB55-Nucleo has no document id list !
2022-04-02 10:37:56,746 [WARN] DbBoards:127 - board P-NUCLEO-WB55-USBDongle has no document id list !
2022-04-02 10:37:56,746 [WARN] DbBoards:127 - board STEVAL-BFA001V1B has no document id list !
2022-04-02 10:37:56,746 [WARN] DbBoards:127 - board STEVAL-BFA001V2B has no document id list !
2022-04-02 10:37:56,746 [WARN] DbBoards:127 - board STEVAL-IDP005V1 has no document id list !
2022-04-02 10:37:56,746 [WARN] DbBoards:127 - board STEVAL-IDP005V2 has no document id list !
2022-04-02 10:37:56,746 [WARN] DbBoards:127 - board STEVAL-MKSBOX1V1 has no document id list !
2022-04-02 10:37:56,746 [WARN] DbBoards:127 - board STEVAL-STWINKT1 has no document id list !
2022-04-02 10:37:56,746 [WARN] DbBoards:127 - board STEVAL-STWINKT1B has no document id list !
2022-04-02 10:37:56,746 [WARN] DbBoards:127 - board STM32439I-EVAL2 has no document id list !
2022-04-02 10:37:56,746 [WARN] DbBoards:127 - board STM32F401C-DISCO has no document id list !
2022-04-02 10:37:56,746 [WARN] DbBoards:127 - board STM32F769I-DISC1 has no document id list !
2022-04-02 10:37:56,746 [WARN] DbBoards:127 - board STM32G474E-EVAL1 has no document id list !
2022-04-02 10:37:56,746 [WARN] DbBoards:127 - board STM32H743I-EVAL2 has no document id list !
2022-04-02 10:37:56,746 [WARN] DbBoards:127 - board STM32H747I-DISC1 has no document id list !
2022-04-02 10:37:56,746 [WARN] DbBoards:127 - board STM32H753I-EVAL2 has no document id list !
2022-04-02 10:37:56,746 [WARN] DbBoards:127 - board STM32L-DISCOVERY has no document id list !
2022-04-02 10:37:56,898 [ERROR] DbBoards:189 - Image file not found for board B-U585I-IOT02A: C:\ST\STM32CubeIDE_1.7.0\STM32CubeIDE\plugins\com.st.stm32cube.common.mx_6.3.0.202107141111\\db\/plugins/mcufinder/images/boards/B-U585I-IOT02A_small.jpg
2022-04-02 10:37:56,906 [INFO] MainUpdater:2671 - connection check result : 10
2022-04-02 10:37:57,026 [ERROR] DbBoards:189 - Image file not found for board NUCLEO-F413ZH: C:\ST\STM32CubeIDE_1.7.0\STM32CubeIDE\plugins\com.st.stm32cube.common.mx_6.3.0.202107141111\\db\/plugins/mcufinder/images/boards/nucleo-f413zh_small.jpg
2022-04-02 10:37:57,380 [ERROR] DbBoards:189 - Image file not found for board NUCLEO-L552ZE-Q: C:\ST\STM32CubeIDE_1.7.0\STM32CubeIDE\plugins\com.st.stm32cube.common.mx_6.3.0.202107141111\\db\/plugins/mcufinder/images/boards/nucleo_l552ze_q_small.jpg
2022-04-02 10:37:57,380 [ERROR] DbBoards:189 - Image file not found for board NUCLEO-U575ZI-Q: C:\ST\STM32CubeIDE_1.7.0\STM32CubeIDE\plugins\com.st.stm32cube.common.mx_6.3.0.202107141111\\db\/plugins/mcufinder/images/boards/nucleo-u575zi-q_small.jpg
2022-04-02 10:37:57,380 [ERROR] DbBoards:189 - Image file not found for board NUCLEO-WB15CC: C:\ST\STM32CubeIDE_1.7.0\STM32CubeIDE\plugins\com.st.stm32cube.common.mx_6.3.0.202107141111\\db\/plugins/mcufinder/images/boards/nucleo-wb15cc_small.jpg
2022-04-02 10:37:57,380 [ERROR] DbBoards:189 - Image file not found for board NUCLEO-WB55RG: C:\ST\STM32CubeIDE_1.7.0\STM32CubeIDE\plugins\com.st.stm32cube.common.mx_6.3.0.202107141111\\db\/plugins/mcufinder/images/boards/nucleo-wb55rg_small.jpg
2022-04-02 10:37:58,616 [INFO] ApiDb:251 - Load user favorites file C:\Users\cxson/.stm32cubeide/favorites.boards.txt: 0 item(s)
2022-04-02 10:37:58,616 [INFO] ApiDb:255 - User favorites Boards=[]
2022-04-02 10:37:58,616 [INFO] DbBoards:206 - Set 0 / 0 favorites Boards
2022-04-02 10:37:58,632 [INFO] LoadUrlFilesThread:172 - End of LoadServerUrlFiles without Thread
2022-04-02 10:37:58,632 [INFO] TargetSelectorAdapter:224 - Refresh data is successful
2022-04-02 10:37:58,824 [INFO] ApiDb:479 - Connected to CubeFinder SQLite database (C:\Users\cxson\.stmcufinder\plugins\mcufinder\mcu\cube-finder-db.db)
2022-04-02 10:37:59,966 [INFO] DbExamplesSqlite:411 - Ignored 24 examples not supported by CubeIDE
2022-04-02 10:37:59,966 [INFO] DbExamplesSqlite:412 - Found 6135 examples active
2022-04-02 10:37:59,966 [INFO] DbExamplesSqlite:413 - Found 64 examples obsolete
2022-04-02 10:37:59,966 [INFO] DbExamplesSqlite:414 - Found 0 examples under development
2022-04-02 10:37:59,966 [INFO] DbExamplesSqlite:415 - Found 96 examples not building
2022-04-02 10:37:59,998 [INFO] DbExamplesSqlite:108 - CubeFinder database Data Model version=2.1
2022-04-02 10:37:59,998 [INFO] DbExamplesSqlite:109 - CubeFinder database Configuration version=3.0.28
2022-04-02 10:37:59,998 [INFO] DbExamplesSqlite:110 - CubeFinder database generation date=2022-02-17 (1645170766)
2022-04-02 10:37:59,998 [INFO] DbExamplesSqlite:111 - CubeFinder database FW Pack versions=[STM32Cube_FW_C0_V1.0.0, STM32Cube_FW_F4_V1.27.0, STM32Cube_FW_F7_V1.16.2, STM32Cube_FW_G0_V1.5.0, STM32Cube_FW_G4_V1.5.0, STM32Cube_FW_H7_V1.10.0, STM32Cube_FW_L5_V1.4.0, STM32Cube_FW_U5_V1.1.0, STM32Cube_FW_WB_V1.13.1, STM32Cube_FW_WL_V1.2.0, X-CUBE-ALGOBUILD_V1.3.0, X-CUBE-ALS_V1.0.1, X-CUBE-AZRTOS-F4_V1.0.0, X-CUBE-AZRTOS-F7_V1.0.0, X-CUBE-AZRTOS-G0_V1.0.0, X-CUBE-AZRTOS-G4_V1.0.0, X-CUBE-AZRTOS-H7_V2.0.0, X-CUBE-AZRTOS-L4_V1.0.0, X-CUBE-AZRTOS-L5_V1.0.0, X-CUBE-AZRTOS-WL_V1.0.0, X-CUBE-BLE1_V6.2.1, X-CUBE-BLE2_V3.2.2, X-CUBE-EEPRMA1_V3.1.0, X-CUBE-GNSS1_V5.2.0, X-CUBE-MEMS1_V9.1.0, X-CUBE-NFC4_V2.0.3, X-CUBE-SFXS2LP1_V3.1.0, X-CUBE-SUBG2_V4.2.0]
2022-04-02 10:37:59,998 [INFO] DbExamples:130 - Found 6207 examples
2022-04-02 10:38:01,358 [ERROR] DbExamples:206 - Found 6207 examples with invalid data (board or MCU)
2022-04-02 10:38:01,358 [INFO] DbExamples:222 - Found 74 boards with related examples
2022-04-02 10:38:01,358 [INFO] DbExamples:235 - Found 0 MCUs with related examples
2022-04-02 10:38:01,422 [INFO] ApiDb:242 - User favorites file not found: C:\Users\cxson/.stm32cubeide/favorites.examples.txt
2022-04-02 10:38:01,422 [INFO] DbExamples:256 - Set 0 / 0 favorites Examples
2022-04-02 10:38:01,566 [ERROR] LogOutputStream:74 - [STDERR_REDIRECT] java.lang.NullPointerException
2022-04-02 10:38:01,574 [ERROR] LogOutputStream:74 - [STDERR_REDIRECT] 	at com.st.stm32cube.common.projectcreation.ui.wizard.TargetSetupPageAbstract.createControl(TargetSetupPageAbstract.java:131)
2022-04-02 10:38:01,574 [ERROR] LogOutputStream:74 - [STDERR_REDIRECT] 	at org.eclipse.jface.wizard.Wizard.createPageControls(Wizard.java:178)
2022-04-02 10:38:01,582 [ERROR] LogOutputStream:74 - [STDERR_REDIRECT] 	at org.eclipse.jface.wizard.WizardDialog.createPageControls(WizardDialog.java:743)
2022-04-02 10:38:01,582 [ERROR] LogOutputStream:74 - [STDERR_REDIRECT] 	at org.eclipse.jface.wizard.WizardDialog.createContents(WizardDialog.java:635)
2022-04-02 10:38:01,582 [ERROR] LogOutputStream:74 - [STDERR_REDIRECT] 	at org.eclipse.jface.window.Window.create(Window.java:431)
2022-04-02 10:38:01,590 [ERROR] LogOutputStream:74 - [STDERR_REDIRECT] 	at org.eclipse.jface.dialogs.Dialog.create(Dialog.java:1094)
2022-04-02 10:38:01,590 [ERROR] LogOutputStream:74 - [STDERR_REDIRECT] 	at org.eclipse.jface.window.Window.open(Window.java:788)
2022-04-02 10:38:01,590 [ERROR] LogOutputStream:74 - [STDERR_REDIRECT] 	at com.st.stm32cube.ide.mcu.informationcenter.WelcomePageAction.run(WelcomePageAction.java:54)
2022-04-02 10:38:01,598 [ERROR] LogOutputStream:74 - [STDERR_REDIRECT] 	at org.eclipse.ui.internal.intro.impl.model.url.IntroURL.runAction(IntroURL.java:277)
2022-04-02 10:38:01,598 [ERROR] LogOutputStream:74 - [STDERR_REDIRECT] 	at org.eclipse.ui.internal.intro.impl.model.url.IntroURL.doExecute(IntroURL.java:188)
2022-04-02 10:38:01,598 [ERROR] LogOutputStream:74 - [STDERR_REDIRECT] 	at org.eclipse.ui.internal.intro.impl.model.url.IntroURL.lambda$0(IntroURL.java:143)
2022-04-02 10:38:01,606 [ERROR] LogOutputStream:74 - [STDERR_REDIRECT] 	at org.eclipse.swt.custom.BusyIndicator.showWhile(BusyIndicator.java:74)
2022-04-02 10:38:01,606 [ERROR] LogOutputStream:74 - [STDERR_REDIRECT] 	at org.eclipse.ui.internal.intro.impl.model.url.IntroURL.execute(IntroURL.java:143)
2022-04-02 10:38:01,614 [ERROR] LogOutputStream:74 - [STDERR_REDIRECT] 	at org.eclipse.ui.internal.intro.impl.presentations.BrowserIntroPartLocationListener.changing(BrowserIntroPartLocationListener.java:130)
2022-04-02 10:38:01,614 [ERROR] LogOutputStream:74 - [STDERR_REDIRECT] 	at org.eclipse.swt.browser.IE.lambda$6(IE.java:525)
2022-04-02 10:38:01,622 [ERROR] LogOutputStream:74 - [STDERR_REDIRECT] 	at org.eclipse.swt.ole.win32.OleEventTable.sendEvent(OleEventTable.java:58)
2022-04-02 10:38:01,622 [ERROR] LogOutputStream:74 - [STDERR_REDIRECT] 	at org.eclipse.swt.ole.win32.OleEventSink.notifyListener(OleEventSink.java:160)
2022-04-02 10:38:01,630 [ERROR] LogOutputStream:74 - [STDERR_REDIRECT] 	at org.eclipse.swt.ole.win32.OleEventSink.Invoke(OleEventSink.java:128)
2022-04-02 10:38:01,630 [ERROR] LogOutputStream:74 - [STDERR_REDIRECT] 	at org.eclipse.swt.ole.win32.OleEventSink.access$1(OleEventSink.java:105)
2022-04-02 10:38:01,630 [ERROR] LogOutputStream:74 - [STDERR_REDIRECT] 	at org.eclipse.swt.ole.win32.OleEventSink$1.method6(OleEventSink.java:79)
2022-04-02 10:38:01,630 [INFO] McuFinderGlobals:52 - Set McuFinderConnectedMode to false
2022-04-02 10:38:01,638 [ERROR] LogOutputStream:74 - [STDERR_REDIRECT] 	at org.eclipse.swt.internal.ole.win32.COMObject.callback6(COMObject.java:120)
2022-04-02 10:38:01,638 [ERROR] LogOutputStream:74 - [STDERR_REDIRECT] 	at org.eclipse.swt.internal.win32.OS.DispatchMessage(Native Method)
2022-04-02 10:38:01,646 [ERROR] LogOutputStream:74 - [STDERR_REDIRECT] 	at org.eclipse.swt.widgets.Display.readAndDispatch(Display.java:3624)
2022-04-02 10:38:01,646 [ERROR] LogOutputStream:74 - [STDERR_REDIRECT] 	at com.st.stm32cube.common.mx.oss.core.awtswtbridge.SwtInputBlocker.open(SwtInputBlocker.java:55)
2022-04-02 10:38:01,646 [ERROR] LogOutputStream:74 - [STDERR_REDIRECT] 	at com.st.stm32cube.common.mx.oss.core.awtswtbridge.SwtInputBlocker.block(SwtInputBlocker.java:111)
2022-04-02 10:38:01,654 [ERROR] LogOutputStream:74 - [STDERR_REDIRECT] 	at com.st.stm32cube.common.mx.oss.core.awtswtbridge.AwtEnvironment.invokeAwt(AwtEnvironment.java:179)
2022-04-02 10:38:01,662 [ERROR] LogOutputStream:74 - [STDERR_REDIRECT] 	at com.st.stm32cube.common.mx.oss.core.awtswtbridge.AwtEnvironment.invokeAwtAndBlockSwt(AwtEnvironment.java:206)
2022-04-02 10:38:01,662 [ERROR] LogOutputStream:74 - [STDERR_REDIRECT] 	at com.st.stm32cube.common.mx.targetselector.TargetSelectorAdapter.launchMCUFinder(TargetSelectorAdapter.java:198)
2022-04-02 10:38:01,670 [ERROR] LogOutputStream:74 - [STDERR_REDIRECT] 	at com.st.stm32cube.common.mx.targetselector.TargetSelectorAdapter.addTargetSelector(TargetSelectorAdapter.java:149)
2022-04-02 10:38:01,670 [ERROR] LogOutputStream:74 - [STDERR_REDIRECT] 	at com.st.stm32cube.common.projectcreation.ui.wizard.TargetSetupPageAbstract.createControl(TargetSetupPageAbstract.java:127)
2022-04-02 10:38:01,678 [ERROR] LogOutputStream:74 - [STDERR_REDIRECT] 	at org.eclipse.jface.wizard.Wizard.createPageControls(Wizard.java:178)
2022-04-02 10:38:01,678 [ERROR] LogOutputStream:74 - [STDERR_REDIRECT] 	at org.eclipse.jface.wizard.WizardDialog.createPageControls(WizardDialog.java:743)
2022-04-02 10:38:01,686 [ERROR] LogOutputStream:74 - [STDERR_REDIRECT] 	at org.eclipse.jface.wizard.WizardDialog.createContents(WizardDialog.java:635)
2022-04-02 10:38:01,686 [ERROR] LogOutputStream:74 - [STDERR_REDIRECT] 	at org.eclipse.jface.window.Window.create(Window.java:431)
2022-04-02 10:38:01,694 [ERROR] LogOutputStream:74 - [STDERR_REDIRECT] 	at org.eclipse.jface.dialogs.Dialog.create(Dialog.java:1094)
2022-04-02 10:38:01,694 [ERROR] LogOutputStream:74 - [STDERR_REDIRECT] 	at org.eclipse.jface.window.Window.open(Window.java:788)
2022-04-02 10:38:01,702 [ERROR] LogOutputStream:74 - [STDERR_REDIRECT] 	at com.st.stm32cube.ide.mcu.informationcenter.WelcomePageAction.run(WelcomePageAction.java:54)
2022-04-02 10:38:01,702 [ERROR] LogOutputStream:74 - [STDERR_REDIRECT] 	at org.eclipse.ui.internal.intro.impl.model.url.IntroURL.runAction(IntroURL.java:277)
2022-04-02 10:38:01,710 [ERROR] LogOutputStream:74 - [STDERR_REDIRECT] 	at org.eclipse.ui.internal.intro.impl.model.url.IntroURL.doExecute(IntroURL.java:188)
2022-04-02 10:38:01,718 [ERROR] LogOutputStream:74 - [STDERR_REDIRECT] 	at org.eclipse.ui.internal.intro.impl.model.url.IntroURL.lambda$0(IntroURL.java:143)
2022-04-02 10:38:01,718 [ERROR] LogOutputStream:74 - [STDERR_REDIRECT] 	at org.eclipse.swt.custom.BusyIndicator.showWhile(BusyIndicator.java:74)
2022-04-02 10:38:01,726 [ERROR] LogOutputStream:74 - [STDERR_REDIRECT] 	at org.eclipse.ui.internal.intro.impl.model.url.IntroURL.execute(IntroURL.java:143)
2022-04-02 10:38:01,734 [ERROR] LogOutputStream:74 - [STDERR_REDIRECT] 	at org.eclipse.ui.internal.intro.impl.presentations.BrowserIntroPartLocationListener.changing(BrowserIntroPartLocationListener.java:130)
2022-04-02 10:38:01,734 [ERROR] LogOutputStream:74 - [STDERR_REDIRECT] 	at org.eclipse.swt.browser.IE.lambda$6(IE.java:525)
2022-04-02 10:38:01,734 [ERROR] LogOutputStream:74 - [STDERR_REDIRECT] 	at org.eclipse.swt.ole.win32.OleEventTable.sendEvent(OleEventTable.java:58)
2022-04-02 10:38:01,742 [ERROR] LogOutputStream:74 - [STDERR_REDIRECT] 	at org.eclipse.swt.ole.win32.OleEventSink.notifyListener(OleEventSink.java:160)
2022-04-02 10:38:01,742 [ERROR] LogOutputStream:74 - [STDERR_REDIRECT] 	at org.eclipse.swt.ole.win32.OleEventSink.Invoke(OleEventSink.java:128)
2022-04-02 10:38:01,750 [ERROR] LogOutputStream:74 - [STDERR_REDIRECT] 	at org.eclipse.swt.ole.win32.OleEventSink.access$1(OleEventSink.java:105)
2022-04-02 10:38:01,766 [ERROR] LogOutputStream:74 - [STDERR_REDIRECT] 	at org.eclipse.swt.ole.win32.OleEventSink$1.method6(OleEventSink.java:79)
2022-04-02 10:38:01,766 [ERROR] LogOutputStream:74 - [STDERR_REDIRECT] 	at org.eclipse.swt.internal.ole.win32.COMObject.callback6(COMObject.java:120)
2022-04-02 10:38:01,774 [ERROR] LogOutputStream:74 - [STDERR_REDIRECT] 	at org.eclipse.swt.internal.win32.OS.DispatchMessage(Native Method)
2022-04-02 10:38:01,774 [ERROR] LogOutputStream:74 - [STDERR_REDIRECT] 	at org.eclipse.swt.widgets.Display.readAndDispatch(Display.java:3624)
2022-04-02 10:38:01,782 [ERROR] LogOutputStream:74 - [STDERR_REDIRECT] 	at org.eclipse.e4.ui.internal.workbench.swt.PartRenderingEngine$5.run(PartRenderingEngine.java:1157)
2022-04-02 10:38:01,782 [ERROR] LogOutputStream:74 - [STDERR_REDIRECT] 	at org.eclipse.core.databinding.observable.Realm.runWithDefault(Realm.java:338)
2022-04-02 10:38:01,790 [ERROR] LogOutputStream:74 - [STDERR_REDIRECT] 	at org.eclipse.e4.ui.internal.workbench.swt.PartRenderingEngine.run(PartRenderingEngine.java:1046)
2022-04-02 10:38:01,798 [ERROR] LogOutputStream:74 - [STDERR_REDIRECT] 	at org.eclipse.e4.ui.internal.workbench.E4Workbench.createAndRunUI(E4Workbench.java:155)
2022-04-02 10:38:01,798 [ERROR] LogOutputStream:74 - [STDERR_REDIRECT] 	at org.eclipse.ui.internal.Workbench.lambda$3(Workbench.java:644)
2022-04-02 10:38:01,806 [ERROR] LogOutputStream:74 - [STDERR_REDIRECT] 	at org.eclipse.core.databinding.observable.Realm.runWithDefault(Realm.java:338)
2022-04-02 10:38:01,806 [ERROR] LogOutputStream:74 - [STDERR_REDIRECT] 	at org.eclipse.ui.internal.Workbench.createAndRunWorkbench(Workbench.java:551)
2022-04-02 10:38:01,814 [ERROR] LogOutputStream:74 - [STDERR_REDIRECT] 	at org.eclipse.ui.PlatformUI.createAndRunWorkbench(PlatformUI.java:156)
2022-04-02 10:38:01,814 [ERROR] LogOutputStream:74 - [STDERR_REDIRECT] 	at org.eclipse.ui.internal.ide.application.IDEApplication.start(IDEApplication.java:152)
2022-04-02 10:38:01,822 [ERROR] LogOutputStream:74 - [STDERR_REDIRECT] 	at org.eclipse.equinox.internal.app.EclipseAppHandle.run(EclipseAppHandle.java:203)
2022-04-02 10:38:01,830 [ERROR] LogOutputStream:74 - [STDERR_REDIRECT] 	at org.eclipse.core.runtime.internal.adaptor.EclipseAppLauncher.runApplication(EclipseAppLauncher.java:134)
2022-04-02 10:38:01,830 [ERROR] LogOutputStream:74 - [STDERR_REDIRECT] 	at org.eclipse.core.runtime.internal.adaptor.EclipseAppLauncher.start(EclipseAppLauncher.java:104)
2022-04-02 10:38:01,838 [ERROR] LogOutputStream:74 - [STDERR_REDIRECT] 	at org.eclipse.core.runtime.adaptor.EclipseStarter.run(EclipseStarter.java:401)
2022-04-02 10:38:01,838 [ERROR] LogOutputStream:74 - [STDERR_REDIRECT] 	at org.eclipse.core.runtime.adaptor.EclipseStarter.run(EclipseStarter.java:255)
2022-04-02 10:38:01,846 [ERROR] LogOutputStream:74 - [STDERR_REDIRECT] 	at java.base/jdk.internal.reflect.NativeMethodAccessorImpl.invoke0(Native Method)
2022-04-02 10:38:01,846 [ERROR] LogOutputStream:74 - [STDERR_REDIRECT] 	at java.base/jdk.internal.reflect.NativeMethodAccessorImpl.invoke(NativeMethodAccessorImpl.java:62)
2022-04-02 10:38:01,854 [ERROR] LogOutputStream:74 - [STDERR_REDIRECT] 	at java.base/jdk.internal.reflect.DelegatingMethodAccessorImpl.invoke(DelegatingMethodAccessorImpl.java:43)
2022-04-02 10:38:01,854 [ERROR] LogOutputStream:74 - [STDERR_REDIRECT] 	at java.base/java.lang.reflect.Method.invoke(Method.java:566)
2022-04-02 10:38:01,862 [INFO] CrossSelectorPresenter:1330 - Cross Selector saved comparison directory: C:\Users\cxson\.stmcufinder\plugins\mcufinder\mcu\cs_comparisons_mx
2022-04-02 10:38:01,862 [ERROR] LogOutputStream:74 - [STDERR_REDIRECT] 	at org.eclipse.equinox.launcher.Main.invokeFramework(Main.java:653)
2022-04-02 10:38:01,862 [ERROR] LogOutputStream:74 - [STDERR_REDIRECT] 	at org.eclipse.equinox.launcher.Main.basicRun(Main.java:590)
2022-04-02 10:38:01,870 [ERROR] LogOutputStream:74 - [STDERR_REDIRECT] 	at org.eclipse.equinox.launcher.Main.run(Main.java:1461)
2022-04-02 10:38:01,870 [INFO] MultiScanPanel:197 - Auto-refresh data requested => check proxy status ongoing
2022-04-02 10:38:01,870 [INFO] MultiScanPanel:201 - Proxy status is invalid
2022-04-02 10:38:01,870 [INFO] FinderPluginLoader:87 - Searching for filters in installed packs
2022-04-02 10:38:02,732 [INFO] DetailPanel:309 - Set advertising image to C:/Users/cxson/STM32Cube/Repository/\en.Prom_NBSTM32U50921.jpg
2022-04-02 10:38:04,121 [INFO] McuFinderGlobals:52 - Set McuFinderConnectedMode to false
2022-04-02 10:38:04,145 [INFO] CrossSelectorPresenter:1330 - Cross Selector saved comparison directory: C:\Users\cxson\.stmcufinder\plugins\mcufinder\mcu\cs_comparisons_mx
2022-04-02 10:38:04,145 [INFO] MultiScanPanel:197 - Auto-refresh data requested => check proxy status ongoing
2022-04-02 10:38:04,145 [INFO] MultiScanPanel:201 - Proxy status is invalid
2022-04-02 10:38:04,153 [INFO] FinderPluginLoader:87 - Searching for filters in installed packs
2022-04-02 10:38:04,658 [INFO] DetailPanel:309 - Set advertising image to C:/Users/cxson/STM32Cube/Repository/\en.Prom_NBSTM32U50921.jpg
2022-04-02 10:39:05,702 [INFO] MainUpdater:2671 - connection check result : 10
2022-04-02 10:39:05,702 [INFO] MainUpdater:2671 - connection check result : 10
2022-04-02 10:39:05,774 [INFO] MicroXplorer:448 - Change Database Path : 
2022-04-02 10:39:05,774 [INFO] MicroXplorer:478 - Change Database Version : DB.6.0.30
2022-04-02 10:39:05,774 [WARN] ThirdParty:813 - waiting for thirdparty lock release [close project]
2022-04-02 10:39:05,774 [INFO] ThirdParty:815 - entering critical section [close project]
2022-04-02 10:39:05,774 [INFO] ThirdParty:825 - exiting critical section [close project]
2022-04-02 10:39:05,782 [INFO] PinOutPanel:1463 - setPackage(No Configuration,No Configuration)
2022-04-02 10:39:05,782 [INFO] UtilMem:74 - Begin LoadConfig() Used Memory: 704467328 Bytes (942669824)
2022-04-02 10:39:05,782 [INFO] MicroXplorer:448 - Change Database Path : 
2022-04-02 10:39:05,782 [INFO] MicroXplorer:478 - Change Database Version : DB.6.0.30
2022-04-02 10:39:05,782 [INFO] OpenFileManager:313 - Change cursor
2022-04-02 10:39:07,143 [INFO] Context:592 - Trying to add GPIOservice into a context  which must be forbidden
2022-04-02 10:39:07,533 [INFO] ImportTextPane:167 - (OptionalMessage_ERROR) Unable to find key (Mcu.ThirdPartyNb) in loaded IOC file
2022-04-02 10:39:07,533 [INFO] ImportTextPane:167 - (OptionalMessage_ERROR) Unable to find key (Mcu.PinsNb) in loaded IOC file
2022-04-02 10:39:07,533 [INFO] ImportTextPane:167 - (OptionalMessage_ERROR) Unable to find key (Mcu.IPNb) in loaded IOC file
2022-04-02 10:39:07,863 [WARN] ApiManager:304 - Cannot register API 'Board Extension:IKS01A3' from pack STMicroelectronics.X-CUBE-MEMS1.9.0.0: no header file found
2022-04-02 10:39:07,863 [WARN] ApiManager:304 - Cannot register API 'Board Extension:IKS01A2' from pack STMicroelectronics.X-CUBE-MEMS1.9.0.0: no header file found
2022-04-02 10:39:07,863 [WARN] ApiManager:304 - Cannot register API 'Board Extension:IKS02A1' from pack STMicroelectronics.X-CUBE-MEMS1.9.0.0: no header file found
2022-04-02 10:39:07,919 [WARN] ApiManager:304 - Cannot register API 'Wireless:BlueNRG-MS' from pack STMicroelectronics.X-CUBE-BLE1.6.2.3: no header file found
2022-04-02 10:39:07,919 [INFO] RtosManager:484 - Registered RTOS mode: class=CMSIS, group=RTOS, mode=CMSIS_V1, owner=FREERTOS
2022-04-02 10:39:07,919 [INFO] RtosManager:484 - Registered RTOS mode: class=CMSIS, group=RTOS2, mode=CMSIS_V2, owner=FREERTOS
2022-04-02 10:39:07,927 [INFO] RtosManager:484 - Registered RTOS mode: class=RTOS, group=Core, mode=CMSIS_V1, owner=FREERTOS
2022-04-02 10:39:07,927 [INFO] RtosManager:484 - Registered RTOS mode: class=RTOS, group=Core, mode=CMSIS_V2, owner=FREERTOS
2022-04-02 10:39:07,927 [WARN] ModelIntegratedComponent:181 - Missing modes for component STMicroelectronics:FreeRTOS:0.0.1:STMicroelectronics:RTOS:FreeRTOS:Core:::10.2.0:
2022-04-02 10:39:07,935 [WARN] ApiManager:304 - Cannot register API 'Wireless:BlueNRG-MS' from pack STMicroelectronics.X-CUBE-BLE1.6.2.1: no header file found
2022-04-02 10:39:07,935 [WARN] ApiManager:304 - Cannot register API 'Wireless:BlueNRG-MS' from pack STMicroelectronics.X-CUBE-BLE1.6.2.2: no header file found
2022-04-02 10:39:07,935 [WARN] ApiManager:304 - Cannot register API 'Wireless:BlueNRG-2' from pack STMicroelectronics.X-CUBE-BLE2.3.2.2: no header file found
2022-04-02 10:39:07,935 [WARN] ApiManager:304 - Cannot register API 'Board Extension:NFC04A1' from pack STMicroelectronics.X-CUBE-NFC4.2.0.3: no header file found
2022-04-02 10:39:07,943 [WARN] ApiManager:304 - Cannot register API 'Board Extension:S2868A1' from pack STMicroelectronics.X-CUBE-SFXS2LP1.3.1.0: no header file found
2022-04-02 10:39:07,943 [WARN] ApiManager:304 - Cannot register API 'Board Extension:S2868A2' from pack STMicroelectronics.X-CUBE-SFXS2LP1.3.1.0: no header file found
2022-04-02 10:39:07,943 [WARN] ApiManager:304 - Cannot register API 'Board Extension:S2915A1' from pack STMicroelectronics.X-CUBE-SFXS2LP1.3.1.0: no header file found
2022-04-02 10:39:07,959 [WARN] ModelIntegratedComponent:60 - No mode defined for component null
2022-04-02 10:39:07,959 [WARN] ModelIntegratedComponent:60 - No mode defined for component null
2022-04-02 10:39:07,959 [WARN] ModelIntegratedComponent:60 - No mode defined for component null
2022-04-02 10:39:07,959 [WARN] ModelIntegratedComponent:60 - No mode defined for component null
2022-04-02 10:39:07,959 [WARN] ModelIntegratedComponent:60 - No mode defined for component null
2022-04-02 10:39:07,959 [WARN] ModelIntegratedComponent:60 - No mode defined for component null
2022-04-02 10:39:07,959 [WARN] ModelIntegratedComponent:60 - No mode defined for component null
2022-04-02 10:39:07,959 [WARN] ModelIntegratedComponent:60 - No mode defined for component null
2022-04-02 10:39:07,959 [WARN] ModelIntegratedComponent:60 - No mode defined for component null
2022-04-02 10:39:07,959 [WARN] ModelIntegratedComponent:60 - No mode defined for component null
2022-04-02 10:39:07,959 [WARN] ModelIntegratedComponent:60 - No mode defined for component null
2022-04-02 10:39:07,959 [WARN] ModelIntegratedComponent:60 - No mode defined for component null
2022-04-02 10:39:07,967 [WARN] ModelIntegratedComponent:60 - No mode defined for component null
2022-04-02 10:39:07,967 [WARN] ModelIntegratedComponent:60 - No mode defined for component null
2022-04-02 10:39:07,967 [WARN] ModelIntegratedComponent:60 - No mode defined for component null
2022-04-02 10:39:07,967 [WARN] ModelIntegratedComponent:60 - No mode defined for component null
2022-04-02 10:39:07,967 [WARN] ModelIntegratedComponent:60 - No mode defined for component null
2022-04-02 10:39:07,967 [WARN] ModelIntegratedComponent:60 - No mode defined for component null
2022-04-02 10:39:07,967 [WARN] ModelIntegratedComponent:60 - No mode defined for component null
2022-04-02 10:39:07,967 [WARN] ModelIntegratedComponent:60 - No mode defined for component null
2022-04-02 10:39:07,967 [WARN] ModelIntegratedComponent:60 - No mode defined for component null
2022-04-02 10:39:07,967 [WARN] ModelIntegratedComponent:60 - No mode defined for component null
2022-04-02 10:39:07,967 [WARN] ModelIntegratedComponent:60 - No mode defined for component null
2022-04-02 10:39:07,967 [WARN] ModelIntegratedComponent:60 - No mode defined for component null
2022-04-02 10:39:07,967 [WARN] ModelIntegratedComponent:60 - No mode defined for component null
2022-04-02 10:39:07,967 [WARN] ModelIntegratedComponent:60 - No mode defined for component null
2022-04-02 10:39:07,967 [WARN] ModelIntegratedComponent:60 - No mode defined for component null
2022-04-02 10:39:07,967 [WARN] ModelIntegratedComponent:60 - No mode defined for component null
2022-04-02 10:39:07,967 [WARN] ModelIntegratedComponent:60 - No mode defined for component null
2022-04-02 10:39:07,967 [WARN] ModelIntegratedComponent:60 - No mode defined for component null
2022-04-02 10:39:07,967 [WARN] ModelIntegratedComponent:60 - No mode defined for component null
2022-04-02 10:39:07,967 [WARN] ApiManager:304 - Cannot register API 'Board Extension:NFC07A1' from pack STMicroelectronics.X-CUBE-NFC7.1.0.0: no header file found
2022-04-02 10:39:07,983 [WARN] ApiManager:304 - Cannot register API 'Board Extension:S2868A1' from pack STMicroelectronics.X-CUBE-SUBG2.4.2.0: no header file found
2022-04-02 10:39:07,983 [WARN] ApiManager:304 - Cannot register API 'Board Extension:S2868A2' from pack STMicroelectronics.X-CUBE-SUBG2.4.2.0: no header file found
2022-04-02 10:39:07,983 [WARN] ApiManager:304 - Cannot register API 'Board Extension:S2915A1' from pack STMicroelectronics.X-CUBE-SUBG2.4.2.0: no header file found
2022-04-02 10:39:08,251 [WARN] ApiManager:304 - Cannot register API 'Board Extension:IKS01A3' from pack STMicroelectronics.X-CUBE-MEMS1.9.1.0: no header file found
2022-04-02 10:39:08,251 [WARN] ApiManager:304 - Cannot register API 'Board Extension:IKS01A2' from pack STMicroelectronics.X-CUBE-MEMS1.9.1.0: no header file found
2022-04-02 10:39:08,251 [WARN] ApiManager:304 - Cannot register API 'Board Extension:IKS02A1' from pack STMicroelectronics.X-CUBE-MEMS1.9.1.0: no header file found
2022-04-02 10:39:08,259 [WARN] ApiManager:304 - Cannot register API 'Board Extension:EEPRMA1' from pack STMicroelectronics.X-CUBE-EEPRMA1.3.1.0: no header file found
2022-04-02 10:39:08,259 [WARN] ApiManager:304 - Cannot register API 'Board Extension:EEPRMA2' from pack STMicroelectronics.X-CUBE-EEPRMA1.3.1.0: no header file found
2022-04-02 10:39:08,259 [WARN] ApiManager:304 - Cannot register API 'Board Extension:EEPRMA1' from pack STMicroelectronics.X-CUBE-EEPRMA1.3.1.1: no header file found
2022-04-02 10:39:08,259 [WARN] ApiManager:304 - Cannot register API 'Board Extension:EEPRMA2' from pack STMicroelectronics.X-CUBE-EEPRMA1.3.1.1: no header file found
2022-04-02 10:39:08,259 [WARN] ApiManager:304 - Cannot register API 'Board Extension:GNSS1A1' from pack STMicroelectronics.X-CUBE-GNSS1.5.2.0: no header file found
2022-04-02 10:39:08,259 [WARN] ApiManager:304 - Cannot register API 'Board Support:Custom' from pack STMicroelectronics.X-CUBE-GNSS1.5.2.0: no header file found
2022-04-02 10:39:08,259 [WARN] ApiManager:304 - Cannot register API 'Data Exchange:lib_gnss' from pack STMicroelectronics.X-CUBE-GNSS1.5.2.0: no header file found
2022-04-02 10:39:10,881 [INFO] UtilMem:74 - End LoadConfig() Used Memory: 765425728 Bytes (942669824)
2022-04-02 10:39:10,889 [WARN] ThirdParty:779 - waiting for thirdparty lock release [change project]
2022-04-02 10:39:10,889 [INFO] ThirdParty:781 - entering critical section [change project]
2022-04-02 10:39:10,889 [INFO] ThirdParty:967 - CMSIS Pack Vendor :RoweBots I-CUBE-UNISONRTOS 5.5.0-4
2022-04-02 10:39:10,889 [INFO] ThirdParty:967 - CMSIS Pack Vendor :STMicroelectronics USB_HOST 2.0.0
2022-04-02 10:39:10,889 [INFO] ThirdParty:967 - CMSIS Pack Vendor :STMicroelectronics USB_DEVICE 3.0.0
2022-04-02 10:39:10,889 [INFO] ThirdParty:967 - CMSIS Pack Vendor :STMicroelectronics X-CUBE-MEMS1 9.0.0
2022-04-02 10:39:10,889 [INFO] ThirdParty:967 - CMSIS Pack Vendor :STMicroelectronics USB_DEVICE 2.0.0
2022-04-02 10:39:10,889 [INFO] ThirdParty:967 - CMSIS Pack Vendor :STMicroelectronics X-CUBE-AI 7.1.0
2022-04-02 10:39:10,889 [INFO] ThirdParty:967 - CMSIS Pack Vendor :STMicroelectronics X-CUBE-BLE1 6.2.3
2022-04-02 10:39:10,889 [INFO] ThirdParty:967 - CMSIS Pack Vendor :STMicroelectronics X-CUBE-ALGOBUILD 1.3.0
2022-04-02 10:39:10,889 [INFO] ThirdParty:967 - CMSIS Pack Vendor :STMicroelectronics FreeRTOS 0.0.1
2022-04-02 10:39:10,889 [INFO] ThirdParty:967 - CMSIS Pack Vendor :SEGGER I-CUBE-embOS 1.2.0
2022-04-02 10:39:10,889 [INFO] ThirdParty:967 - CMSIS Pack Vendor :STMicroelectronics lwIP 2.0.3
2022-04-02 10:39:10,889 [INFO] ThirdParty:967 - CMSIS Pack Vendor :STMicroelectronics X-CUBE-BLE1 6.2.1
2022-04-02 10:39:10,889 [INFO] ThirdParty:967 - CMSIS Pack Vendor :STMicroelectronics X-CUBE-BLE1 6.2.2
2022-04-02 10:39:10,889 [INFO] ThirdParty:967 - CMSIS Pack Vendor :STMicroelectronics X-CUBE-BLE2 3.2.2
2022-04-02 10:39:10,889 [INFO] ThirdParty:967 - CMSIS Pack Vendor :STMicroelectronics USB_HOST 1.0.0
2022-04-02 10:39:10,889 [INFO] ThirdParty:967 - CMSIS Pack Vendor :STMicroelectronics X-CUBE-NFC4 2.0.3
2022-04-02 10:39:10,889 [INFO] ThirdParty:967 - CMSIS Pack Vendor :wolfSSL I-CUBE-wolfSSL 4.8.0
2022-04-02 10:39:10,889 [INFO] ThirdParty:967 - CMSIS Pack Vendor :STMicroelectronics PDM2PCM 3.1.0
2022-04-02 10:39:10,889 [INFO] ThirdParty:967 - CMSIS Pack Vendor :STMicroelectronics X-CUBE-TOUCHGFX 4.19.0
2022-04-02 10:39:10,889 [INFO] ThirdParty:967 - CMSIS Pack Vendor :STMicroelectronics PDM2PCM 3.3.0
2022-04-02 10:39:10,889 [INFO] ThirdParty:967 - CMSIS Pack Vendor :STMicroelectronics X-CUBE-SFXS2LP1 3.1.0
2022-04-02 10:39:10,889 [INFO] ThirdParty:967 - CMSIS Pack Vendor :STMicroelectronics X-CUBE-AZRTOS-F4 1.0.0
2022-04-02 10:39:10,889 [INFO] ThirdParty:967 - CMSIS Pack Vendor :STMicroelectronics X-CUBE-AZRTOS-H7 2.0.0
2022-04-02 10:39:10,889 [INFO] ThirdParty:967 - CMSIS Pack Vendor :STMicroelectronics X-CUBE-AZRTOS-G4 1.0.0
2022-04-02 10:39:10,889 [INFO] ThirdParty:967 - CMSIS Pack Vendor :STMicroelectronics X-CUBE-AZRTOS-L4 1.0.0
2022-04-02 10:39:10,889 [INFO] ThirdParty:967 - CMSIS Pack Vendor :STMicroelectronics X-CUBE-TOF1 2.0.0
2022-04-02 10:39:10,889 [INFO] ThirdParty:967 - CMSIS Pack Vendor :STMicroelectronics HAL Drivers 0.0.0
2022-04-02 10:39:10,889 [INFO] ThirdParty:967 - CMSIS Pack Vendor :STMicroelectronics MBEDTLS 2.16.2
2022-04-02 10:39:10,889 [INFO] ThirdParty:967 - CMSIS Pack Vendor :emotas I-CUBE-CANOPEN 1.1.2
2022-04-02 10:39:10,889 [INFO] ThirdParty:967 - CMSIS Pack Vendor :STMicroelectronics MBEDTLS 2.14.1
2022-04-02 10:39:10,889 [INFO] ThirdParty:967 - CMSIS Pack Vendor :STMicroelectronics X-CUBE-NFC7 1.0.0
2022-04-02 10:39:10,889 [INFO] ThirdParty:967 - CMSIS Pack Vendor :STMicroelectronics X-CUBE-AZRTOS-F7 1.0.0
2022-04-02 10:39:10,889 [INFO] ThirdParty:967 - CMSIS Pack Vendor :STMicroelectronics X-CUBE-AZRTOS-WL 1.0.0
2022-04-02 10:39:10,889 [INFO] ThirdParty:967 - CMSIS Pack Vendor :STMicroelectronics X-CUBE-SUBG2 4.2.0
2022-04-02 10:39:10,889 [INFO] ThirdParty:967 - CMSIS Pack Vendor :STMicroelectronics X-CUBE-MEMS1 9.1.0
2022-04-02 10:39:10,889 [INFO] ThirdParty:967 - CMSIS Pack Vendor :portGmbH I-Cube-SoM-uGOAL 1.1.0
2022-04-02 10:39:10,889 [INFO] ThirdParty:967 - CMSIS Pack Vendor :STMicroelectronics X-CUBE-ALS 1.0.1
2022-04-02 10:39:10,889 [INFO] ThirdParty:967 - CMSIS Pack Vendor :STMicroelectronics X-CUBE-AI 7.0.0
2022-04-02 10:39:10,889 [INFO] ThirdParty:967 - CMSIS Pack Vendor :STMicroelectronics X-CUBE-ALGOBUILD 1.2.1
2022-04-02 10:39:10,889 [INFO] ThirdParty:967 - CMSIS Pack Vendor :STMicroelectronics X-CUBE-AZRTOS-L5 1.0.0
2022-04-02 10:39:10,889 [INFO] ThirdParty:967 - CMSIS Pack Vendor :STMicroelectronics USB_DEVICE 1.0.0
2022-04-02 10:39:10,889 [INFO] ThirdParty:967 - CMSIS Pack Vendor :STMicroelectronics X-CUBE-EEPRMA1 3.1.0
2022-04-02 10:39:10,889 [INFO] ThirdParty:967 - CMSIS Pack Vendor :STMicroelectronics X-CUBE-AZRTOS-G0 1.0.0
2022-04-02 10:39:10,889 [INFO] ThirdParty:967 - CMSIS Pack Vendor :STMicroelectronics X-CUBE-EEPRMA1 3.1.1
2022-04-02 10:39:10,889 [INFO] ThirdParty:967 - CMSIS Pack Vendor :STMicroelectronics X-CUBE-GNSS1 5.2.0
2022-04-02 10:39:10,889 [INFO] ThirdParty:967 - CMSIS Pack Vendor :STMicroelectronics ThreadX 0.0.2
2022-04-02 10:39:10,889 [INFO] ThirdParty:967 - CMSIS Pack Vendor :STMicroelectronics lwIP 2.1.2
2022-04-02 10:39:10,889 [INFO] ThirdParty:967 - CMSIS Pack Vendor :STMicroelectronics X-CUBE-DISPLAY 2.0.0
2022-04-02 10:39:10,889 [INFO] ThirdParty:967 - CMSIS Pack Vendor :STMicroelectronics X-CUBE-DISPLAY 2.0.1
2022-04-02 10:39:10,889 [INFO] ThirdParty:967 - CMSIS Pack Vendor :STMicroelectronics PDM2PCM 3.2.0
2022-04-02 10:39:10,889 [INFO] ThirdParty:967 - CMSIS Pack Vendor :STMicroelectronics X-CUBE-TOUCHGFX 4.18.1
2022-04-02 10:39:10,889 [INFO] ThirdParty:967 - CMSIS Pack Vendor :STMicroelectronics X-CUBE-TOF1 3.0.0
2022-04-02 10:39:10,889 [INFO] ThirdParty:967 - CMSIS Pack Vendor :STMicroelectronics X-CUBE-TOUCHGFX 4.18.0
2022-04-02 10:39:10,889 [INFO] ThirdParty:787 - exiting critical section [change project]
2022-04-02 10:39:11,137 [INFO] PinOutPanel:1463 - setPackage(No Configuration,No Configuration)
2022-04-02 10:39:11,137 [INFO] PinOutPanel:1463 - setPackage(STM32F103RBTx,LQFP64)
2022-04-02 10:39:11,652 [INFO] UtilMem:74 - Before build in PCC Used Memory: 627308776 Bytes (942669824)
2022-04-02 10:39:12,475 [INFO] UtilMem:74 - After build in PCC Used Memory: 706474216 Bytes (942669824)
2022-04-02 10:39:12,499 [INFO] IPUIPlugin:74 - create IPUIPlugin
2022-04-02 10:39:12,499 [INFO] IPUIPlugin:74 - create IPUIPlugin
2022-04-02 10:39:12,499 [INFO] IPUIPlugin:74 - create IPUIPlugin
2022-04-02 10:39:12,499 [INFO] IPUIPlugin:74 - create IPUIPlugin
2022-04-02 10:39:12,499 [INFO] IPUIPlugin:74 - create IPUIPlugin
2022-04-02 10:39:12,499 [INFO] IPUIPlugin:74 - create IPUIPlugin
2022-04-02 10:39:12,499 [INFO] IPUIPlugin:74 - create IPUIPlugin
2022-04-02 10:39:12,499 [INFO] IPUIPlugin:74 - create IPUIPlugin
2022-04-02 10:39:12,499 [INFO] IPUIPlugin:74 - create IPUIPlugin
2022-04-02 10:39:12,499 [INFO] IPUIPlugin:74 - create IPUIPlugin
2022-04-02 10:39:12,499 [INFO] IPUIPlugin:74 - create IPUIPlugin
2022-04-02 10:39:12,499 [INFO] IPUIPlugin:74 - create IPUIPlugin
2022-04-02 10:39:12,499 [INFO] IPUIPlugin:74 - create IPUIPlugin
2022-04-02 10:39:12,507 [INFO] IPUIPlugin:74 - create IPUIPlugin
2022-04-02 10:39:12,507 [INFO] IPUIPlugin:74 - create IPUIPlugin
2022-04-02 10:39:12,507 [INFO] IPUIPlugin:74 - create IPUIPlugin
2022-04-02 10:39:12,507 [INFO] IPUIPlugin:74 - create IPUIPlugin
2022-04-02 10:39:12,507 [INFO] IPUIPlugin:74 - create IPUIPlugin
2022-04-02 10:39:12,507 [INFO] IPUIPlugin:74 - create IPUIPlugin
2022-04-02 10:39:12,507 [INFO] IPUIPlugin:74 - create IPUIPlugin
2022-04-02 10:39:12,507 [INFO] IPUIPlugin:74 - create IPUIPlugin
2022-04-02 10:39:12,507 [INFO] IPUIPlugin:74 - create IPUIPlugin
2022-04-02 10:39:12,507 [INFO] IPUIPlugin:74 - create IPUIPlugin
2022-04-02 10:39:12,507 [INFO] IPUIPlugin:74 - create IPUIPlugin
2022-04-02 10:39:12,507 [INFO] IPUIPlugin:74 - create IPUIPlugin
2022-04-02 10:39:12,507 [INFO] IPUIPlugin:74 - create IPUIPlugin
2022-04-02 10:39:12,507 [INFO] IPUIPlugin:74 - create IPUIPlugin
2022-04-02 10:39:12,659 [INFO] OpenFileManager:333 - Restore cursor
2022-04-02 10:39:12,947 [INFO] UtilMem:74 - End SaveConfig() Used Memory: 780400872 Bytes (942669824)
2022-04-02 10:39:13,003 [INFO] UtilMem:74 - End SaveConfig() Used Memory: 795382120 Bytes (942669824)
2022-04-02 10:39:13,486 [INFO] BlockDiagram:2740 - set Specific Code input for plugin: NVIC
2022-04-02 10:39:13,486 [INFO] BlockDiagram:2740 - set Specific Code input for plugin: SYS
2022-04-02 10:39:13,494 [INFO] BlockDiagram:2740 - set Specific Code input for plugin: RCC
2022-04-02 10:39:13,494 [INFO] CodeGenerator:663 - code generatio: config db path: C:\ST\STM32CubeIDE_1.7.0\STM32CubeIDE\plugins\com.st.stm32cube.common.mx_6.3.0.202107141111\\db\
2022-04-02 10:39:14,016 [INFO] CodeEngine:239 - oldGeneratedFile, C:\Users\cxson\OneDrive\Desktop\Documents\SUBC_2021\DAQ-STM\depth_sensor\MXTmpFiles\license.tmp_save
2022-04-02 10:39:14,394 [INFO] CodeEngine:257 - Generated code: C:\Users\cxson\OneDrive\Desktop\Documents\SUBC_2021\DAQ-STM\depth_sensor\MXTmpFiles\license.tmp
2022-04-02 10:39:14,540 [INFO] CodeEngine:239 - oldGeneratedFile, C:\Users\cxson\OneDrive\Desktop\Documents\SUBC_2021\DAQ-STM\depth_sensor\Core\Src\stm32f1xx_it.c_save
2022-04-02 10:39:14,716 [INFO] CodeEngine:257 - Generated code: C:\Users\cxson\OneDrive\Desktop\Documents\SUBC_2021\DAQ-STM\depth_sensor\Core\Src\stm32f1xx_it.c
2022-04-02 10:39:14,732 [INFO] CodeEngine:239 - oldGeneratedFile, C:\Users\cxson\OneDrive\Desktop\Documents\SUBC_2021\DAQ-STM\depth_sensor\Core\Inc\stm32f1xx_it.h_save
2022-04-02 10:39:14,796 [INFO] CodeEngine:257 - Generated code: C:\Users\cxson\OneDrive\Desktop\Documents\SUBC_2021\DAQ-STM\depth_sensor\Core\Inc\stm32f1xx_it.h
2022-04-02 10:39:14,820 [INFO] CodeEngine:239 - oldGeneratedFile, C:\Users\cxson\OneDrive\Desktop\Documents\SUBC_2021\DAQ-STM\depth_sensor\Core\Src\stm32f1xx_hal_msp.c_save
2022-04-02 10:39:14,916 [INFO] CodeEngine:257 - Generated code: C:\Users\cxson\OneDrive\Desktop\Documents\SUBC_2021\DAQ-STM\depth_sensor\Core\Src\stm32f1xx_hal_msp.c
2022-04-02 10:39:14,926 [INFO] CodeEngine:239 - oldGeneratedFile, C:\Users\cxson\OneDrive\Desktop\Documents\SUBC_2021\DAQ-STM\depth_sensor\MXTmpFiles\system.tmp_save
2022-04-02 10:39:15,014 [INFO] CodeEngine:257 - Generated code: C:\Users\cxson\OneDrive\Desktop\Documents\SUBC_2021\DAQ-STM\depth_sensor\MXTmpFiles\system.tmp
2022-04-02 10:39:15,030 [INFO] CodeEngine:239 - oldGeneratedFile, C:\Users\cxson\OneDrive\Desktop\Documents\SUBC_2021\DAQ-STM\depth_sensor\Core\Inc\stm32f1xx_hal_conf.h_save
2022-04-02 10:39:15,110 [INFO] CodeEngine:257 - Generated code: C:\Users\cxson\OneDrive\Desktop\Documents\SUBC_2021\DAQ-STM\depth_sensor\Core\Inc\stm32f1xx_hal_conf.h
2022-04-02 10:39:15,158 [INFO] CodeEngine:239 - oldGeneratedFile, C:\Users\cxson\OneDrive\Desktop\Documents\SUBC_2021\DAQ-STM\depth_sensor\Core\Inc\main.h_save
2022-04-02 10:39:15,238 [INFO] CodeEngine:257 - Generated code: C:\Users\cxson\OneDrive\Desktop\Documents\SUBC_2021\DAQ-STM\depth_sensor\Core\Inc\main.h
2022-04-02 10:39:15,246 [INFO] CodeEngine:239 - oldGeneratedFile, C:\Users\cxson\OneDrive\Desktop\Documents\SUBC_2021\DAQ-STM\depth_sensor\Core\Src\main.c_save
2022-04-02 10:39:15,390 [INFO] CodeEngine:257 - Generated code: C:\Users\cxson\OneDrive\Desktop\Documents\SUBC_2021\DAQ-STM\depth_sensor\Core\Src\main.c
2022-04-02 10:39:16,960 [INFO] ProjectBuilder:2578 - Time for Copy HAL[1] : 414mS.
2022-04-02 10:39:16,968 [INFO] ProjectBuilder:3622 - Project Generator version: 3.14.1
2022-04-02 10:39:17,670 [INFO] ConfigFileManager:1271 - The Die is : DIE410
2022-04-02 10:39:17,701 [INFO] ApiDbMcu:468 - Load IP Config File for FATFS
2022-04-02 10:39:17,749 [INFO] ApiDbMcu:468 - Load IP Config File for FREERTOS
2022-04-02 10:39:17,829 [INFO] ApiDbMcu:468 - Load IP Config File for USB_DEVICE
2022-04-02 10:39:28,008 [INFO] ProjectBuilder:3789 - Time for Generating toolchain IDE Files: 11040mS.
2022-04-02 10:39:28,008 [INFO] ProjectBuilder:2457 - Time for Copy CMSIS : 0mS.
2022-04-02 10:39:28,016 [INFO] ProjectBuilder:2457 - Time for Copy CMSIS : 0mS.
2022-04-02 10:39:28,880 [INFO] McuFinderGlobals:52 - Set McuFinderConnectedMode to true
2022-04-02 10:39:28,888 [INFO] ApiDb:276 - Save user favorites file C:\Users\cxson/.stm32cubeide/favorites.mcus.txt: 0 item(s)
2022-04-02 10:39:28,888 [INFO] ApiDb:280 - User favorites MCUs=[]
2022-04-02 10:50:02,047 [WARN] IP:2125 - I2C_Coeff_DF not found: check if there is a RefParameter without a condition.
2022-04-02 10:50:02,048 [WARN] IP:2125 - Analog_Filter not found: check if there is a RefParameter without a condition.
2022-04-02 10:50:02,101 [WARN] IP:2125 - I2C_Coeff_DF not found: check if there is a RefParameter without a condition.
2022-04-02 10:50:02,101 [WARN] IP:2125 - Analog_Filter not found: check if there is a RefParameter without a condition.
2022-04-02 10:50:02,101 [WARN] IP:2125 - I2C_Coeff_DF not found: check if there is a RefParameter without a condition.
2022-04-02 10:50:02,101 [WARN] IP:2125 - Analog_Filter not found: check if there is a RefParameter without a condition.
2022-04-02 10:50:02,125 [WARN] IP:2125 - I2C_Coeff_DF not found: check if there is a RefParameter without a condition.
2022-04-02 10:50:02,125 [WARN] IP:2125 - Analog_Filter not found: check if there is a RefParameter without a condition.
2022-04-02 10:50:02,125 [WARN] IP:2125 - I2C_Coeff_DF not found: check if there is a RefParameter without a condition.
2022-04-02 10:50:02,125 [WARN] IP:2125 - Analog_Filter not found: check if there is a RefParameter without a condition.
2022-04-02 10:50:02,148 [WARN] IP:2125 - I2C_Coeff_DF not found: check if there is a RefParameter without a condition.
2022-04-02 10:50:02,148 [WARN] IP:2125 - Analog_Filter not found: check if there is a RefParameter without a condition.
2022-04-02 10:50:02,149 [WARN] IP:2125 - I2C_Coeff_DF not found: check if there is a RefParameter without a condition.
2022-04-02 10:50:02,149 [WARN] IP:2125 - Analog_Filter not found: check if there is a RefParameter without a condition.
2022-04-02 10:50:02,615 [WARN] IP:2125 - I2C_Coeff_DF not found: check if there is a RefParameter without a condition.
2022-04-02 10:50:02,615 [WARN] IP:2125 - Analog_Filter not found: check if there is a RefParameter without a condition.
2022-04-02 10:50:02,631 [WARN] IP:2125 - I2C_Coeff_DF not found: check if there is a RefParameter without a condition.
2022-04-02 10:50:02,631 [WARN] IP:2125 - Analog_Filter not found: check if there is a RefParameter without a condition.
2022-04-02 10:50:02,651 [WARN] IP:2125 - I2C_Coeff_DF not found: check if there is a RefParameter without a condition.
2022-04-02 10:50:02,659 [WARN] IP:2125 - Analog_Filter not found: check if there is a RefParameter without a condition.
2022-04-02 10:50:43,240 [WARN] IP:2125 - I2C_Coeff_DF not found: check if there is a RefParameter without a condition.
2022-04-02 10:50:43,240 [WARN] IP:2125 - Analog_Filter not found: check if there is a RefParameter without a condition.
2022-04-02 10:50:43,240 [WARN] IP:2125 - I2C_Coeff_DF not found: check if there is a RefParameter without a condition.
2022-04-02 10:50:43,240 [WARN] IP:2125 - Analog_Filter not found: check if there is a RefParameter without a condition.
2022-04-02 10:50:43,256 [WARN] IP:2125 - I2C_Coeff_DF not found: check if there is a RefParameter without a condition.
2022-04-02 10:50:43,256 [WARN] IP:2125 - Analog_Filter not found: check if there is a RefParameter without a condition.
2022-04-02 10:50:43,274 [WARN] IP:2125 - I2C_Coeff_DF not found: check if there is a RefParameter without a condition.
2022-04-02 10:50:43,281 [WARN] IP:2125 - Analog_Filter not found: check if there is a RefParameter without a condition.
2022-04-02 10:50:43,359 [WARN] IP:2125 - I2C_Coeff_DF not found: check if there is a RefParameter without a condition.
2022-04-02 10:50:43,359 [WARN] IP:2125 - Analog_Filter not found: check if there is a RefParameter without a condition.
2022-04-02 10:50:43,364 [WARN] IP:2125 - I2C_Coeff_DF not found: check if there is a RefParameter without a condition.
2022-04-02 10:50:43,364 [WARN] IP:2125 - Analog_Filter not found: check if there is a RefParameter without a condition.
2022-04-02 10:50:46,638 [WARN] IP:2125 - I2C_Coeff_DF not found: check if there is a RefParameter without a condition.
2022-04-02 10:50:46,639 [WARN] IP:2125 - Analog_Filter not found: check if there is a RefParameter without a condition.
2022-04-02 10:50:46,639 [WARN] IP:2125 - I2C_Coeff_DF not found: check if there is a RefParameter without a condition.
2022-04-02 10:50:46,640 [WARN] IP:2125 - Analog_Filter not found: check if there is a RefParameter without a condition.
2022-04-02 10:50:46,657 [WARN] IP:2125 - I2C_Coeff_DF not found: check if there is a RefParameter without a condition.
2022-04-02 10:50:46,657 [WARN] IP:2125 - Analog_Filter not found: check if there is a RefParameter without a condition.
2022-04-02 10:50:46,673 [WARN] IP:2125 - I2C_Coeff_DF not found: check if there is a RefParameter without a condition.
2022-04-02 10:50:46,673 [WARN] IP:2125 - Analog_Filter not found: check if there is a RefParameter without a condition.
2022-04-02 10:50:46,736 [WARN] IP:2125 - I2C_Coeff_DF not found: check if there is a RefParameter without a condition.
2022-04-02 10:50:46,736 [WARN] IP:2125 - Analog_Filter not found: check if there is a RefParameter without a condition.
2022-04-02 10:50:46,742 [WARN] IP:2125 - I2C_Coeff_DF not found: check if there is a RefParameter without a condition.
2022-04-02 10:50:46,742 [WARN] IP:2125 - Analog_Filter not found: check if there is a RefParameter without a condition.
2022-04-02 10:50:59,936 [WARN] IP:2125 - I2C_Coeff_DF not found: check if there is a RefParameter without a condition.
2022-04-02 10:50:59,936 [WARN] IP:2125 - Analog_Filter not found: check if there is a RefParameter without a condition.
2022-04-02 10:50:59,943 [WARN] IP:2125 - I2C_Coeff_DF not found: check if there is a RefParameter without a condition.
2022-04-02 10:50:59,943 [WARN] IP:2125 - Analog_Filter not found: check if there is a RefParameter without a condition.
2022-04-02 10:51:05,455 [WARN] IP:2125 - I2C_Coeff_DF not found: check if there is a RefParameter without a condition.
2022-04-02 10:51:05,455 [WARN] IP:2125 - Analog_Filter not found: check if there is a RefParameter without a condition.
2022-04-02 10:51:05,495 [WARN] IP:2125 - I2C_Coeff_DF not found: check if there is a RefParameter without a condition.
2022-04-02 10:51:05,495 [WARN] IP:2125 - Analog_Filter not found: check if there is a RefParameter without a condition.
2022-04-02 10:51:05,496 [WARN] IP:2125 - I2C_Coeff_DF not found: check if there is a RefParameter without a condition.
2022-04-02 10:51:05,496 [WARN] IP:2125 - Analog_Filter not found: check if there is a RefParameter without a condition.
2022-04-02 10:51:05,514 [WARN] IP:2125 - I2C_Coeff_DF not found: check if there is a RefParameter without a condition.
2022-04-02 10:51:05,518 [WARN] IP:2125 - Analog_Filter not found: check if there is a RefParameter without a condition.
2022-04-02 10:51:05,519 [WARN] IP:2125 - I2C_Coeff_DF not found: check if there is a RefParameter without a condition.
2022-04-02 10:51:05,519 [WARN] IP:2125 - Analog_Filter not found: check if there is a RefParameter without a condition.
2022-04-02 10:51:05,537 [WARN] IP:2125 - I2C_Coeff_DF not found: check if there is a RefParameter without a condition.
2022-04-02 10:51:05,537 [WARN] IP:2125 - Analog_Filter not found: check if there is a RefParameter without a condition.
2022-04-02 10:51:05,537 [WARN] IP:2125 - I2C_Coeff_DF not found: check if there is a RefParameter without a condition.
2022-04-02 10:51:05,537 [WARN] IP:2125 - Analog_Filter not found: check if there is a RefParameter without a condition.
2022-04-02 10:51:05,635 [WARN] IP:2125 - I2C_Coeff_DF not found: check if there is a RefParameter without a condition.
2022-04-02 10:51:05,635 [WARN] IP:2125 - Analog_Filter not found: check if there is a RefParameter without a condition.
2022-04-02 10:51:05,636 [WARN] IP:2125 - I2C_Coeff_DF not found: check if there is a RefParameter without a condition.
2022-04-02 10:51:05,636 [WARN] IP:2125 - Analog_Filter not found: check if there is a RefParameter without a condition.
2022-04-02 10:51:05,645 [WARN] IP:2125 - I2C_Coeff_DF not found: check if there is a RefParameter without a condition.
2022-04-02 10:51:05,645 [WARN] IP:2125 - Analog_Filter not found: check if there is a RefParameter without a condition.
2022-04-02 10:51:44,858 [INFO] UtilMem:74 - End SaveConfig() Used Memory: 725547816 Bytes (1013972992)
2022-04-02 10:51:46,585 [INFO] UtilMem:74 - End SaveConfig() Used Memory: 752035728 Bytes (1013972992)
2022-04-02 10:51:51,038 [INFO] UtilMem:74 - End SaveConfig() Used Memory: 647289264 Bytes (1013972992)
2022-04-02 10:51:51,558 [INFO] BlockDiagram:2740 - set Specific Code input for plugin: NVIC
2022-04-02 10:51:51,558 [INFO] BlockDiagram:2740 - set Specific Code input for plugin: SYS
2022-04-02 10:51:51,558 [INFO] BlockDiagram:2740 - set Specific Code input for plugin: GPIO
2022-04-02 10:51:51,558 [INFO] BlockDiagram:2740 - set Specific Code input for plugin: RCC
2022-04-02 10:51:51,559 [INFO] BlockDiagram:2740 - set Specific Code input for plugin: I2C
2022-04-02 10:51:51,560 [INFO] CodeGenerator:663 - code generatio: config db path: C:\ST\STM32CubeIDE_1.7.0\STM32CubeIDE\plugins\com.st.stm32cube.common.mx_6.3.0.202107141111\\db\
2022-04-02 10:51:51,562 [WARN] IP:2125 - I2C_Coeff_DF not found: check if there is a RefParameter without a condition.
2022-04-02 10:51:51,562 [WARN] IP:2125 - Analog_Filter not found: check if there is a RefParameter without a condition.
2022-04-02 10:51:52,454 [INFO] CodeEngine:239 - oldGeneratedFile, C:\Users\cxson\OneDrive\Desktop\Documents\SUBC_2021\DAQ-STM\depth_sensor\MXTmpFiles\license.tmp_save
2022-04-02 10:51:52,561 [INFO] CodeEngine:257 - Generated code: C:\Users\cxson\OneDrive\Desktop\Documents\SUBC_2021\DAQ-STM\depth_sensor\MXTmpFiles\license.tmp
2022-04-02 10:51:52,678 [INFO] CodeEngine:239 - oldGeneratedFile, C:\Users\cxson\OneDrive\Desktop\Documents\SUBC_2021\DAQ-STM\depth_sensor\MXTmpFiles\gpio.tmp_save
2022-04-02 10:51:52,786 [INFO] CodeEngine:257 - Generated code: C:\Users\cxson\OneDrive\Desktop\Documents\SUBC_2021\DAQ-STM\depth_sensor\MXTmpFiles\gpio.tmp
2022-04-02 10:51:52,820 [ERROR] IPConfigManager:1513 - ERROR: the RefConfig I2C_Analogue is not available in your config.xml file
2022-04-02 10:51:52,820 [ERROR] IPConfigManager:1513 - ERROR: the RefConfig I2C_DigitalFolter is not available in your config.xml file
2022-04-02 10:51:52,935 [INFO] CodeEngine:239 - oldGeneratedFile, C:\Users\cxson\OneDrive\Desktop\Documents\SUBC_2021\DAQ-STM\depth_sensor\Core\Src\stm32f1xx_it.c_save
2022-04-02 10:51:53,116 [INFO] CodeEngine:257 - Generated code: C:\Users\cxson\OneDrive\Desktop\Documents\SUBC_2021\DAQ-STM\depth_sensor\Core\Src\stm32f1xx_it.c
2022-04-02 10:51:53,127 [INFO] CodeEngine:239 - oldGeneratedFile, C:\Users\cxson\OneDrive\Desktop\Documents\SUBC_2021\DAQ-STM\depth_sensor\Core\Inc\stm32f1xx_it.h_save
2022-04-02 10:51:53,252 [INFO] CodeEngine:257 - Generated code: C:\Users\cxson\OneDrive\Desktop\Documents\SUBC_2021\DAQ-STM\depth_sensor\Core\Inc\stm32f1xx_it.h
2022-04-02 10:51:53,289 [INFO] CodeEngine:239 - oldGeneratedFile, C:\Users\cxson\OneDrive\Desktop\Documents\SUBC_2021\DAQ-STM\depth_sensor\Core\Src\stm32f1xx_hal_msp.c_save
2022-04-02 10:51:53,484 [INFO] CodeEngine:257 - Generated code: C:\Users\cxson\OneDrive\Desktop\Documents\SUBC_2021\DAQ-STM\depth_sensor\Core\Src\stm32f1xx_hal_msp.c
2022-04-02 10:51:53,499 [INFO] CodeEngine:239 - oldGeneratedFile, C:\Users\cxson\OneDrive\Desktop\Documents\SUBC_2021\DAQ-STM\depth_sensor\MXTmpFiles\system.tmp_save
2022-04-02 10:51:53,706 [INFO] CodeEngine:257 - Generated code: C:\Users\cxson\OneDrive\Desktop\Documents\SUBC_2021\DAQ-STM\depth_sensor\MXTmpFiles\system.tmp
2022-04-02 10:51:53,747 [INFO] CodeEngine:239 - oldGeneratedFile, C:\Users\cxson\OneDrive\Desktop\Documents\SUBC_2021\DAQ-STM\depth_sensor\Core\Inc\stm32f1xx_hal_conf.h_save
2022-04-02 10:51:53,984 [INFO] CodeEngine:257 - Generated code: C:\Users\cxson\OneDrive\Desktop\Documents\SUBC_2021\DAQ-STM\depth_sensor\Core\Inc\stm32f1xx_hal_conf.h
2022-04-02 10:51:54,054 [INFO] CodeEngine:239 - oldGeneratedFile, C:\Users\cxson\OneDrive\Desktop\Documents\SUBC_2021\DAQ-STM\depth_sensor\Core\Inc\main.h_save
2022-04-02 10:51:54,201 [INFO] CodeEngine:257 - Generated code: C:\Users\cxson\OneDrive\Desktop\Documents\SUBC_2021\DAQ-STM\depth_sensor\Core\Inc\main.h
2022-04-02 10:51:54,228 [INFO] CodeEngine:239 - oldGeneratedFile, C:\Users\cxson\OneDrive\Desktop\Documents\SUBC_2021\DAQ-STM\depth_sensor\Core\Src\main.c_save
2022-04-02 10:51:54,670 [INFO] CodeEngine:257 - Generated code: C:\Users\cxson\OneDrive\Desktop\Documents\SUBC_2021\DAQ-STM\depth_sensor\Core\Src\main.c
2022-04-02 10:51:56,472 [INFO] ProjectBuilder:2578 - Time for Copy HAL[1] : 363mS.
2022-04-02 10:51:56,477 [INFO] ProjectBuilder:3622 - Project Generator version: 3.14.1
2022-04-02 10:51:57,242 [INFO] ConfigFileManager:1271 - The Die is : DIE410
2022-04-02 10:52:01,095 [INFO] ProjectBuilder:3789 - Time for Generating toolchain IDE Files: 4618mS.
2022-04-02 10:52:01,098 [INFO] ProjectBuilder:2457 - Time for Copy CMSIS : 3mS.
2022-04-02 10:52:01,102 [INFO] ProjectBuilder:2457 - Time for Copy CMSIS : 0mS.
2022-04-16 10:28:19,185 [INFO] Activator:177 - 


2022-04-16 10:28:19,189 [INFO] Activator:178 - !SESSION log4j initialized
